        -:    0:Source:/home/nermy/Desktop/ECE493-Lab/src/services/auth_service.cpp
        -:    0:Graph:build/CMakeFiles/cms_core.dir/src/services/auth_service.cpp.gcno
        -:    0:Data:build/CMakeFiles/cms_core.dir/src/services/auth_service.cpp.gcda
        -:    0:Runs:7
        -:    1:#include "services/auth_service.hpp"
        -:    2:
        -:    3:#include "lib/validation.hpp"
        -:    4:
        -:    5:namespace cms::services {
        -:    6:
function _ZN3cms8services11AuthService8RegisterERKNS0_15RegisterRequestE called 15 returned 100% blocks executed 50%
       15:    7:RegisterResult AuthService::Register(const RegisterRequest& request) {
       28:    8:  if (cms::lib::IsBlank(request.name) || cms::lib::IsBlank(request.username) ||
call    0 returned 15
branch  1 taken 15 (fallthrough)
branch  2 taken 0 (throw)
call    3 returned 13
branch  4 taken 13 (fallthrough)
branch  5 taken 0 (throw)
branch  6 taken 13 (fallthrough)
branch  7 taken 0
       28:    9:      cms::lib::IsBlank(request.email) || cms::lib::IsBlank(request.password)) {
branch  0 taken 13 (fallthrough)
branch  1 taken 2
call    2 returned 13
branch  3 taken 13 (fallthrough)
branch  4 taken 0 (throw)
branch  5 taken 13 (fallthrough)
branch  6 taken 0
call    7 returned 13
branch  8 taken 13 (fallthrough)
branch  9 taken 0 (throw)
branch 10 taken 0 (fallthrough)
branch 11 taken 13
branch 12 taken 2 (fallthrough)
branch 13 taken 13
        2:   10:    return {RegisterStatus::kMissingRequiredFields, "missing required fields", {0, "", "", "", ""}};
        -:   11:  }
        -:   12:
       13:   13:  if (!cms::lib::IsValidEmailFormat(request.email)) {
call    0 returned 13
branch  1 taken 13 (fallthrough)
branch  2 taken 0 (throw)
branch  3 taken 1 (fallthrough)
branch  4 taken 12
        1:   14:    return {RegisterStatus::kInvalidEmailFormat, "invalid email format", {0, "", "", "", ""}};
        -:   15:  }
        -:   16:
       12:   17:  if (!cms::lib::IsPasswordComplex(request.password)) {
call    0 returned 12
branch  1 taken 12 (fallthrough)
branch  2 taken 0 (throw)
branch  3 taken 1 (fallthrough)
branch  4 taken 11
        -:   18:    return {RegisterStatus::kWeakPassword, "password does not meet complexity rules",
        1:   19:            {0, "", "", "", ""}};
        -:   20:  }
        -:   21:
       11:   22:  if (repository_->EmailExists(request.email)) {
call    0 returned 11
branch  1 taken 11 (fallthrough)
branch  2 taken 0 (throw)
branch  3 taken 2 (fallthrough)
branch  4 taken 9
        2:   23:    return {RegisterStatus::kDuplicateEmail, "email already registered", {0, "", "", "", ""}};
        -:   24:  }
        -:   25:
        9:   26:  auto account = repository_->Create(request.name, request.username, request.email, request.password);
call    0 returned 9
branch  1 taken 9 (fallthrough)
branch  2 taken 0 (throw)
        9:   27:  return {RegisterStatus::kCreated, "account created", account};
       69:   28:}
call    0 returned 2
branch  1 taken 2 (fallthrough)
branch  2 taken 0 (throw)
call    3 returned 2
branch  4 taken 2 (fallthrough)
branch  5 taken 0 (throw)
call    6 returned 2
branch  7 taken 2 (fallthrough)
branch  8 taken 0 (throw)
call    9 returned 2
branch 10 taken 2 (fallthrough)
branch 11 taken 0 (throw)
call   12 returned 2
branch 13 taken 2 (fallthrough)
branch 14 taken 0 (throw)
call   15 returned 1
branch 16 taken 1 (fallthrough)
branch 17 taken 0 (throw)
call   18 returned 1
branch 19 taken 1 (fallthrough)
branch 20 taken 0 (throw)
call   21 returned 1
branch 22 taken 1 (fallthrough)
branch 23 taken 0 (throw)
call   24 returned 1
branch 25 taken 1 (fallthrough)
branch 26 taken 0 (throw)
call   27 returned 1
branch 28 taken 1 (fallthrough)
branch 29 taken 0 (throw)
call   30 returned 1
branch 31 taken 1 (fallthrough)
branch 32 taken 0 (throw)
call   33 returned 1
branch 34 taken 1 (fallthrough)
branch 35 taken 0 (throw)
call   36 returned 1
branch 37 taken 1 (fallthrough)
branch 38 taken 0 (throw)
call   39 returned 1
branch 40 taken 1 (fallthrough)
branch 41 taken 0 (throw)
call   42 returned 1
branch 43 taken 1 (fallthrough)
branch 44 taken 0 (throw)
call   45 returned 2
branch 46 taken 2 (fallthrough)
branch 47 taken 0 (throw)
call   48 returned 2
branch 49 taken 2 (fallthrough)
branch 50 taken 0 (throw)
call   51 returned 2
branch 52 taken 2 (fallthrough)
branch 53 taken 0 (throw)
call   54 returned 2
branch 55 taken 2 (fallthrough)
branch 56 taken 0 (throw)
call   57 returned 2
branch 58 taken 2 (fallthrough)
branch 59 taken 0 (throw)
call   60 returned 9
branch 61 taken 9 (fallthrough)
branch 62 taken 0 (throw)
call   63 returned 9
branch 64 taken 9 (fallthrough)
branch 65 taken 0 (throw)
call   66 returned 9
branch 67 never executed (fallthrough)
branch 68 never executed
call   69 never executed
branch 70 never executed (fallthrough)
branch 71 never executed
call   72 never executed
branch 73 never executed (fallthrough)
branch 74 never executed
call   75 never executed
branch 76 never executed (fallthrough)
branch 77 never executed
call   78 never executed
branch 79 never executed (fallthrough)
branch 80 never executed
call   81 never executed
branch 82 never executed (fallthrough)
branch 83 never executed
call   84 never executed
branch 85 never executed (fallthrough)
branch 86 never executed
call   87 never executed
branch 88 never executed (fallthrough)
branch 89 never executed
call   90 never executed
branch 91 never executed (fallthrough)
branch 92 never executed
call   93 never executed
branch 94 never executed (fallthrough)
branch 95 never executed
call   96 never executed
branch 97 never executed (fallthrough)
branch 98 never executed
call   99 never executed
branch 100 never executed (fallthrough)
branch 101 never executed
call   102 never executed
branch 103 never executed (fallthrough)
branch 104 never executed
call   105 never executed
branch 106 never executed (fallthrough)
branch 107 never executed
call   108 never executed
branch 109 never executed (fallthrough)
branch 110 never executed
call   111 never executed
branch 112 never executed (fallthrough)
branch 113 never executed
call   114 never executed
branch 115 never executed (fallthrough)
branch 116 never executed
call   117 never executed
call   118 never executed
        -:   29:
function _ZNK3cms8services11AuthService15LoginByUsernameERKNS0_12LoginRequestE called 14 returned 100% blocks executed 54%
       14:   30:LoginResult AuthService::LoginByUsername(const LoginRequest& request) const {
       14:   31:  if (cms::lib::IsBlank(request.username) || cms::lib::IsBlank(request.password)) {
call    0 returned 14
branch  1 taken 14 (fallthrough)
branch  2 taken 0 (throw)
branch  3 taken 12 (fallthrough)
branch  4 taken 2
call    5 returned 12
branch  6 taken 12 (fallthrough)
branch  7 taken 0 (throw)
branch  8 taken 0 (fallthrough)
branch  9 taken 12
branch 10 taken 2 (fallthrough)
branch 11 taken 12
        2:   32:    return {LoginStatus::kMissingRequiredFields, "missing required fields", {0, "", "", "", ""}};
        -:   33:  }
        -:   34:
       12:   35:  auto account = repository_->FindByUsername(request.username);
call    0 returned 12
branch  1 taken 12 (fallthrough)
branch  2 taken 0 (throw)
       12:   36:  if (!account.has_value() || account->password_hash != request.password) {
call    0 returned 12
branch  1 taken 11 (fallthrough)
branch  2 taken 1
call    3 returned 11
call    4 returned 11
branch  5 taken 2 (fallthrough)
branch  6 taken 9
branch  7 taken 3 (fallthrough)
branch  8 taken 9
        3:   37:    return {LoginStatus::kInvalidCredentials, "invalid credentials", {0, "", "", "", ""}};
        -:   38:  }
        -:   39:
       27:   40:  return {LoginStatus::kAuthenticated, "authenticated", account.value()};
       62:   41:}
call    0 returned 2
branch  1 taken 2 (fallthrough)
branch  2 taken 0 (throw)
call    3 returned 2
branch  4 taken 2 (fallthrough)
branch  5 taken 0 (throw)
call    6 returned 2
branch  7 taken 2 (fallthrough)
branch  8 taken 0 (throw)
call    9 returned 2
branch 10 taken 2 (fallthrough)
branch 11 taken 0 (throw)
call   12 returned 2
branch 13 taken 2 (fallthrough)
branch 14 taken 0 (throw)
call   15 returned 3
branch 16 taken 3 (fallthrough)
branch 17 taken 0 (throw)
call   18 returned 3
branch 19 taken 3 (fallthrough)
branch 20 taken 0 (throw)
call   21 returned 3
branch 22 taken 3 (fallthrough)
branch 23 taken 0 (throw)
call   24 returned 3
branch 25 taken 3 (fallthrough)
branch 26 taken 0 (throw)
call   27 returned 3
branch 28 taken 3 (fallthrough)
branch 29 taken 0 (throw)
call   30 returned 9
branch 31 taken 9 (fallthrough)
branch 32 taken 0 (throw)
call   33 returned 9
branch 34 taken 9 (fallthrough)
branch 35 taken 0 (throw)
call   36 returned 9
branch 37 taken 9 (fallthrough)
branch 38 taken 0 (throw)
call   39 returned 12
branch 40 never executed (fallthrough)
branch 41 never executed
call   42 never executed
branch 43 never executed (fallthrough)
branch 44 never executed
call   45 never executed
branch 46 never executed (fallthrough)
branch 47 never executed
call   48 never executed
branch 49 never executed (fallthrough)
branch 50 never executed
call   51 never executed
branch 52 never executed (fallthrough)
branch 53 never executed
call   54 never executed
branch 55 never executed (fallthrough)
branch 56 never executed
call   57 never executed
branch 58 never executed (fallthrough)
branch 59 never executed
call   60 never executed
branch 61 never executed (fallthrough)
branch 62 never executed
call   63 never executed
branch 64 never executed (fallthrough)
branch 65 never executed
call   66 never executed
call   67 never executed
        -:   42:
function _ZN3cms8services11AuthService14ChangePasswordEiRKNS0_21ChangePasswordRequestE called 12 returned 100% blocks executed 75%
       12:   43:ChangePasswordResult AuthService::ChangePassword(int user_id, const ChangePasswordRequest& request) {
       23:   44:  if (cms::lib::IsBlank(request.current_password) || cms::lib::IsBlank(request.new_password) ||
call    0 returned 12
branch  1 taken 12 (fallthrough)
branch  2 taken 0 (throw)
branch  3 taken 11 (fallthrough)
branch  4 taken 1
call    5 returned 11
branch  6 taken 11 (fallthrough)
branch  7 taken 0 (throw)
branch  8 taken 11 (fallthrough)
branch  9 taken 0
branch 10 taken 1 (fallthrough)
branch 11 taken 11
       11:   45:      cms::lib::IsBlank(request.confirm_password)) {
call    0 returned 11
branch  1 taken 11 (fallthrough)
branch  2 taken 0 (throw)
branch  3 taken 0 (fallthrough)
branch  4 taken 11
        1:   46:    return {ChangePasswordStatus::kMissingRequiredFields, "missing required fields"};
        -:   47:  }
        -:   48:
       11:   49:  if (request.new_password != request.confirm_password) {
call    0 returned 11
branch  1 taken 1 (fallthrough)
branch  2 taken 10
        1:   50:    return {ChangePasswordStatus::kConfirmationMismatch, "password confirmation mismatch"};
        -:   51:  }
        -:   52:
       10:   53:  auto account = repository_->FindById(user_id);
call    0 returned 10
branch  1 taken 10 (fallthrough)
branch  2 taken 0 (throw)
       10:   54:  if (!account.has_value()) {
call    0 returned 10
branch  1 taken 2 (fallthrough)
branch  2 taken 8
        2:   55:    return {ChangePasswordStatus::kUserNotFound, "user not found"};
        -:   56:  }
        -:   57:
        8:   58:  if (account->password_hash != request.current_password) {
call    0 returned 8
call    1 returned 8
branch  2 taken 2 (fallthrough)
branch  3 taken 6
        2:   59:    return {ChangePasswordStatus::kInvalidCurrentPassword, "invalid current password"};
        -:   60:  }
        -:   61:
        6:   62:  if (request.new_password == request.current_password) {
call    0 returned 6
branch  1 taken 1 (fallthrough)
branch  2 taken 5
        1:   63:    return {ChangePasswordStatus::kReuseNotAllowed, "new password cannot match current password"};
        -:   64:  }
        -:   65:
        5:   66:  if (!cms::lib::IsPasswordComplex(request.new_password)) {
call    0 returned 5
branch  1 taken 5 (fallthrough)
branch  2 taken 0 (throw)
branch  3 taken 2 (fallthrough)
branch  4 taken 3
        2:   67:    return {ChangePasswordStatus::kWeakNewPassword, "password does not meet complexity rules"};
        -:   68:  }
        -:   69:
        3:   70:  repository_->UpdatePasswordByUserId(user_id, request.new_password);
call    0 returned 3
branch  1 taken 3 (fallthrough)
branch  2 taken 0 (throw)
        3:   71:  return {ChangePasswordStatus::kChanged, "password updated"};
       36:   72:}
call    0 returned 1
branch  1 taken 1 (fallthrough)
branch  2 taken 0 (throw)
call    3 returned 1
branch  4 taken 1 (fallthrough)
branch  5 taken 0 (throw)
call    6 returned 2
branch  7 taken 2 (fallthrough)
branch  8 taken 0 (throw)
call    9 returned 2
branch 10 taken 2 (fallthrough)
branch 11 taken 0 (throw)
call   12 returned 1
branch 13 taken 1 (fallthrough)
branch 14 taken 0 (throw)
call   15 returned 2
branch 16 taken 2 (fallthrough)
branch 17 taken 0 (throw)
call   18 returned 3
branch 19 taken 3 (fallthrough)
branch 20 taken 0 (throw)
call   21 returned 10
call   22 never executed
        -:   73:
function _ZNK3cms8services11AuthService5LoginERKNSt7__cxx1112basic_stringIcSt11char_traitsIcESaIcEEES9_ called 8 returned 100% blocks executed 89%
        8:   74:bool AuthService::Login(const std::string& identifier, const std::string& password) const {
        8:   75:  auto by_username = repository_->FindByUsername(identifier);
call    0 returned 8
branch  1 taken 8 (fallthrough)
branch  2 taken 0 (throw)
        8:   76:  if (by_username.has_value()) {
call    0 returned 8
branch  1 taken 4 (fallthrough)
branch  2 taken 4
        4:   77:    return by_username->password_hash == password;
call    0 returned 4
call    1 returned 4
        -:   78:  }
        -:   79:
        4:   80:  auto by_email = repository_->FindByEmail(identifier);
call    0 returned 4
branch  1 taken 4 (fallthrough)
branch  2 taken 0 (throw)
        4:   81:  if (!by_email.has_value()) {
call    0 returned 4
branch  1 taken 1 (fallthrough)
branch  2 taken 3
        1:   82:    return false;
        -:   83:  }
        3:   84:  return by_email->password_hash == password;
call    0 returned 3
call    1 returned 3
        8:   85:}
call    0 returned 4
call    1 returned 8
call    2 never executed
        -:   86:
        -:   87:}  // namespace cms::services
