        -:    0:Source:/home/nermy/Desktop/ECE493-Lab/src/services/paper_service.cpp
        -:    0:Graph:build/CMakeFiles/cms_core.dir/src/services/paper_service.cpp.gcno
        -:    0:Data:build/CMakeFiles/cms_core.dir/src/services/paper_service.cpp.gcda
        -:    0:Runs:6
        -:    1:#include "services/paper_service.hpp"
        -:    2:
        -:    3:#include <algorithm>
        -:    4:#include <cctype>
        -:    5:
        -:    6:namespace cms::services {
        -:    7:namespace {
        -:    8:constexpr size_t kMaxManuscriptBytes = 10 * 1024 * 1024;
        -:    9:}
        -:   10:
function _ZN3cms8services12PaperService7IsBlankERKNSt7__cxx1112basic_stringIcSt11char_traitsIcESaIcEEE called 105 returned 100% blocks executed 100%
      105:   11:bool PaperService::IsBlank(const std::string& value) {
      120:   12:  for (char c : value) {
call    0 returned 105
call    1 returned 105
call    2 returned 108
call    3 returned 15
call    4 returned 120
branch  5 taken 108
branch  6 taken 12 (fallthrough)
      108:   13:    if (!std::isspace(static_cast<unsigned char>(c))) {
branch  0 taken 93 (fallthrough)
branch  1 taken 15
       93:   14:      return false;
        -:   15:    }
        -:   16:  }
       12:   17:  return true;
        -:   18:}
        -:   19:
function _ZN3cms8services12PaperService5IsPdfERKNSt7__cxx1112basic_stringIcSt11char_traitsIcESaIcEEE called 30 returned 100% blocks executed 82%
       30:   20:bool PaperService::IsPdf(const std::string& file_name) {
       30:   21:  if (file_name.size() < 4) {
call    0 returned 30
branch  1 taken 0 (fallthrough)
branch  2 taken 30
    #####:   22:    return false;
        -:   23:  }
       30:   24:  std::string suffix = file_name.substr(file_name.size() - 4);
call    0 returned 30
call    1 returned 30
branch  2 taken 30 (fallthrough)
branch  3 taken 0 (throw)
       30:   25:  std::transform(suffix.begin(), suffix.end(), suffix.begin(),
call    0 returned 30
call    1 returned 30
call    2 returned 30
call    3 returned 30
function _ZZN3cms8services12PaperService5IsPdfERKNSt7__cxx1112basic_stringIcSt11char_traitsIcESaIcEEEENKUlhE_clEh called 120 returned 100% blocks executed 100%
      120:   26:                 [](unsigned char c) { return static_cast<char>(std::tolower(c)); });
       30:   27:  return suffix == ".pdf";
call    0 returned 30
branch  1 taken 30 (fallthrough)
branch  2 taken 0 (throw)
       30:   28:}
call    0 returned 30
call    1 never executed
        -:   29:
function _ZN3cms8services12PaperService16IsValidDraftDataERKNS0_16SaveDraftRequestE called 14 returned 100% blocks executed 100%
       14:   30:bool PaperService::IsValidDraftData(const SaveDraftRequest& request) {
       14:   31:  if (!IsBlank(request.title) && request.title.find('@') != std::string::npos) {
call    0 returned 14
branch  1 taken 11 (fallthrough)
branch  2 taken 3
call    3 returned 11
branch  4 taken 2 (fallthrough)
branch  5 taken 9
branch  6 taken 2 (fallthrough)
branch  7 taken 12
        2:   32:    return false;
        -:   33:  }
       12:   34:  return true;
        -:   35:}
        -:   36:
function _ZN3cms8services12PaperService18BuildSubmissionKeyB5cxx11EiRKNS0_18SubmitPaperRequestE called 21 returned 100% blocks executed 48%
       21:   37:std::string PaperService::BuildSubmissionKey(int author_id, const SubmitPaperRequest& request) {
       42:   38:  std::string key = std::to_string(author_id) + "|" + request.title + "|" + request.abstract_text + "|" +
call    0 returned 21
branch  1 taken 21 (fallthrough)
branch  2 taken 0 (throw)
call    3 returned 21
branch  4 taken 21 (fallthrough)
branch  5 taken 0 (throw)
call    6 returned 21
branch  7 taken 21 (fallthrough)
branch  8 taken 0 (throw)
call    9 returned 21
branch 10 taken 21 (fallthrough)
branch 11 taken 0 (throw)
call   12 returned 21
branch 13 taken 21 (fallthrough)
branch 14 taken 0 (throw)
call   15 returned 21
branch 16 taken 21 (fallthrough)
branch 17 taken 0 (throw)
call   18 returned 21
call   19 returned 21
call   20 returned 21
call   21 returned 21
call   22 returned 21
call   23 returned 21
call   24 returned 21
call   25 never executed
call   26 never executed
call   27 never executed
call   28 never executed
call   29 never executed
call   30 never executed
call   31 never executed
       63:   39:                    request.keywords + "|" + request.manuscript_file_name + "|" +
call    0 returned 21
call    1 returned 21
branch  2 taken 21 (fallthrough)
branch  3 taken 0 (throw)
call    4 returned 21
branch  5 taken 21 (fallthrough)
branch  6 taken 0 (throw)
call    7 returned 21
branch  8 taken 21 (fallthrough)
branch  9 taken 0 (throw)
call   10 returned 21
call   11 returned 21
call   12 returned 21
call   13 never executed
call   14 never executed
call   15 never executed
       63:   40:                    std::to_string(request.manuscript_file_size_bytes);
call    0 returned 21
branch  1 taken 21 (fallthrough)
branch  2 taken 0 (throw)
call    3 returned 21
branch  4 taken 21 (fallthrough)
branch  5 taken 0 (throw)
call    6 returned 21
call    7 never executed
       21:   41:  std::transform(key.begin(), key.end(), key.begin(),
call    0 returned 21
call    1 returned 21
call    2 returned 21
call    3 returned 21
function _ZZN3cms8services12PaperService18BuildSubmissionKeyB5cxx11EiRKNS0_18SubmitPaperRequestEENKUlhE_clEh called 745 returned 100% blocks executed 100%
      745:   42:                 [](unsigned char c) { return static_cast<char>(std::tolower(c)); });
       21:   43:  return key;
        -:   44:}
        -:   45:
function _ZN3cms8services12PaperService11SubmitPaperEiRKNS0_18SubmitPaperRequestE called 22 returned 100% blocks executed 65%
       22:   46:SubmitPaperResult PaperService::SubmitPaper(int author_id, const SubmitPaperRequest& request) {
       42:   47:  if (author_id <= 0 || IsBlank(request.title) || IsBlank(request.abstract_text) ||
branch  0 taken 21 (fallthrough)
branch  1 taken 1
call    2 returned 21
branch  3 taken 20 (fallthrough)
branch  4 taken 1
call    5 returned 20
branch  6 taken 20 (fallthrough)
branch  7 taken 0
branch  8 taken 0 (fallthrough)
branch  9 taken 20
branch 10 taken 2 (fallthrough)
branch 11 taken 20
       20:   48:      IsBlank(request.keywords)) {
call    0 returned 20
        2:   49:    return {SubmitPaperStatus::kMissingMetadata, "missing required metadata", 0};
        -:   50:  }
       20:   51:  if (!IsPdf(request.manuscript_file_name)) {
call    0 returned 20
branch  1 taken 20 (fallthrough)
branch  2 taken 0 (throw)
branch  3 taken 1 (fallthrough)
branch  4 taken 19
        1:   52:    return {SubmitPaperStatus::kInvalidFileFormat, "unsupported file format", 0};
        -:   53:  }
       19:   54:  if (request.manuscript_file_size_bytes == 0 || request.manuscript_file_size_bytes > kMaxManuscriptBytes) {
branch  0 taken 18 (fallthrough)
branch  1 taken 1
branch  2 taken 1 (fallthrough)
branch  3 taken 17
        2:   55:    return {SubmitPaperStatus::kFileTooLarge, "manuscript exceeds 10 MB limit", 0};
        -:   56:  }
        -:   57:
       17:   58:  std::string key = BuildSubmissionKey(author_id, request);
call    0 returned 17
branch  1 taken 17 (fallthrough)
branch  2 taken 0 (throw)
       17:   59:  if (submission_keys_.contains(key)) {
call    0 returned 17
branch  1 taken 17 (fallthrough)
branch  2 taken 0 (throw)
branch  3 taken 2 (fallthrough)
branch  4 taken 15
        -:   60:    return {SubmitPaperStatus::kDuplicateSubmission, "duplicate submission ignored",
        4:   61:            submission_keys_.at(key)};
        -:   62:  }
        -:   63:
       15:   64:  cms::models::PaperSubmission paper{next_paper_id_++,
        -:   65:                                     author_id,
       15:   66:                                     request.title,
       15:   67:                                     request.abstract_text,
       15:   68:                                     request.keywords,
       15:   69:                                     request.manuscript_file_name,
       15:   70:                                     request.manuscript_file_size_bytes,
       15:   71:                                     cms::models::PaperStatus::kSubmitted};
call    0 returned 15
branch  1 taken 15 (fallthrough)
branch  2 taken 0 (throw)
call    3 returned 15
branch  4 taken 15 (fallthrough)
branch  5 taken 0 (throw)
call    6 returned 15
branch  7 taken 15 (fallthrough)
branch  8 taken 0 (throw)
call    9 returned 15
branch 10 taken 15 (fallthrough)
branch 11 taken 0 (throw)
branch 12 never executed (fallthrough)
branch 13 never executed
call   14 never executed
branch 15 never executed (fallthrough)
branch 16 never executed
call   17 never executed
branch 18 never executed (fallthrough)
branch 19 never executed
call   20 never executed
       15:   72:  papers_.push_back(paper);
call    0 returned 15
branch  1 taken 15 (fallthrough)
branch  2 taken 0 (throw)
       15:   73:  submission_keys_[key] = paper.id;
call    0 returned 15
branch  1 taken 15 (fallthrough)
branch  2 taken 0 (throw)
       15:   74:  return {SubmitPaperStatus::kSubmitted, "paper submitted", paper.id};
       66:   75:}
call    0 returned 2
branch  1 taken 2 (fallthrough)
branch  2 taken 0 (throw)
call    3 returned 1
branch  4 taken 1 (fallthrough)
branch  5 taken 0 (throw)
call    6 returned 2
branch  7 taken 2 (fallthrough)
branch  8 taken 0 (throw)
call    9 returned 2
branch 10 taken 2 (fallthrough)
branch 11 taken 0 (throw)
call   12 returned 2
branch 13 taken 2 (fallthrough)
branch 14 taken 0 (throw)
call   15 returned 15
branch 16 taken 15 (fallthrough)
branch 17 taken 0 (throw)
call   18 returned 15
call   19 returned 17
branch 20 never executed (fallthrough)
branch 21 never executed
call   22 never executed
call   23 never executed
call   24 never executed
        -:   76:
function _ZN3cms8services12PaperService9SaveDraftEiRKNS0_16SaveDraftRequestE called 17 returned 100% blocks executed 69%
       17:   77:SaveDraftResult PaperService::SaveDraft(int author_id, const SaveDraftRequest& request) {
       17:   78:  if (author_id <= 0) {
branch  0 taken 1 (fallthrough)
branch  1 taken 16
        1:   79:    return {SaveDraftStatus::kSystemError, "authentication required", 0};
        -:   80:  }
       16:   81:  if (request.simulate_failure) {
branch  0 taken 2 (fallthrough)
branch  1 taken 14
        2:   82:    return {SaveDraftStatus::kSystemError, "draft save failed due to system error", 0};
        -:   83:  }
       14:   84:  if (!IsValidDraftData(request)) {
call    0 returned 14
branch  1 taken 2 (fallthrough)
branch  2 taken 12
        2:   85:    return {SaveDraftStatus::kInvalidDraftData, "invalid draft information", 0};
        -:   86:  }
       12:   87:  if (IsBlank(request.title) && IsBlank(request.abstract_text) && IsBlank(request.keywords)) {
call    0 returned 12
branch  1 taken 3 (fallthrough)
branch  2 taken 9
call    3 returned 3
branch  4 taken 2 (fallthrough)
branch  5 taken 1
call    6 returned 2
branch  7 taken 2 (fallthrough)
branch  8 taken 0
branch  9 taken 2 (fallthrough)
branch 10 taken 10
        2:   88:    return {SaveDraftStatus::kEmptyDraft, "empty draft cannot be saved", 0};
        -:   89:  }
        -:   90:
       10:   91:  if (request.draft_id > 0) {
branch  0 taken 3 (fallthrough)
branch  1 taken 7
       13:   92:    for (auto& paper : papers_) {
call    0 returned 3
call    1 returned 3
call    2 returned 11
call    3 returned 10
call    4 returned 13
branch  5 taken 11
branch  6 taken 2 (fallthrough)
       11:   93:      if (paper.id == request.draft_id && paper.author_id == author_id &&
branch  0 taken 1 (fallthrough)
branch  1 taken 10
branch  2 taken 1 (fallthrough)
branch  3 taken 0
        1:   94:          paper.status == cms::models::PaperStatus::kDraft) {
branch  0 taken 1 (fallthrough)
branch  1 taken 0
        1:   95:        paper.title = request.title;
call    0 returned 1
branch  1 taken 1 (fallthrough)
branch  2 taken 0 (throw)
        1:   96:        paper.abstract_text = request.abstract_text;
call    0 returned 1
branch  1 taken 1 (fallthrough)
branch  2 taken 0 (throw)
        1:   97:        paper.keywords = request.keywords;
call    0 returned 1
branch  1 taken 1 (fallthrough)
branch  2 taken 0 (throw)
        1:   98:        return {SaveDraftStatus::kSaved, "draft updated", paper.id};
        -:   99:      }
        -:  100:    }
        2:  101:    return {SaveDraftStatus::kDraftNotFound, "draft not found", 0};
        -:  102:  }
        -:  103:
        7:  104:  cms::models::PaperSubmission draft{next_paper_id_++,
        -:  105:                                     author_id,
        7:  106:                                     request.title,
        7:  107:                                     request.abstract_text,
        7:  108:                                     request.keywords,
        -:  109:                                     "",
        -:  110:                                     0,
       14:  111:                                     cms::models::PaperStatus::kDraft};
call    0 returned 7
branch  1 taken 7 (fallthrough)
branch  2 taken 0 (throw)
call    3 returned 7
branch  4 taken 7 (fallthrough)
branch  5 taken 0 (throw)
call    6 returned 7
branch  7 taken 7 (fallthrough)
branch  8 taken 0 (throw)
call    9 returned 7
branch 10 taken 7 (fallthrough)
branch 11 taken 0 (throw)
branch 12 never executed (fallthrough)
branch 13 never executed
call   14 never executed
branch 15 never executed (fallthrough)
branch 16 never executed
call   17 never executed
branch 18 never executed (fallthrough)
branch 19 never executed
call   20 never executed
        7:  112:  papers_.push_back(draft);
call    0 returned 7
branch  1 taken 7 (fallthrough)
branch  2 taken 0 (throw)
        7:  113:  return {SaveDraftStatus::kSaved, "draft saved", draft.id};
       51:  114:}
call    0 returned 1
branch  1 taken 1 (fallthrough)
branch  2 taken 0 (throw)
call    3 returned 2
branch  4 taken 2 (fallthrough)
branch  5 taken 0 (throw)
call    6 returned 2
branch  7 taken 2 (fallthrough)
branch  8 taken 0 (throw)
call    9 returned 2
branch 10 taken 2 (fallthrough)
branch 11 taken 0 (throw)
call   12 returned 1
branch 13 taken 1 (fallthrough)
branch 14 taken 0 (throw)
call   15 returned 2
branch 16 taken 2 (fallthrough)
branch 17 taken 0 (throw)
call   18 returned 7
branch 19 taken 7 (fallthrough)
branch 20 taken 0 (throw)
call   21 returned 7
call   22 never executed
        -:  115:
function _ZN3cms8services12PaperService11SubmitDraftEiiRKNSt7__cxx1112basic_stringIcSt11char_traitsIcESaIcEEEm called 10 returned 100% blocks executed 68%
       10:  116:SubmitPaperResult PaperService::SubmitDraft(int author_id, int draft_id,
        -:  117:                                            const std::string& manuscript_file_name,
        -:  118:                                            size_t manuscript_file_size_bytes) {
       10:  119:  if (!IsPdf(manuscript_file_name)) {
call    0 returned 10
branch  1 taken 2 (fallthrough)
branch  2 taken 8
        2:  120:    return {SubmitPaperStatus::kInvalidFileFormat, "unsupported file format", 0};
        -:  121:  }
        8:  122:  if (manuscript_file_size_bytes == 0 || manuscript_file_size_bytes > kMaxManuscriptBytes) {
branch  0 taken 7 (fallthrough)
branch  1 taken 1
branch  2 taken 0 (fallthrough)
branch  3 taken 7
        1:  123:    return {SubmitPaperStatus::kFileTooLarge, "manuscript exceeds 10 MB limit", 0};
        -:  124:  }
        -:  125:
       35:  126:  for (auto& paper : papers_) {
call    0 returned 7
call    1 returned 7
call    2 returned 33
call    3 returned 28
call    4 returned 35
branch  5 taken 33
branch  6 taken 2 (fallthrough)
       33:  127:    if (paper.id == draft_id && paper.author_id == author_id && paper.status == cms::models::PaperStatus::kDraft) {
branch  0 taken 5 (fallthrough)
branch  1 taken 28
branch  2 taken 5 (fallthrough)
branch  3 taken 0
branch  4 taken 5 (fallthrough)
branch  5 taken 0
        5:  128:      if (IsBlank(paper.title) || IsBlank(paper.abstract_text) || IsBlank(paper.keywords)) {
call    0 returned 5
branch  1 taken 4 (fallthrough)
branch  2 taken 1
call    3 returned 4
branch  4 taken 4 (fallthrough)
branch  5 taken 0
call    6 returned 4
branch  7 taken 0 (fallthrough)
branch  8 taken 4
branch  9 taken 1 (fallthrough)
branch 10 taken 4
        1:  129:        return {SubmitPaperStatus::kDraftIncomplete, "draft metadata incomplete", 0};
        -:  130:      }
        -:  131:
       12:  132:      SubmitPaperRequest as_submit{paper.title, paper.abstract_text, paper.keywords, manuscript_file_name,
        4:  133:                                   manuscript_file_size_bytes};
call    0 returned 4
branch  1 taken 4 (fallthrough)
branch  2 taken 0 (throw)
call    3 returned 4
branch  4 taken 4 (fallthrough)
branch  5 taken 0 (throw)
call    6 returned 4
branch  7 taken 4 (fallthrough)
branch  8 taken 0 (throw)
call    9 returned 4
branch 10 taken 4 (fallthrough)
branch 11 taken 0 (throw)
branch 12 never executed (fallthrough)
branch 13 never executed
call   14 never executed
branch 15 never executed (fallthrough)
branch 16 never executed
call   17 never executed
branch 18 never executed (fallthrough)
branch 19 never executed
call   20 never executed
        4:  134:      std::string key = BuildSubmissionKey(author_id, as_submit);
call    0 returned 4
branch  1 taken 4 (fallthrough)
branch  2 taken 0 (throw)
        4:  135:      if (submission_keys_.contains(key)) {
call    0 returned 4
branch  1 taken 4 (fallthrough)
branch  2 taken 0 (throw)
branch  3 taken 1 (fallthrough)
branch  4 taken 3
        -:  136:        return {SubmitPaperStatus::kDuplicateSubmission, "duplicate submission ignored",
        2:  137:                submission_keys_.at(key)};
        -:  138:      }
        -:  139:
        3:  140:      paper.manuscript_file_name = manuscript_file_name;
call    0 returned 3
branch  1 taken 3 (fallthrough)
branch  2 taken 0 (throw)
        3:  141:      paper.manuscript_file_size_bytes = manuscript_file_size_bytes;
        3:  142:      paper.status = cms::models::PaperStatus::kSubmitted;
        3:  143:      submission_keys_[key] = paper.id;
call    0 returned 3
branch  1 taken 3 (fallthrough)
branch  2 taken 0 (throw)
        3:  144:      return {SubmitPaperStatus::kSubmitted, "draft submitted", paper.id};
        4:  145:    }
call    0 returned 4
call    1 returned 4
call    2 never executed
call    3 never executed
        -:  146:  }
        -:  147:
        2:  148:  return {SubmitPaperStatus::kDraftNotFound, "draft not found", 0};
       30:  149:}
call    0 returned 2
branch  1 taken 2 (fallthrough)
branch  2 taken 0 (throw)
call    3 returned 1
branch  4 taken 1 (fallthrough)
branch  5 taken 0 (throw)
call    6 returned 1
branch  7 taken 1 (fallthrough)
branch  8 taken 0 (throw)
call    9 returned 1
branch 10 taken 1 (fallthrough)
branch 11 taken 0 (throw)
call   12 returned 1
branch 13 taken 1 (fallthrough)
branch 14 taken 0 (throw)
call   15 returned 3
branch 16 taken 3 (fallthrough)
branch 17 taken 0 (throw)
call   18 returned 2
branch 19 taken 2 (fallthrough)
branch 20 taken 0 (throw)
call   21 never executed
call   22 never executed
branch 23 never executed (fallthrough)
branch 24 never executed
call   25 never executed
        -:  150:
function _ZNK3cms8services12PaperService8FindByIdEi called 43 returned 100% blocks executed 100%
       43:  151:std::optional<cms::models::PaperSubmission> PaperService::FindById(int paper_id) const {
      206:  152:  for (const auto& paper : papers_) {
call    0 returned 43
call    1 returned 43
call    2 returned 202
call    3 returned 163
call    4 returned 206
branch  5 taken 202
branch  6 taken 4 (fallthrough)
      202:  153:    if (paper.id == paper_id) {
branch  0 taken 39 (fallthrough)
branch  1 taken 163
       39:  154:      return paper;
call    0 returned 39
branch  1 taken 39 (fallthrough)
branch  2 taken 0 (throw)
        -:  155:    }
        -:  156:  }
        4:  157:  return std::nullopt;
call    0 returned 4
        -:  158:}
        -:  159:
function _ZN3cms8services12PaperService17UpdatePaperStatusEiNS_6models11PaperStatusE called 9 returned 100% blocks executed 100%
        9:  160:bool PaperService::UpdatePaperStatus(int paper_id, cms::models::PaperStatus status) {
       29:  161:  for (auto& paper : papers_) {
call    0 returned 9
call    1 returned 9
call    2 returned 28
call    3 returned 20
call    4 returned 29
branch  5 taken 28
branch  6 taken 1 (fallthrough)
       28:  162:    if (paper.id == paper_id) {
branch  0 taken 8 (fallthrough)
branch  1 taken 20
        8:  163:      paper.status = status;
        8:  164:      return true;
        -:  165:    }
        -:  166:  }
        1:  167:  return false;
        -:  168:}
        -:  169:
function _ZNK3cms8services12PaperService14SubmittedCountEv called 2 returned 100% blocks executed 100%
        2:  170:int PaperService::SubmittedCount() const {
        2:  171:  int count = 0;
        8:  172:  for (const auto& paper : papers_) {
call    0 returned 2
call    1 returned 2
call    2 returned 6
call    3 returned 6
call    4 returned 8
branch  5 taken 6
branch  6 taken 2 (fallthrough)
        6:  173:    if (paper.status == cms::models::PaperStatus::kSubmitted) {
branch  0 taken 2 (fallthrough)
branch  1 taken 4
        2:  174:      ++count;
        -:  175:    }
        -:  176:  }
        2:  177:  return count;
        -:  178:}
        -:  179:
function _ZNK3cms8services12PaperService10DraftCountEv called 2 returned 100% blocks executed 100%
        2:  180:int PaperService::DraftCount() const {
        2:  181:  int count = 0;
        8:  182:  for (const auto& paper : papers_) {
call    0 returned 2
call    1 returned 2
call    2 returned 6
call    3 returned 6
call    4 returned 8
branch  5 taken 6
branch  6 taken 2 (fallthrough)
        6:  183:    if (paper.status == cms::models::PaperStatus::kDraft) {
branch  0 taken 4 (fallthrough)
branch  1 taken 2
        4:  184:      ++count;
        -:  185:    }
        -:  186:  }
        2:  187:  return count;
        -:  188:}
        -:  189:
function _ZNK3cms8services12PaperService13AcceptedCountEv called 1 returned 100% blocks executed 100%
        1:  190:int PaperService::AcceptedCount() const {
        1:  191:  int count = 0;
        6:  192:  for (const auto& paper : papers_) {
call    0 returned 1
call    1 returned 1
call    2 returned 5
call    3 returned 5
call    4 returned 6
branch  5 taken 5
branch  6 taken 1 (fallthrough)
        5:  193:    if (paper.status == cms::models::PaperStatus::kAccepted) {
branch  0 taken 1 (fallthrough)
branch  1 taken 4
        1:  194:      ++count;
        -:  195:    }
        -:  196:  }
        1:  197:  return count;
        -:  198:}
        -:  199:
function _ZNK3cms8services12PaperService19GetAcceptedPaperIdsEv called 12 returned 100% blocks executed 88%
       12:  200:std::vector<int> PaperService::GetAcceptedPaperIds() const {
       12:  201:  std::vector<int> ids;
       98:  202:  for (const auto& paper : papers_) {
call    0 returned 12
call    1 returned 12
call    2 returned 86
call    3 returned 86
call    4 returned 98
branch  5 taken 86
branch  6 taken 12 (fallthrough)
       86:  203:    if (paper.status == cms::models::PaperStatus::kAccepted) {
branch  0 taken 46 (fallthrough)
branch  1 taken 40
       46:  204:      ids.push_back(paper.id);
call    0 returned 46
branch  1 taken 46 (fallthrough)
branch  2 taken 0 (throw)
        -:  205:    }
        -:  206:  }
       12:  207:  std::sort(ids.begin(), ids.end());
call    0 returned 12
call    1 returned 12
call    2 returned 12
branch  3 taken 12 (fallthrough)
branch  4 taken 0 (throw)
       12:  208:  return ids;
    =====:  209:}
call    0 never executed
        -:  210:
        -:  211:}  // namespace cms::services
