        -:    0:Source:/home/nermy/Desktop/ECE493-Lab/src/services/schedule_service.cpp
        -:    0:Graph:build/CMakeFiles/cms_core.dir/src/services/schedule_service.cpp.gcno
        -:    0:Data:build/CMakeFiles/cms_core.dir/src/services/schedule_service.cpp.gcda
        -:    0:Runs:1
        -:    1:#include "services/schedule_service.hpp"
        -:    2:
        -:    3:#include <algorithm>
        -:    4:#include <sstream>
        -:    5:#include <unordered_set>
        -:    6:
        -:    7:namespace cms::services {
        -:    8:
function _ZN3cms8services15ScheduleService14BuildRoomNamesB5cxx11Ei called 1 returned 100% blocks executed 61%
        1:    9:std::vector<std::string> ScheduleService::BuildRoomNames(int room_count) {
        1:   10:  std::vector<std::string> rooms;
        4:   11:  for (int i = 1; i <= room_count; ++i) {
branch  0 taken 3
branch  1 taken 1 (fallthrough)
        3:   12:    rooms.push_back("Room " + std::to_string(i));
call    0 returned 3
call    1 returned 3
branch  2 taken 3 (fallthrough)
branch  3 taken 0 (throw)
call    4 returned 3
branch  5 taken 3 (fallthrough)
branch  6 taken 0 (throw)
call    7 returned 3
call    8 returned 3
call    9 never executed
call   10 never executed
        -:   13:  }
        1:   14:  return rooms;
    =====:   15:}
call    0 never executed
        -:   16:
function _ZN3cms8services15ScheduleService14BuildTimeSlotsB5cxx11Ei called 1 returned 100% blocks executed 61%
        1:   17:std::vector<std::string> ScheduleService::BuildTimeSlots(int time_slot_count) {
        1:   18:  std::vector<std::string> slots;
        4:   19:  for (int i = 1; i <= time_slot_count; ++i) {
branch  0 taken 3
branch  1 taken 1 (fallthrough)
        3:   20:    slots.push_back("Slot " + std::to_string(i));
call    0 returned 3
call    1 returned 3
branch  2 taken 3 (fallthrough)
branch  3 taken 0 (throw)
call    4 returned 3
branch  5 taken 3 (fallthrough)
branch  6 taken 0 (throw)
call    7 returned 3
call    8 returned 3
call    9 never executed
call   10 never executed
        -:   21:  }
        1:   22:  return slots;
    =====:   23:}
call    0 never executed
        -:   24:
function _ZN3cms8services15ScheduleService10RenderHtmlB5cxx11ERKSt6vectorINS_6models12ScheduleItemESaIS4_EE called 2 returned 100% blocks executed 88%
        2:   25:std::string ScheduleService::RenderHtml(const std::vector<cms::models::ScheduleItem>& items) {
        2:   26:  std::ostringstream html;
call    0 returned 2
branch  1 taken 2 (fallthrough)
branch  2 taken 0 (throw)
        2:   27:  html << "<table><thead><tr><th>Paper</th><th>Room</th><th>Time Slot</th></tr></thead><tbody>";
call    0 returned 2
branch  1 taken 2 (fallthrough)
branch  2 taken 0 (throw)
       12:   28:  for (const auto& item : items) {
call    0 returned 2
call    1 returned 2
call    2 returned 10
call    3 returned 10
call    4 returned 12
branch  5 taken 10
branch  6 taken 2 (fallthrough)
       10:   29:    html << "<tr><td>" << item.paper_id << "</td><td>" << item.room << "</td><td>" << item.time_slot
call    0 returned 10
branch  1 taken 10 (fallthrough)
branch  2 taken 0 (throw)
       10:   30:         << "</td></tr>";
call    0 returned 10
branch  1 taken 10 (fallthrough)
branch  2 taken 0 (throw)
call    3 returned 10
branch  4 taken 10 (fallthrough)
branch  5 taken 0 (throw)
call    6 returned 10
branch  7 taken 10 (fallthrough)
branch  8 taken 0 (throw)
call    9 returned 10
branch 10 taken 10 (fallthrough)
branch 11 taken 0 (throw)
call   12 returned 10
branch 13 taken 10 (fallthrough)
branch 14 taken 0 (throw)
call   15 returned 10
branch 16 taken 10 (fallthrough)
branch 17 taken 0 (throw)
        -:   31:  }
        2:   32:  html << "</tbody></table>";
call    0 returned 2
branch  1 taken 2 (fallthrough)
branch  2 taken 0 (throw)
        4:   33:  return html.str();
call    0 returned 2
branch  1 taken 2 (fallthrough)
branch  2 taken 0 (throw)
        2:   34:}
call    0 returned 2
call    1 never executed
        -:   35:
function _ZN3cms8services15ScheduleService11InputsMatchERKSt6vectorIiSaIiEERKNS0_23ScheduleGenerateRequestES6_ii called 2 returned 100% blocks executed 88%
        2:   36:bool ScheduleService::InputsMatch(const std::vector<int>& accepted_ids,
        -:   37:                                  const ScheduleGenerateRequest& request,
        -:   38:                                  const std::vector<int>& previous_ids, int previous_room_count,
        -:   39:                                  int previous_time_slot_count) {
       4*:   40:  return accepted_ids == previous_ids && request.room_count == previous_room_count &&
call    0 returned 2
branch  1 taken 2 (fallthrough)
branch  2 taken 0
branch  3 taken 2 (fallthrough)
branch  4 taken 0
        4:   41:         request.time_slot_count == previous_time_slot_count;
branch  0 taken 2 (fallthrough)
branch  1 taken 0
        -:   42:}
        -:   43:
function _ZN3cms8services15ScheduleService14NormalizeItemsERKSt6vectorINS_6models12ScheduleItemESaIS4_EE called 16 returned 100% blocks executed 88%
       16:   44:std::vector<cms::models::ScheduleItem> ScheduleService::NormalizeItems(
        -:   45:    const std::vector<cms::models::ScheduleItem>& items) {
       16:   46:  std::vector<cms::models::ScheduleItem> normalized = items;
call    0 returned 16
       16:   47:  std::sort(normalized.begin(), normalized.end(),
call    0 returned 16
call    1 returned 16
call    2 returned 16
branch  3 taken 16 (fallthrough)
branch  4 taken 0 (throw)
function _ZZN3cms8services15ScheduleService14NormalizeItemsERKSt6vectorINS_6models12ScheduleItemESaIS4_EEENKUlRKS4_SA_E_clESA_SA_ called 128 returned 100% blocks executed 100%
      128:   48:            [](const cms::models::ScheduleItem& a, const cms::models::ScheduleItem& b) {
      128:   49:              return a.paper_id < b.paper_id;
        -:   50:            });
       16:   51:  return normalized;
    =====:   52:}
call    0 never executed
        -:   53:
function _ZN3cms8services15ScheduleService13ItemsConflictERKSt6vectorINS_6models12ScheduleItemESaIS4_EE called 5 returned 100% blocks executed 71%
        5:   54:bool ScheduleService::ItemsConflict(const std::vector<cms::models::ScheduleItem>& items) {
        5:   55:  std::unordered_set<int> paper_ids;
call    0 returned 5
        5:   56:  std::unordered_set<std::string> room_slot_keys;
call    0 returned 5
        -:   57:
       21:   58:  for (const auto& item : items) {
call    0 returned 5
call    1 returned 5
call    2 returned 18
call    3 returned 16
call    4 returned 21
branch  5 taken 18
branch  6 taken 3 (fallthrough)
      18*:   59:    if (item.paper_id <= 0 || item.room.empty() || item.time_slot.empty()) {
branch  0 taken 18 (fallthrough)
branch  1 taken 0
call    2 returned 18
branch  3 taken 18 (fallthrough)
branch  4 taken 0
call    5 returned 18
branch  6 taken 0 (fallthrough)
branch  7 taken 18
branch  8 taken 0 (fallthrough)
branch  9 taken 18
       2*:   60:      return true;
        -:   61:    }
       18:   62:    if (!paper_ids.insert(item.paper_id).second) {
call    0 returned 18
branch  1 taken 18 (fallthrough)
branch  2 taken 0 (throw)
branch  3 taken 0 (fallthrough)
branch  4 taken 18
    #####:   63:      return true;
        -:   64:    }
       18:   65:    std::string key = item.room + "|" + item.time_slot;
call    0 returned 18
branch  1 taken 18 (fallthrough)
branch  2 taken 0 (throw)
call    3 returned 18
branch  4 taken 18 (fallthrough)
branch  5 taken 0 (throw)
call    6 returned 18
call    7 never executed
       18:   66:    if (!room_slot_keys.insert(key).second) {
call    0 returned 18
branch  1 taken 18 (fallthrough)
branch  2 taken 0 (throw)
branch  3 taken 2 (fallthrough)
branch  4 taken 16
        2:   67:      return true;
        -:   68:    }
       18:   69:  }
call    0 returned 18
branch  1 taken 16 (fallthrough)
branch  2 taken 2
call    3 never executed
        -:   70:
        3:   71:  return false;
        5:   72:}
call    0 returned 5
call    1 returned 5
call    2 never executed
call    3 never executed
        -:   73:
function _ZN3cms8services15ScheduleService16GenerateScheduleERKNS0_23ScheduleGenerateRequestE called 11 returned 100% blocks executed 60%
       11:   74:ScheduleGenerateResult ScheduleService::GenerateSchedule(const ScheduleGenerateRequest& request) {
       11:   75:  auto accepted_ids = paper_service_->GetAcceptedPaperIds();
call    0 returned 11
branch  1 taken 11 (fallthrough)
branch  2 taken 0 (throw)
       11:   76:  if (accepted_ids.empty()) {
call    0 returned 11
branch  1 taken 2 (fallthrough)
branch  2 taken 9
        -:   77:    return {ScheduleGenerateStatus::kNoAcceptedPapers,
        2:   78:            "schedule generation requires at least one accepted paper", 0, ""};
        -:   79:  }
        -:   80:
        9:   81:  if (request.room_count <= 0 || request.time_slot_count <= 0) {
branch  0 taken 8 (fallthrough)
branch  1 taken 1
branch  2 taken 0 (fallthrough)
branch  3 taken 8
        -:   82:    return {ScheduleGenerateStatus::kUnsatisfiableConstraints,
        1:   83:            "rooms and time slots must be configured", 0, ""};
        -:   84:  }
        -:   85:
        8:   86:  const int capacity = request.room_count * request.time_slot_count;
        8:   87:  if (static_cast<int>(accepted_ids.size()) > capacity) {
call    0 returned 8
branch  1 taken 3 (fallthrough)
branch  2 taken 5
        -:   88:    return {ScheduleGenerateStatus::kUnsatisfiableConstraints,
        3:   89:            "available rooms/time slots cannot satisfy scheduling constraints", 0, ""};
        -:   90:  }
        -:   91:
        5:   92:  if (request.simulate_save_failure) {
branch  0 taken 2 (fallthrough)
branch  1 taken 3
        2:   93:    return {ScheduleGenerateStatus::kSystemError, "schedule could not be saved", 0, ""};
        -:   94:  }
        -:   95:
        5:   96:  if (current_schedule_.has_value() &&
call    0 returned 3
branch  1 taken 2 (fallthrough)
branch  2 taken 1
branch  3 taken 2 (fallthrough)
branch  4 taken 1
        2:   97:      InputsMatch(accepted_ids, request, previous_accepted_ids_, previous_room_count_,
call    0 returned 2
branch  1 taken 2 (fallthrough)
branch  2 taken 0 (throw)
branch  3 taken 2 (fallthrough)
branch  4 taken 0
        -:   98:                  previous_time_slot_count_)) {
        -:   99:    return {ScheduleGenerateStatus::kGenerated, "schedule already up to date",
        8:  100:            current_schedule_->id, current_schedule_->html};
        -:  101:  }
        -:  102:
        1:  103:  auto rooms = BuildRoomNames(request.room_count);
call    0 returned 1
branch  1 taken 1 (fallthrough)
branch  2 taken 0 (throw)
        1:  104:  auto slots = BuildTimeSlots(request.time_slot_count);
call    0 returned 1
branch  1 taken 1 (fallthrough)
branch  2 taken 0 (throw)
        -:  105:
        1:  106:  std::vector<cms::models::ScheduleItem> items;
        1:  107:  items.reserve(accepted_ids.size());
call    0 returned 1
call    1 returned 1
branch  2 taken 1 (fallthrough)
branch  3 taken 0 (throw)
        6:  108:  for (size_t i = 0; i < accepted_ids.size(); ++i) {
call    0 returned 6
branch  1 taken 5
branch  2 taken 1 (fallthrough)
        5:  109:    const int room_index = static_cast<int>(i % rooms.size());
call    0 returned 5
        5:  110:    const int slot_index = static_cast<int>(i / rooms.size());
call    0 returned 5
       10:  111:    items.push_back({accepted_ids[i], rooms[room_index], slots[slot_index]});
call    0 returned 5
call    1 returned 5
call    2 never executed
        -:  112:  }
        -:  113:
        1:  114:  cms::models::Schedule schedule{next_schedule_id_++, items, RenderHtml(items)};
call    0 returned 1
branch  1 taken 1 (fallthrough)
branch  2 taken 0 (throw)
call    3 returned 1
branch  4 taken 1 (fallthrough)
branch  5 taken 0 (throw)
branch  6 never executed (fallthrough)
branch  7 never executed
call    8 never executed
        1:  115:  current_schedule_ = schedule;
call    0 returned 1
branch  1 taken 1 (fallthrough)
branch  2 taken 0 (throw)
        1:  116:  previous_accepted_ids_ = accepted_ids;
call    0 returned 1
branch  1 taken 1 (fallthrough)
branch  2 taken 0 (throw)
        1:  117:  previous_room_count_ = request.room_count;
        1:  118:  previous_time_slot_count_ = request.time_slot_count;
        -:  119:
        2:  120:  return {ScheduleGenerateStatus::kGenerated, "schedule generated", schedule.id, schedule.html};
       46:  121:}
call    0 returned 2
branch  1 taken 2 (fallthrough)
branch  2 taken 0 (throw)
call    3 returned 2
branch  4 taken 2 (fallthrough)
branch  5 taken 0 (throw)
call    6 returned 1
branch  7 taken 1 (fallthrough)
branch  8 taken 0 (throw)
call    9 returned 1
branch 10 taken 1 (fallthrough)
branch 11 taken 0 (throw)
call   12 returned 3
branch 13 taken 3 (fallthrough)
branch 14 taken 0 (throw)
call   15 returned 3
branch 16 taken 3 (fallthrough)
branch 17 taken 0 (throw)
call   18 returned 2
branch 19 taken 2 (fallthrough)
branch 20 taken 0 (throw)
call   21 returned 2
branch 22 taken 2 (fallthrough)
branch 23 taken 0 (throw)
call   24 returned 2
branch 25 taken 2 (fallthrough)
branch 26 taken 0 (throw)
call   27 returned 2
call   28 returned 2
call   29 returned 2
branch 30 taken 2 (fallthrough)
branch 31 taken 0 (throw)
call   32 returned 5
call   33 returned 5
branch 34 taken 5 (fallthrough)
branch 35 taken 0 (throw)
call   36 returned 5
call   37 returned 5
branch 38 taken 5 (fallthrough)
branch 39 taken 0 (throw)
call   40 returned 5
branch 41 taken 5 (fallthrough)
branch 42 taken 0 (throw)
call   43 returned 1
branch 44 taken 1 (fallthrough)
branch 45 taken 0 (throw)
call   46 returned 1
branch 47 taken 1 (fallthrough)
branch 48 taken 0 (throw)
call   49 returned 1
call   50 returned 1
call   51 returned 1
call   52 returned 1
call   53 returned 11
branch 54 never executed (fallthrough)
branch 55 never executed
call   56 never executed
branch 57 never executed (fallthrough)
branch 58 never executed
call   59 never executed
branch 60 never executed (fallthrough)
branch 61 never executed
call   62 never executed
branch 63 never executed (fallthrough)
branch 64 never executed
call   65 never executed
branch 66 never executed (fallthrough)
branch 67 never executed
call   68 never executed
branch 69 never executed (fallthrough)
branch 70 never executed
call   71 never executed
branch 72 never executed (fallthrough)
branch 73 never executed
call   74 never executed
call   75 never executed
call   76 never executed
call   77 never executed
call   78 never executed
call   79 never executed
        -:  122:
function _ZN3cms8services15ScheduleService19EditCurrentScheduleERKNS0_19ScheduleEditRequestE called 11 returned 100% blocks executed 60%
       11:  123:ScheduleEditResult ScheduleService::EditCurrentSchedule(const ScheduleEditRequest& request) {
       11:  124:  if (!current_schedule_.has_value()) {
call    0 returned 11
branch  1 taken 1 (fallthrough)
branch  2 taken 10
        1:  125:    return {ScheduleEditStatus::kNoSchedule, "no current schedule to edit", 0, ""};
        -:  126:  }
       10:  127:  if (request.simulate_save_failure) {
branch  0 taken 2 (fallthrough)
branch  1 taken 8
        2:  128:    return {ScheduleEditStatus::kSystemError, "schedule update could not be saved", 0, ""};
        -:  129:  }
        -:  130:
        8:  131:  auto current_items = NormalizeItems(current_schedule_->items);
call    0 returned 8
call    1 returned 8
branch  2 taken 8 (fallthrough)
branch  3 taken 0 (throw)
        8:  132:  auto edited_items = NormalizeItems(request.items);
call    0 returned 8
branch  1 taken 8 (fallthrough)
branch  2 taken 0 (throw)
        -:  133:
        8:  134:  if (current_items == edited_items) {
call    0 returned 8
branch  1 taken 8 (fallthrough)
branch  2 taken 0 (throw)
branch  3 taken 3 (fallthrough)
branch  4 taken 5
        6:  135:    return {ScheduleEditStatus::kNoChanges, "no schedule updates detected", current_schedule_->id,
        9:  136:            current_schedule_->html};
        -:  137:  }
        -:  138:
        5:  139:  if (ItemsConflict(edited_items) || edited_items.size() != current_items.size()) {
call    0 returned 5
branch  1 taken 5 (fallthrough)
branch  2 taken 0 (throw)
branch  3 taken 3 (fallthrough)
branch  4 taken 2
call    5 returned 3
call    6 returned 3
branch  7 taken 1 (fallthrough)
branch  8 taken 2
branch  9 taken 3 (fallthrough)
branch 10 taken 2
        -:  140:    return {ScheduleEditStatus::kConflict,
        3:  141:            "conflicting or invalid schedule assignments detected", 0, ""};
        -:  142:  }
        -:  143:
        7:  144:  for (size_t i = 0; i < current_items.size(); ++i) {
call    0 returned 7
branch  1 taken 6
branch  2 taken 1 (fallthrough)
        6:  145:    if (current_items[i].paper_id != edited_items[i].paper_id) {
call    0 returned 6
call    1 returned 6
branch  2 taken 1 (fallthrough)
branch  3 taken 5
        -:  146:      return {ScheduleEditStatus::kConflict,
        1:  147:              "edited schedule must contain the same set of papers", 0, ""};
        -:  148:    }
        -:  149:  }
        -:  150:
        1:  151:  cms::models::Schedule updated{next_schedule_id_++, request.items, RenderHtml(request.items)};
call    0 returned 1
branch  1 taken 1 (fallthrough)
branch  2 taken 0 (throw)
call    3 returned 1
branch  4 taken 1 (fallthrough)
branch  5 taken 0 (throw)
branch  6 never executed (fallthrough)
branch  7 never executed
call    8 never executed
        1:  152:  current_schedule_ = updated;
call    0 returned 1
branch  1 taken 1 (fallthrough)
branch  2 taken 0 (throw)
        2:  153:  return {ScheduleEditStatus::kUpdated, "schedule updated", updated.id, updated.html};
       40:  154:}
call    0 returned 1
branch  1 taken 1 (fallthrough)
branch  2 taken 0 (throw)
call    3 returned 1
branch  4 taken 1 (fallthrough)
branch  5 taken 0 (throw)
call    6 returned 2
branch  7 taken 2 (fallthrough)
branch  8 taken 0 (throw)
call    9 returned 2
branch 10 taken 2 (fallthrough)
branch 11 taken 0 (throw)
call   12 returned 3
branch 13 taken 3 (fallthrough)
branch 14 taken 0 (throw)
call   15 returned 3
call   16 returned 3
call   17 returned 3
branch 18 taken 3 (fallthrough)
branch 19 taken 0 (throw)
call   20 returned 3
branch 21 taken 3 (fallthrough)
branch 22 taken 0 (throw)
call   23 returned 3
branch 24 taken 3 (fallthrough)
branch 25 taken 0 (throw)
call   26 returned 1
branch 27 taken 1 (fallthrough)
branch 28 taken 0 (throw)
call   29 returned 1
branch 30 taken 1 (fallthrough)
branch 31 taken 0 (throw)
call   32 returned 1
branch 33 taken 1 (fallthrough)
branch 34 taken 0 (throw)
call   35 returned 1
branch 36 taken 1 (fallthrough)
branch 37 taken 0 (throw)
call   38 returned 1
call   39 returned 8
call   40 returned 8
branch 41 never executed (fallthrough)
branch 42 never executed
call   43 never executed
branch 44 never executed (fallthrough)
branch 45 never executed
call   46 never executed
branch 47 never executed (fallthrough)
branch 48 never executed
call   49 never executed
branch 50 never executed (fallthrough)
branch 51 never executed
call   52 never executed
branch 53 never executed (fallthrough)
branch 54 never executed
call   55 never executed
branch 56 never executed (fallthrough)
branch 57 never executed
call   58 never executed
call   59 never executed
call   60 never executed
call   61 never executed
        -:  155:
function _ZNK3cms8services15ScheduleService18GetCurrentScheduleEv called 4 returned 100% blocks executed 100%
        4:  156:std::optional<cms::models::Schedule> ScheduleService::GetCurrentSchedule() const {
        4:  157:  return current_schedule_;
call    0 returned 4
        -:  158:}
        -:  159:
function _ZNK3cms8services15ScheduleService22GetCurrentScheduleHtmlB5cxx11Ev called 1 returned 100% blocks executed 46%
        1:  160:std::string ScheduleService::GetCurrentScheduleHtml() const {
        1:  161:  if (!current_schedule_.has_value()) {
call    0 returned 1
branch  1 taken 0 (fallthrough)
branch  2 taken 1
    #####:  162:    return "";
call    0 never executed
branch  1 never executed (fallthrough)
branch  2 never executed (throw)
        -:  163:  }
        1:  164:  return current_schedule_->html;
call    0 returned 1
call    1 returned 1
        -:  165:}
        -:  166:
        -:  167:}  // namespace cms::services
