TN:
SF:/home/nermy/Desktop/ECE493-Lab/src/api/auth_controller.cpp
FN:22,40,_ZN3cms3api14AuthController5LoginERKNS_8services12LoginRequestE
FN:42,68,_ZN3cms3api14AuthController14ChangePasswordERKNSt7__cxx1112basic_stringIcSt11char_traitsIcESaIcEEERKNS_8services21ChangePasswordRequestE
FN:5,20,_ZN3cms3api14AuthController8RegisterERKNS_8services15RegisterRequestE
FN:70,75,_ZNK3cms3api14AuthController13ProtectedPageERKNSt7__cxx1112basic_stringIcSt11char_traitsIcESaIcEEE
FN:77,82,_ZNK3cms3api14AuthController9LoginPageERKNSt7__cxx1112basic_stringIcSt11char_traitsIcESaIcEEE
FNDA:12,_ZN3cms3api14AuthController5LoginERKNS_8services12LoginRequestE
FNDA:6,_ZN3cms3api14AuthController14ChangePasswordERKNSt7__cxx1112basic_stringIcSt11char_traitsIcESaIcEEERKNS_8services21ChangePasswordRequestE
FNDA:6,_ZN3cms3api14AuthController8RegisterERKNS_8services15RegisterRequestE
FNDA:1,_ZNK3cms3api14AuthController13ProtectedPageERKNSt7__cxx1112basic_stringIcSt11char_traitsIcESaIcEEE
FNDA:1,_ZNK3cms3api14AuthController9LoginPageERKNSt7__cxx1112basic_stringIcSt11char_traitsIcESaIcEEE
FNF:5
FNH:5
DA:5,6
DA:6,6
DA:9,6
DA:10,1
DA:11,4
DA:12,2
DA:13,2
DA:14,3
DA:17,3
DA:19,0
DA:20,6
DA:22,12
DA:23,12
DA:26,12
DA:27,9
DA:28,9
DA:29,0
DA:31,9
DA:32,9
DA:33,9
DA:34,1
DA:35,1
DA:36,2
DA:37,2
DA:39,0
DA:40,12
DA:42,6
DA:44,6
DA:45,0
DA:47,6
DA:48,6
DA:49,0
DA:52,6
DA:54,6
DA:55,1
DA:56,2
DA:57,1
DA:58,1
DA:59,4
DA:63,4
DA:64,0
DA:65,0
DA:67,0
DA:68,6
DA:70,1
DA:71,1
DA:72,4
DA:74,0
DA:77,1
DA:78,1
DA:79,4
DA:81,0
LF:52
LH:42
end_of_record
TN:
SF:/home/nermy/Desktop/ECE493-Lab/src/api/auth_controller.hpp
FN:11,13,_ZN3cms3api14AuthControllerC2EPNS_8services11AuthServiceEPNS2_14SessionServiceE
FNDA:6,_ZN3cms3api14AuthControllerC2EPNS_8services11AuthServiceEPNS2_14SessionServiceE
FNF:1
FNH:1
DA:11,6
DA:13,6
LF:2
LH:2
end_of_record
TN:
SF:/home/nermy/Desktop/ECE493-Lab/src/api/decision_controller.cpp
FN:5,23,_ZN3cms3api18DecisionController14RecordDecisionERKNS_8services15DecisionRequestE
FNDA:14,_ZN3cms3api18DecisionController14RecordDecisionERKNS_8services15DecisionRequestE
FNF:1
FNH:1
DA:5,14
DA:6,14
DA:9,14
DA:10,10
DA:11,20
DA:12,2
DA:14,2
DA:15,1
DA:16,1
DA:17,1
DA:18,1
DA:19,0
DA:20,0
DA:22,0
DA:23,14
LF:15
LH:12
end_of_record
TN:
SF:/home/nermy/Desktop/ECE493-Lab/src/api/decision_controller.hpp
FN:10,11,_ZN3cms3api18DecisionControllerC2EPNS_8services15DecisionServiceE
FNDA:8,_ZN3cms3api18DecisionControllerC2EPNS_8services15DecisionServiceE
FNF:1
FNH:1
DA:10,8
DA:11,8
LF:2
LH:2
end_of_record
TN:
SF:/home/nermy/Desktop/ECE493-Lab/src/api/http_errors.cpp
FN:11,11,_ZN3cms3api12UnauthorizedERKNSt7__cxx1112basic_stringIcSt11char_traitsIcESaIcEEE
FN:13,13,_ZN3cms3api8ConflictERKNSt7__cxx1112basic_stringIcSt11char_traitsIcESaIcEEE
FN:15,15,_ZN3cms3api19InternalServerErrorERKNSt7__cxx1112basic_stringIcSt11char_traitsIcESaIcEEE
FN:17,19,_ZN3cms3api7CreatedERKNSt7__cxx1112basic_stringIcSt11char_traitsIcESaIcEEES8_
FN:5,7,_ZN3cms3api2OkERKNSt7__cxx1112basic_stringIcSt11char_traitsIcESaIcEEES8_
FN:9,9,_ZN3cms3api10BadRequestERKNSt7__cxx1112basic_stringIcSt11char_traitsIcESaIcEEE
FNDA:5,_ZN3cms3api12UnauthorizedERKNSt7__cxx1112basic_stringIcSt11char_traitsIcESaIcEEE
FNDA:12,_ZN3cms3api8ConflictERKNSt7__cxx1112basic_stringIcSt11char_traitsIcESaIcEEE
FNDA:7,_ZN3cms3api19InternalServerErrorERKNSt7__cxx1112basic_stringIcSt11char_traitsIcESaIcEEE
FNDA:78,_ZN3cms3api7CreatedERKNSt7__cxx1112basic_stringIcSt11char_traitsIcESaIcEEES8_
FNDA:68,_ZN3cms3api2OkERKNSt7__cxx1112basic_stringIcSt11char_traitsIcESaIcEEES8_
FNDA:21,_ZN3cms3api10BadRequestERKNSt7__cxx1112basic_stringIcSt11char_traitsIcESaIcEEE
FNF:6
FNH:6
DA:5,68
DA:6,68
DA:7,68
DA:9,63
DA:11,15
DA:13,36
DA:15,21
DA:17,78
DA:18,78
DA:19,78
LF:10
LH:10
end_of_record
TN:
SF:/home/nermy/Desktop/ECE493-Lab/src/api/http_errors.hpp
FNF:0
FNH:0
LF:0
LH:0
end_of_record
TN:
SF:/home/nermy/Desktop/ECE493-Lab/src/api/paper_controller.cpp
FN:30,51,_ZN3cms3api15PaperController9SaveDraftERKNSt7__cxx1112basic_stringIcSt11char_traitsIcESaIcEEERKNS_8services16SaveDraftRequestE
FN:5,28,_ZN3cms3api15PaperController11SubmitPaperERKNSt7__cxx1112basic_stringIcSt11char_traitsIcESaIcEEERKNS_8services18SubmitPaperRequestE
FN:53,78,_ZN3cms3api15PaperController11SubmitDraftERKNSt7__cxx1112basic_stringIcSt11char_traitsIcESaIcEEEiS9_m
FNDA:7,_ZN3cms3api15PaperController9SaveDraftERKNSt7__cxx1112basic_stringIcSt11char_traitsIcESaIcEEERKNS_8services16SaveDraftRequestE
FNDA:6,_ZN3cms3api15PaperController11SubmitPaperERKNSt7__cxx1112basic_stringIcSt11char_traitsIcESaIcEEERKNS_8services18SubmitPaperRequestE
FNDA:1,_ZN3cms3api15PaperController11SubmitDraftERKNSt7__cxx1112basic_stringIcSt11char_traitsIcESaIcEEEiS9_m
FNF:3
FNH:3
DA:5,6
DA:7,6
DA:8,6
DA:9,0
DA:12,6
DA:14,6
DA:15,2
DA:16,8
DA:17,1
DA:18,4
DA:19,3
DA:23,3
DA:24,0
DA:25,0
DA:27,0
DA:28,6
DA:30,7
DA:32,7
DA:33,7
DA:34,0
DA:37,7
DA:39,7
DA:40,4
DA:41,16
DA:42,2
DA:44,2
DA:45,0
DA:46,0
DA:47,1
DA:48,1
DA:50,0
DA:51,7
DA:53,1
DA:56,1
DA:57,1
DA:58,0
DA:61,1
DA:62,1
DA:64,1
DA:65,1
DA:66,4
DA:67,0
DA:68,0
DA:69,0
DA:73,0
DA:74,0
DA:75,0
DA:77,0
DA:78,1
LF:49
LH:33
end_of_record
TN:
SF:/home/nermy/Desktop/ECE493-Lab/src/api/paper_controller.hpp
FN:13,15,_ZN3cms3api15PaperControllerC2EPNS_8services12PaperServiceEPNS2_14SessionServiceE
FNDA:2,_ZN3cms3api15PaperControllerC2EPNS_8services12PaperServiceEPNS2_14SessionServiceE
FNF:1
FNH:1
DA:13,2
DA:15,2
LF:2
LH:2
end_of_record
TN:
SF:/home/nermy/Desktop/ECE493-Lab/src/api/referee_controller.cpp
FN:23,41,_ZN3cms3api17RefereeController16AcceptInvitationEi
FN:43,61,_ZN3cms3api17RefereeController16RejectInvitationEi
FN:5,21,_ZN3cms3api17RefereeController13AssignRefereeEiRKNSt7__cxx1112basic_stringIcSt11char_traitsIcESaIcEEE
FN:63,69,_ZN3cms3api17RefereeController14ExitAssignmentEi
FNDA:49,_ZN3cms3api17RefereeController16AcceptInvitationEi
FNDA:1,_ZN3cms3api17RefereeController16RejectInvitationEi
FNDA:16,_ZN3cms3api17RefereeController13AssignRefereeEiRKNSt7__cxx1112basic_stringIcSt11char_traitsIcESaIcEEE
FNDA:1,_ZN3cms3api17RefereeController14ExitAssignmentEi
FNF:4
FNH:4
DA:5,16
DA:6,16
DA:9,16
DA:10,14
DA:11,56
DA:12,0
DA:14,0
DA:15,2
DA:18,2
DA:20,0
DA:21,16
DA:23,49
DA:24,49
DA:26,49
DA:27,45
DA:28,90
DA:29,1
DA:30,2
DA:31,0
DA:33,0
DA:34,1
DA:35,1
DA:36,2
DA:38,2
DA:40,0
DA:41,49
DA:43,1
DA:44,1
DA:46,1
DA:47,1
DA:48,2
DA:49,0
DA:50,0
DA:51,0
DA:53,0
DA:54,0
DA:55,0
DA:56,0
DA:58,0
DA:60,0
DA:61,1
DA:63,1
DA:64,1
DA:65,1
DA:66,4
DA:68,0
LF:46
LH:30
end_of_record
TN:
SF:/home/nermy/Desktop/ECE493-Lab/src/api/referee_controller.hpp
FN:12,13,_ZN3cms3api17RefereeControllerC2EPNS_8services14RefereeServiceE
FNDA:11,_ZN3cms3api17RefereeControllerC2EPNS_8services14RefereeServiceE
FNF:1
FNH:1
DA:12,11
DA:13,11
LF:2
LH:2
end_of_record
TN:
SF:/home/nermy/Desktop/ECE493-Lab/src/api/registration_controller.cpp
FN:27,55,_ZN3cms3api22RegistrationController18PayForRegistrationERKNSt7__cxx1112basic_stringIcSt11char_traitsIcESaIcEEEiRKNS_8services14PaymentRequestE
FN:5,25,_ZN3cms3api22RegistrationController18CreateRegistrationERKNSt7__cxx1112basic_stringIcSt11char_traitsIcESaIcEEERKNS_8services25CreateRegistrationRequestE
FN:57,76,_ZNK3cms3api22RegistrationController24ViewMyRegistrationStatusERKNSt7__cxx1112basic_stringIcSt11char_traitsIcESaIcEEE
FNDA:5,_ZN3cms3api22RegistrationController18PayForRegistrationERKNSt7__cxx1112basic_stringIcSt11char_traitsIcESaIcEEEiRKNS_8services14PaymentRequestE
FNDA:5,_ZN3cms3api22RegistrationController18CreateRegistrationERKNSt7__cxx1112basic_stringIcSt11char_traitsIcESaIcEEERKNS_8services25CreateRegistrationRequestE
FNDA:1,_ZNK3cms3api22RegistrationController24ViewMyRegistrationStatusERKNSt7__cxx1112basic_stringIcSt11char_traitsIcESaIcEEE
FNF:3
FNH:3
DA:5,5
DA:8,5
DA:9,5
DA:10,2
DA:13,4
DA:15,4
DA:16,4
DA:17,8
DA:18,0
DA:20,0
DA:21,0
DA:22,0
DA:24,0
DA:25,4
DA:27,5
DA:30,5
DA:31,5
DA:32,0
DA:34,5
DA:35,0
DA:38,5
DA:40,5
DA:41,1
DA:42,2
DA:43,1
DA:44,1
DA:45,1
DA:46,1
DA:47,0
DA:48,0
DA:49,1
DA:50,1
DA:51,1
DA:52,1
DA:54,0
DA:55,5
DA:57,1
DA:59,1
DA:60,1
DA:61,0
DA:64,1
DA:65,1
DA:66,0
DA:69,1
DA:70,1
DA:71,1
DA:72,0
DA:73,0
DA:75,1
DA:76,1
LF:50
LH:36
end_of_record
TN:
SF:/home/nermy/Desktop/ECE493-Lab/src/api/registration_controller.hpp
FN:14,19,_ZN3cms3api22RegistrationControllerC2EPNS_8services19RegistrationServiceEPNS2_14PaymentServiceEPNS2_14SessionServiceE
FNDA:1,_ZN3cms3api22RegistrationControllerC2EPNS_8services19RegistrationServiceEPNS2_14PaymentServiceEPNS2_14SessionServiceE
FNF:1
FNH:1
DA:14,1
DA:17,1
DA:18,1
DA:19,1
LF:4
LH:4
end_of_record
TN:
SF:/home/nermy/Desktop/ECE493-Lab/src/api/review_controller.cpp
FN:5,21,_ZN3cms3api16ReviewController12SubmitReviewERKNS_8services23ReviewSubmissionRequestE
FNDA:44,_ZN3cms3api16ReviewController12SubmitReviewERKNS_8services23ReviewSubmissionRequestE
FNF:1
FNH:1
DA:5,44
DA:6,44
DA:8,44
DA:9,39
DA:10,78
DA:11,2
DA:13,2
DA:14,2
DA:15,2
DA:16,1
DA:18,1
DA:20,0
DA:21,44
LF:13
LH:12
end_of_record
TN:
SF:/home/nermy/Desktop/ECE493-Lab/src/api/review_controller.hpp
FN:10,11,_ZN3cms3api16ReviewControllerC2EPNS_8services13ReviewServiceE
FNDA:9,_ZN3cms3api16ReviewControllerC2EPNS_8services13ReviewServiceE
FNF:1
FNH:1
DA:10,9
DA:11,9
LF:2
LH:2
end_of_record
TN:
SF:/home/nermy/Desktop/ECE493-Lab/src/api/schedule_controller.cpp
FN:23,43,_ZN3cms3api18ScheduleController19EditCurrentScheduleERKNS_8services19ScheduleEditRequestEb
FN:45,51,_ZNK3cms3api18ScheduleController19ViewCurrentScheduleEv
FN:5,21,_ZN3cms3api18ScheduleController16GenerateScheduleERKNS_8services23ScheduleGenerateRequestE
FNDA:6,_ZN3cms3api18ScheduleController19EditCurrentScheduleERKNS_8services19ScheduleEditRequestEb
FNDA:2,_ZNK3cms3api18ScheduleController19ViewCurrentScheduleEv
FNDA:7,_ZN3cms3api18ScheduleController16GenerateScheduleERKNS_8services23ScheduleGenerateRequestE
FNF:3
FNH:3
DA:5,7
DA:7,7
DA:10,7
DA:11,4
DA:12,8
DA:13,1
DA:14,1
DA:15,1
DA:16,1
DA:17,1
DA:18,1
DA:20,0
DA:21,7
DA:23,6
DA:25,6
DA:26,2
DA:29,5
DA:31,5
DA:32,2
DA:33,4
DA:34,1
DA:36,1
DA:37,1
DA:38,1
DA:39,1
DA:40,1
DA:42,0
DA:43,5
DA:45,2
DA:46,2
DA:47,2
DA:48,0
DA:50,4
DA:51,2
LF:34
LH:31
end_of_record
TN:
SF:/home/nermy/Desktop/ECE493-Lab/src/api/schedule_controller.hpp
FN:10,11,_ZN3cms3api18ScheduleControllerC2EPNS_8services15ScheduleServiceE
FNDA:4,_ZN3cms3api18ScheduleControllerC2EPNS_8services15ScheduleServiceE
FNF:1
FNH:1
DA:10,4
DA:11,4
LF:2
LH:2
end_of_record
TN:
SF:/home/nermy/Desktop/ECE493-Lab/src/lib/validation.cpp
FN:17,20,_ZN3cms3lib18IsValidEmailFormatERKNSt7__cxx1112basic_stringIcSt11char_traitsIcESaIcEEE
FN:22,37,_ZN3cms3lib17IsPasswordComplexERKNSt7__cxx1112basic_stringIcSt11char_traitsIcESaIcEEE
FN:8,15,_ZN3cms3lib7IsBlankERKNSt7__cxx1112basic_stringIcSt11char_traitsIcESaIcEEE
FNDA:78,_ZN3cms3lib18IsValidEmailFormatERKNSt7__cxx1112basic_stringIcSt11char_traitsIcESaIcEEE
FNDA:14,_ZN3cms3lib17IsPasswordComplexERKNSt7__cxx1112basic_stringIcSt11char_traitsIcESaIcEEE
FNDA:96,_ZN3cms3lib7IsBlankERKNSt7__cxx1112basic_stringIcSt11char_traitsIcESaIcEEE
FNF:3
FNH:3
DA:8,96
DA:9,96
DA:10,93
DA:11,93
DA:14,3
DA:17,78
DA:18,78
DA:19,78
DA:22,14
DA:23,14
DA:24,2
DA:26,12
DA:27,12
DA:28,12
DA:29,12
DA:30,140
DA:31,128
DA:32,128
DA:33,128
DA:34,128
DA:36,12
LF:21
LH:21
end_of_record
TN:
SF:/home/nermy/Desktop/ECE493-Lab/src/models/decision.hpp
FNF:0
FNH:0
LF:0
LH:0
end_of_record
TN:
SF:/home/nermy/Desktop/ECE493-Lab/src/models/paper_submission.hpp
FNF:0
FNH:0
LF:0
LH:0
end_of_record
TN:
SF:/home/nermy/Desktop/ECE493-Lab/src/models/referee_assignment.hpp
FNF:0
FNH:0
LF:0
LH:0
end_of_record
TN:
SF:/home/nermy/Desktop/ECE493-Lab/src/models/registration.hpp
FNF:0
FNH:0
LF:0
LH:0
end_of_record
TN:
SF:/home/nermy/Desktop/ECE493-Lab/src/models/review.hpp
FNF:0
FNH:0
LF:0
LH:0
end_of_record
TN:
SF:/home/nermy/Desktop/ECE493-Lab/src/models/schedule.hpp
FN:13,13,_ZNK3cms6models12ScheduleItemeqERKS1_
FNDA:5,_ZNK3cms6models12ScheduleItemeqERKS1_
FNF:1
FNH:1
DA:9,5
DA:10,5
DA:11,2
DA:13,5
LF:4
LH:4
end_of_record
TN:
SF:/home/nermy/Desktop/ECE493-Lab/src/models/user_account.hpp
FNF:0
FNH:0
LF:0
LH:0
end_of_record
TN:
SF:/home/nermy/Desktop/ECE493-Lab/src/services/auth_service.cpp
FN:30,41,_ZNK3cms8services11AuthService15LoginByUsernameERKNS0_12LoginRequestE
FN:43,72,_ZN3cms8services11AuthService14ChangePasswordEiRKNS0_21ChangePasswordRequestE
FN:7,28,_ZN3cms8services11AuthService8RegisterERKNS0_15RegisterRequestE
FN:74,85,_ZNK3cms8services11AuthService5LoginERKNSt7__cxx1112basic_stringIcSt11char_traitsIcESaIcEEES9_
FNDA:12,_ZNK3cms8services11AuthService15LoginByUsernameERKNS0_12LoginRequestE
FNDA:6,_ZN3cms8services11AuthService14ChangePasswordEiRKNS0_21ChangePasswordRequestE
FNDA:14,_ZN3cms8services11AuthService8RegisterERKNS0_15RegisterRequestE
FNDA:3,_ZNK3cms8services11AuthService5LoginERKNSt7__cxx1112basic_stringIcSt11char_traitsIcESaIcEEES9_
FNF:4
FNH:4
DA:7,14
DA:8,27
DA:9,27
DA:10,1
DA:13,13
DA:14,1
DA:17,12
DA:19,1
DA:22,11
DA:23,2
DA:26,9
DA:27,9
DA:28,62
DA:30,12
DA:31,12
DA:32,1
DA:35,11
DA:36,11
DA:37,2
DA:40,27
DA:41,48
DA:43,6
DA:44,11
DA:45,5
DA:46,1
DA:49,5
DA:50,1
DA:53,4
DA:54,4
DA:55,0
DA:58,4
DA:59,1
DA:62,3
DA:63,1
DA:66,2
DA:67,1
DA:70,1
DA:71,1
DA:72,18
DA:74,3
DA:75,3
DA:76,3
DA:77,2
DA:80,1
DA:81,1
DA:82,0
DA:84,1
DA:85,3
LF:48
LH:46
end_of_record
TN:
SF:/home/nermy/Desktop/ECE493-Lab/src/services/auth_service.hpp
FN:71,71,_ZN3cms8services11AuthServiceC2EPNS0_14UserRepositoryE
FNDA:6,_ZN3cms8services11AuthServiceC2EPNS0_14UserRepositoryE
FNF:1
FNH:1
DA:71,6
LF:1
LH:1
end_of_record
TN:
SF:/home/nermy/Desktop/ECE493-Lab/src/services/decision_service.cpp
FN:17,55,_ZN3cms8services15DecisionService14RecordDecisionERKNS0_15DecisionRequestE
FN:29,29,_ZZN3cms8services15DecisionService14RecordDecisionERKNS0_15DecisionRequestEENKUlhE_clEh
FN:57,64,_ZNK3cms8services15DecisionService19GetDecisionForPaperEi
FN:66,66,_ZNK3cms8services15DecisionService23AuthorNotificationCountEv
FN:68,68,_ZNK3cms8services15DecisionService22LastAuthorNotificationB5cxx11Ev
FN:8,15,_ZN3cms8services15DecisionService7IsBlankERKNSt7__cxx1112basic_stringIcSt11char_traitsIcESaIcEEE
FNDA:14,_ZN3cms8services15DecisionService14RecordDecisionERKNS0_15DecisionRequestE
FNDA:72,_ZZN3cms8services15DecisionService14RecordDecisionERKNS0_15DecisionRequestEENKUlhE_clEh
FNDA:12,_ZNK3cms8services15DecisionService19GetDecisionForPaperEi
FNDA:0,_ZNK3cms8services15DecisionService23AuthorNotificationCountEv
FNDA:1,_ZNK3cms8services15DecisionService22LastAuthorNotificationB5cxx11Ev
FNDA:13,_ZN3cms8services15DecisionService7IsBlankERKNSt7__cxx1112basic_stringIcSt11char_traitsIcESaIcEEE
FNF:6
FNH:5
DA:8,13
DA:9,13
DA:10,12
DA:11,12
DA:14,1
DA:17,14
DA:18,14
DA:19,14
DA:20,0
DA:23,14
DA:24,1
DA:27,13
DA:28,13
DA:29,72
DA:30,13
DA:31,1
DA:34,12
DA:36,1
DA:39,11
DA:40,1
DA:43,10
DA:44,10
DA:46,10
DA:47,9
DA:49,1
DA:52,10
DA:53,10
DA:54,10
DA:55,42
DA:57,12
DA:58,24
DA:59,14
DA:60,2
DA:63,10
DA:66,0
DA:68,1
LF:36
LH:34
end_of_record
TN:
SF:/home/nermy/Desktop/ECE493-Lab/src/services/decision_service.hpp
FN:36,37,_ZN3cms8services15DecisionServiceC2EPNS0_12PaperServiceEPNS0_13ReviewServiceE
FNDA:4,_ZN3cms8services15DecisionServiceC2EPNS0_12PaperServiceEPNS0_13ReviewServiceE
FNF:1
FNH:1
DA:36,4
DA:37,4
LF:2
LH:2
end_of_record
TN:
SF:/home/nermy/Desktop/ECE493-Lab/src/services/paper_service.cpp
FN:11,18,_ZN3cms8services12PaperService7IsBlankERKNSt7__cxx1112basic_stringIcSt11char_traitsIcESaIcEEE
FN:116,149,_ZN3cms8services12PaperService11SubmitDraftEiiRKNSt7__cxx1112basic_stringIcSt11char_traitsIcESaIcEEEm
FN:151,158,_ZNK3cms8services12PaperService8FindByIdEi
FN:160,168,_ZN3cms8services12PaperService17UpdatePaperStatusEiNS_6models11PaperStatusE
FN:170,178,_ZNK3cms8services12PaperService14SubmittedCountEv
FN:180,188,_ZNK3cms8services12PaperService10DraftCountEv
FN:190,198,_ZNK3cms8services12PaperService13AcceptedCountEv
FN:20,28,_ZN3cms8services12PaperService5IsPdfERKNSt7__cxx1112basic_stringIcSt11char_traitsIcESaIcEEE
FN:200,209,_ZNK3cms8services12PaperService19GetAcceptedPaperIdsEv
FN:26,26,_ZZN3cms8services12PaperService5IsPdfERKNSt7__cxx1112basic_stringIcSt11char_traitsIcESaIcEEEENKUlhE_clEh
FN:30,35,_ZN3cms8services12PaperService16IsValidDraftDataERKNS0_16SaveDraftRequestE
FN:37,44,_ZN3cms8services12PaperService18BuildSubmissionKeyB5cxx11EiRKNS0_18SubmitPaperRequestE
FN:42,42,_ZZN3cms8services12PaperService18BuildSubmissionKeyB5cxx11EiRKNS0_18SubmitPaperRequestEENKUlhE_clEh
FN:46,75,_ZN3cms8services12PaperService11SubmitPaperEiRKNS0_18SubmitPaperRequestE
FN:77,114,_ZN3cms8services12PaperService9SaveDraftEiRKNS0_16SaveDraftRequestE
FNDA:135,_ZN3cms8services12PaperService7IsBlankERKNSt7__cxx1112basic_stringIcSt11char_traitsIcESaIcEEE
FNDA:1,_ZN3cms8services12PaperService11SubmitDraftEiiRKNSt7__cxx1112basic_stringIcSt11char_traitsIcESaIcEEEm
FNDA:82,_ZNK3cms8services12PaperService8FindByIdEi
FNDA:10,_ZN3cms8services12PaperService17UpdatePaperStatusEiNS_6models11PaperStatusE
FNDA:2,_ZNK3cms8services12PaperService14SubmittedCountEv
FNDA:3,_ZNK3cms8services12PaperService10DraftCountEv
FNDA:0,_ZNK3cms8services12PaperService13AcceptedCountEv
FNDA:39,_ZN3cms8services12PaperService5IsPdfERKNSt7__cxx1112basic_stringIcSt11char_traitsIcESaIcEEE
FNDA:7,_ZNK3cms8services12PaperService19GetAcceptedPaperIdsEv
FNDA:156,_ZZN3cms8services12PaperService5IsPdfERKNSt7__cxx1112basic_stringIcSt11char_traitsIcESaIcEEEENKUlhE_clEh
FNDA:8,_ZN3cms8services12PaperService16IsValidDraftDataERKNS0_16SaveDraftRequestE
FNDA:37,_ZN3cms8services12PaperService18BuildSubmissionKeyB5cxx11EiRKNS0_18SubmitPaperRequestE
FNDA:1337,_ZZN3cms8services12PaperService18BuildSubmissionKeyB5cxx11EiRKNS0_18SubmitPaperRequestEENKUlhE_clEh
FNDA:39,_ZN3cms8services12PaperService11SubmitPaperEiRKNS0_18SubmitPaperRequestE
FNDA:9,_ZN3cms8services12PaperService9SaveDraftEiRKNS0_16SaveDraftRequestE
FNF:15
FNH:14
DA:11,135
DA:12,135
DA:13,130
DA:14,130
DA:17,5
DA:20,39
DA:21,39
DA:22,0
DA:24,39
DA:25,39
DA:26,156
DA:27,39
DA:28,39
DA:30,8
DA:31,8
DA:32,1
DA:34,7
DA:37,37
DA:38,74
DA:39,111
DA:40,111
DA:41,37
DA:42,1337
DA:43,37
DA:46,39
DA:47,77
DA:48,38
DA:49,1
DA:51,38
DA:52,1
DA:54,37
DA:55,1
DA:58,36
DA:59,36
DA:61,2
DA:64,35
DA:66,35
DA:67,35
DA:68,35
DA:69,35
DA:70,35
DA:71,35
DA:72,35
DA:73,35
DA:74,35
DA:75,117
DA:77,9
DA:78,9
DA:79,0
DA:81,9
DA:82,1
DA:84,8
DA:85,1
DA:87,7
DA:88,1
DA:91,6
DA:92,2
DA:93,2
DA:94,1
DA:95,1
DA:96,1
DA:97,1
DA:98,1
DA:101,0
DA:104,5
DA:106,5
DA:107,5
DA:108,5
DA:111,10
DA:112,5
DA:113,5
DA:114,27
DA:116,1
DA:119,1
DA:120,0
DA:122,1
DA:123,0
DA:126,3
DA:127,3
DA:128,1
DA:129,0
DA:132,3
DA:133,1
DA:134,1
DA:135,1
DA:137,0
DA:140,1
DA:141,1
DA:142,1
DA:143,1
DA:144,1
DA:145,1
DA:148,0
DA:149,3
DA:151,82
DA:152,291
DA:153,291
DA:154,82
DA:157,0
DA:160,10
DA:161,21
DA:162,21
DA:163,10
DA:164,10
DA:167,0
DA:170,2
DA:171,2
DA:172,7
DA:173,5
DA:174,4
DA:177,2
DA:180,3
DA:181,3
DA:182,8
DA:183,5
DA:184,5
DA:187,3
DA:190,0
DA:191,0
DA:192,0
DA:193,0
DA:194,0
DA:197,0
DA:200,7
DA:201,7
DA:202,20
DA:203,13
DA:204,13
DA:207,7
DA:208,7
DA:209,0
LF:131
LH:114
end_of_record
TN:
SF:/home/nermy/Desktop/ECE493-Lab/src/services/paper_service.hpp
FNF:0
FNH:0
LF:0
LH:0
end_of_record
TN:
SF:/home/nermy/Desktop/ECE493-Lab/src/services/payment_service.cpp
FN:14,23,_ZN3cms8services14PaymentService18IsValidPaymentInfoERKNS0_14PaymentRequestE
FN:25,58,_ZN3cms8services14PaymentService14ProcessPaymentEiRKNS0_14PaymentRequestE
FN:5,12,_ZN3cms8services14PaymentService11IsAllDigitsERKNSt7__cxx1112basic_stringIcSt11char_traitsIcESaIcEEE
FN:60,60,_ZNK3cms8services14PaymentService17ConfirmationCountEv
FN:62,64,_ZNK3cms8services14PaymentService23LastConfirmationMessageB5cxx11Ev
FN:66,73,_ZNK3cms8services14PaymentService24HasTicketForRegistrationEi
FNDA:4,_ZN3cms8services14PaymentService18IsValidPaymentInfoERKNS0_14PaymentRequestE
FNDA:5,_ZN3cms8services14PaymentService14ProcessPaymentEiRKNS0_14PaymentRequestE
FNDA:12,_ZN3cms8services14PaymentService11IsAllDigitsERKNSt7__cxx1112basic_stringIcSt11char_traitsIcESaIcEEE
FNDA:1,_ZNK3cms8services14PaymentService17ConfirmationCountEv
FNDA:1,_ZNK3cms8services14PaymentService23LastConfirmationMessageB5cxx11Ev
FNDA:1,_ZNK3cms8services14PaymentService24HasTicketForRegistrationEi
FNF:6
FNH:6
DA:5,12
DA:6,81
DA:7,69
DA:8,0
DA:11,12
DA:14,4
DA:15,4
DA:16,1
DA:18,3
DA:19,0
DA:21,6
DA:22,9
DA:25,5
DA:26,5
DA:27,5
DA:28,0
DA:30,5
DA:31,1
DA:33,4
DA:34,1
DA:36,3
DA:37,1
DA:38,1
DA:39,1
DA:40,1
DA:42,2
DA:43,1
DA:46,2
DA:47,1
DA:48,1
DA:50,1
DA:51,2
DA:52,3
DA:53,1
DA:55,1
DA:56,1
DA:57,1
DA:58,17
DA:60,1
DA:62,1
DA:63,1
DA:66,1
DA:67,1
DA:68,1
DA:69,1
DA:72,0
LF:46
LH:42
end_of_record
TN:
SF:/home/nermy/Desktop/ECE493-Lab/src/services/payment_service.hpp
FN:37,38,_ZN3cms8services14PaymentServiceC2EPNS0_19RegistrationServiceE
FNDA:1,_ZN3cms8services14PaymentServiceC2EPNS0_19RegistrationServiceE
FNF:1
FNH:1
DA:37,1
DA:38,1
LF:2
LH:2
end_of_record
TN:
SF:/home/nermy/Desktop/ECE493-Lab/src/services/referee_service.cpp
FN:120,146,_ZN3cms8services14RefereeService16RejectInvitationEi
FN:14,19,_ZN3cms8services14RefereeService14NormalizeEmailERKNSt7__cxx1112basic_stringIcSt11char_traitsIcESaIcEEE
FN:148,154,_ZNK3cms8services14RefereeService24CountAssignmentsForPaperEi
FN:156,168,_ZNK3cms8services14RefereeService32CountAcceptedAssignmentsForPaperEi
FN:17,17,_ZZN3cms8services14RefereeService14NormalizeEmailERKNSt7__cxx1112basic_stringIcSt11char_traitsIcESaIcEEEENKUlhE_clEh
FN:170,177,_ZNK3cms8services14RefereeService18GetRefereeWorkloadERKNSt7__cxx1112basic_stringIcSt11char_traitsIcESaIcEEE
FN:179,192,_ZNK3cms8services14RefereeService29CountAcceptedPapersForRefereeERKNSt7__cxx1112basic_stringIcSt11char_traitsIcESaIcEEE
FN:194,207,_ZNK3cms8services14RefereeService24IsPaperAssignedToRefereeEiRKNSt7__cxx1112basic_stringIcSt11char_traitsIcESaIcEEE
FN:209,209,_ZNK3cms8services14RefereeService15InvitationCountEv
FN:21,60,_ZN3cms8services14RefereeService13AssignRefereeEiRKNSt7__cxx1112basic_stringIcSt11char_traitsIcESaIcEEE
FN:211,211,_ZNK3cms8services14RefereeService23EditorNotificationCountEv
FN:213,215,_ZNK3cms8services14RefereeService20IsPaperFullyAssignedEi
FN:217,217,_ZNK3cms8services14RefereeService17IsPaperIncompleteEi
FN:219,226,_ZN3cms8services14RefereeService26CreateInvitationForTestingEiRKNSt7__cxx1112basic_stringIcSt11char_traitsIcESaIcEEE
FN:228,230,_ZN3cms8services14RefereeService28SetRefereeWorkloadForTestingERKNSt7__cxx1112basic_stringIcSt11char_traitsIcESaIcEEEi
FN:62,75,_ZN3cms8services14RefereeService19AssignRefereesBatchEiRKSt6vectorINSt7__cxx1112basic_stringIcSt11char_traitsIcESaIcEEESaIS8_EE
FN:77,83,_ZN3cms8services14RefereeService22MarkIncompleteIfNeededEi
FN:85,118,_ZN3cms8services14RefereeService16AcceptInvitationEi
FNDA:1,_ZN3cms8services14RefereeService16RejectInvitationEi
FNDA:159,_ZN3cms8services14RefereeService14NormalizeEmailERKNSt7__cxx1112basic_stringIcSt11char_traitsIcESaIcEEE
FNDA:3,_ZNK3cms8services14RefereeService24CountAssignmentsForPaperEi
FNDA:47,_ZNK3cms8services14RefereeService32CountAcceptedAssignmentsForPaperEi
FNDA:2653,_ZZN3cms8services14RefereeService14NormalizeEmailERKNSt7__cxx1112basic_stringIcSt11char_traitsIcESaIcEEEENKUlhE_clEh
FNDA:48,_ZNK3cms8services14RefereeService18GetRefereeWorkloadERKNSt7__cxx1112basic_stringIcSt11char_traitsIcESaIcEEE
FNDA:2,_ZNK3cms8services14RefereeService29CountAcceptedPapersForRefereeERKNSt7__cxx1112basic_stringIcSt11char_traitsIcESaIcEEE
FNDA:42,_ZNK3cms8services14RefereeService24IsPaperAssignedToRefereeEiRKNSt7__cxx1112basic_stringIcSt11char_traitsIcESaIcEEE
FNDA:3,_ZNK3cms8services14RefereeService15InvitationCountEv
FNDA:65,_ZN3cms8services14RefereeService13AssignRefereeEiRKNSt7__cxx1112basic_stringIcSt11char_traitsIcESaIcEEE
FNDA:0,_ZNK3cms8services14RefereeService23EditorNotificationCountEv
FNDA:2,_ZNK3cms8services14RefereeService20IsPaperFullyAssignedEi
FNDA:2,_ZNK3cms8services14RefereeService17IsPaperIncompleteEi
FNDA:1,_ZN3cms8services14RefereeService26CreateInvitationForTestingEiRKNSt7__cxx1112basic_stringIcSt11char_traitsIcESaIcEEE
FNDA:1,_ZN3cms8services14RefereeService28SetRefereeWorkloadForTestingERKNSt7__cxx1112basic_stringIcSt11char_traitsIcESaIcEEEi
FNDA:1,_ZN3cms8services14RefereeService19AssignRefereesBatchEiRKSt6vectorINSt7__cxx1112basic_stringIcSt11char_traitsIcESaIcEEESaIS8_EE
FNDA:1,_ZN3cms8services14RefereeService22MarkIncompleteIfNeededEi
FNDA:49,_ZN3cms8services14RefereeService16AcceptInvitationEi
FNF:18
FNH:17
DA:14,159
DA:15,159
DA:16,159
DA:17,2653
DA:18,159
DA:21,65
DA:22,65
DA:23,65
DA:24,0
DA:27,65
DA:28,0
DA:31,65
DA:32,65
DA:33,65
DA:35,1
DA:38,109
DA:39,46
DA:40,1
DA:44,63
DA:45,63
DA:46,1
DA:49,62
DA:50,62
DA:51,62
DA:52,62
DA:53,62
DA:55,62
DA:56,15
DA:59,62
DA:60,195
DA:62,1
DA:63,1
DA:64,2
DA:65,2
DA:66,2
DA:67,1
DA:68,1
DA:70,1
DA:71,1
DA:73,2
DA:74,1
DA:77,1
DA:78,1
DA:79,1
DA:80,1
DA:82,0
DA:85,49
DA:86,53
DA:87,101
DA:88,97
DA:89,49
DA:92,48
DA:93,1
DA:95,47
DA:96,0
DA:99,47
DA:100,1
DA:102,1
DA:105,46
DA:106,1
DA:108,1
DA:111,45
DA:112,45
DA:113,45
DA:117,1
DA:118,147
DA:120,1
DA:121,1
DA:123,1
DA:124,1
DA:125,0
DA:128,1
DA:129,0
DA:131,1
DA:132,0
DA:135,1
DA:136,1
DA:137,1
DA:138,1
DA:140,1
DA:141,1
DA:145,0
DA:146,3
DA:148,3
DA:149,3
DA:150,3
DA:151,0
DA:153,3
DA:156,47
DA:157,47
DA:158,47
DA:159,0
DA:161,47
DA:162,160
DA:163,113
DA:164,42
DA:167,47
DA:170,48
DA:171,48
DA:172,48
DA:173,48
DA:174,1
DA:176,47
DA:177,48
DA:179,2
DA:180,2
DA:181,2
DA:182,13
DA:184,28
DA:185,19
DA:186,2
DA:187,2
DA:191,2
DA:192,2
DA:194,42
DA:195,42
DA:196,42
DA:197,0
DA:199,42
DA:200,79
DA:201,120
DA:202,42
DA:203,41
DA:206,1
DA:207,42
DA:209,3
DA:211,0
DA:213,2
DA:214,2
DA:217,2
DA:219,1
DA:220,1
DA:221,1
DA:222,1
DA:223,1
DA:224,1
DA:225,1
DA:226,1
DA:228,1
DA:229,1
DA:230,1
LF:141
LH:129
end_of_record
TN:
SF:/home/nermy/Desktop/ECE493-Lab/src/services/referee_service.hpp
FN:45,45,_ZN3cms8services14RefereeServiceC2EPNS0_12PaperServiceE
FNDA:7,_ZN3cms8services14RefereeServiceC2EPNS0_12PaperServiceE
FNF:1
FNH:1
DA:45,7
LF:1
LH:1
end_of_record
TN:
SF:/home/nermy/Desktop/ECE493-Lab/src/services/registration_service.cpp
FN:10,18,_ZN3cms8services19RegistrationService21IsValidAttendanceTypeERKNSt7__cxx1112basic_stringIcSt11char_traitsIcESaIcEEE
FN:16,16,_ZZN3cms8services19RegistrationService21IsValidAttendanceTypeERKNSt7__cxx1112basic_stringIcSt11char_traitsIcESaIcEEEENKUlhE_clEh
FN:20,39,_ZN3cms8services19RegistrationService18CreateRegistrationEiRKNS0_25CreateRegistrationRequestE
FN:41,48,_ZNK3cms8services19RegistrationService8FindByIdEi
FN:50,57,_ZNK3cms8services19RegistrationService14FindByAttendeeEi
FN:59,67,_ZN3cms8services19RegistrationService20MarkRegistrationPaidEi
FN:69,77,_ZN3cms8services19RegistrationService22MarkRegistrationFailedEi
FN:79,85,_ZNK3cms8services19RegistrationService21IsRegistrationOwnedByEii
FN:87,90,_ZNK3cms8services19RegistrationService27IsAttendeeRegisteredAndPaidEi
FN:92,94,_ZNK3cms8services19RegistrationService17RegistrationCountEv
FNDA:4,_ZN3cms8services19RegistrationService21IsValidAttendanceTypeERKNSt7__cxx1112basic_stringIcSt11char_traitsIcESaIcEEE
FNDA:24,_ZZN3cms8services19RegistrationService21IsValidAttendanceTypeERKNSt7__cxx1112basic_stringIcSt11char_traitsIcESaIcEEEENKUlhE_clEh
FNDA:4,_ZN3cms8services19RegistrationService18CreateRegistrationEiRKNS0_25CreateRegistrationRequestE
FNDA:12,_ZNK3cms8services19RegistrationService8FindByIdEi
FNDA:9,_ZNK3cms8services19RegistrationService14FindByAttendeeEi
FNDA:1,_ZN3cms8services19RegistrationService20MarkRegistrationPaidEi
FNDA:1,_ZN3cms8services19RegistrationService22MarkRegistrationFailedEi
FNDA:5,_ZNK3cms8services19RegistrationService21IsRegistrationOwnedByEii
FNDA:0,_ZNK3cms8services19RegistrationService27IsAttendeeRegisteredAndPaidEi
FNDA:0,_ZNK3cms8services19RegistrationService17RegistrationCountEv
FNF:10
FNH:8
DA:10,4
DA:11,4
DA:12,0
DA:14,4
DA:15,4
DA:16,24
DA:17,4
DA:18,4
DA:20,4
DA:22,4
DA:23,0
DA:25,4
DA:26,0
DA:29,4
DA:30,4
DA:32,0
DA:35,4
DA:36,4
DA:37,4
DA:38,4
DA:39,12
DA:41,12
DA:42,28
DA:43,28
DA:44,12
DA:47,0
DA:50,9
DA:51,21
DA:52,17
DA:53,5
DA:56,4
DA:59,1
DA:60,1
DA:61,1
DA:62,1
DA:63,1
DA:66,0
DA:69,1
DA:70,2
DA:71,2
DA:72,1
DA:73,1
DA:76,0
DA:79,5
DA:80,5
DA:81,5
DA:82,0
DA:84,5
DA:85,5
DA:87,0
DA:88,0
DA:89,0
DA:90,0
DA:92,0
DA:93,0
LF:55
LH:41
end_of_record
TN:
SF:/home/nermy/Desktop/ECE493-Lab/src/services/registration_service.hpp
FNF:0
FNH:0
LF:0
LH:0
end_of_record
TN:
SF:/home/nermy/Desktop/ECE493-Lab/src/services/review_service.cpp
FN:17,22,_ZN3cms8services13ReviewService14NormalizeEmailERKNSt7__cxx1112basic_stringIcSt11char_traitsIcESaIcEEE
FN:20,20,_ZZN3cms8services13ReviewService14NormalizeEmailERKNSt7__cxx1112basic_stringIcSt11char_traitsIcESaIcEEEENKUlhE_clEh
FN:24,38,_ZN3cms8services13ReviewService17IsValidReviewDataERKNS0_23ReviewSubmissionRequestE
FN:27,27,_ZZN3cms8services13ReviewService17IsValidReviewDataERKNS0_23ReviewSubmissionRequestEENKUlhE_clEh
FN:40,71,_ZN3cms8services13ReviewService12SubmitReviewERKNS0_23ReviewSubmissionRequestE
FN:65,65,_ZZN3cms8services13ReviewService12SubmitReviewERKNS0_23ReviewSubmissionRequestEENKUlhE_clEh
FN:73,81,_ZNK3cms8services13ReviewService20CountReviewsForPaperEi
FN:8,15,_ZN3cms8services13ReviewService7IsBlankERKNSt7__cxx1112basic_stringIcSt11char_traitsIcESaIcEEE
FN:83,91,_ZNK3cms8services13ReviewService26HasReviewForPaperByRefereeEiRKNSt7__cxx1112basic_stringIcSt11char_traitsIcESaIcEEE
FN:93,93,_ZNK3cms8services13ReviewService23EditorNotificationCountEv
FN:95,103,_ZNK3cms8services13ReviewService18GetReviewsForPaperEi
FNDA:80,_ZN3cms8services13ReviewService14NormalizeEmailERKNSt7__cxx1112basic_stringIcSt11char_traitsIcESaIcEEE
FNDA:1370,_ZZN3cms8services13ReviewService14NormalizeEmailERKNSt7__cxx1112basic_stringIcSt11char_traitsIcESaIcEEEENKUlhE_clEh
FNDA:41,_ZN3cms8services13ReviewService17IsValidReviewDataERKNS0_23ReviewSubmissionRequestE
FNDA:245,_ZZN3cms8services13ReviewService17IsValidReviewDataERKNS0_23ReviewSubmissionRequestEENKUlhE_clEh
FNDA:44,_ZN3cms8services13ReviewService12SubmitReviewERKNS0_23ReviewSubmissionRequestE
FNDA:234,_ZZN3cms8services13ReviewService12SubmitReviewERKNS0_23ReviewSubmissionRequestEENKUlhE_clEh
FNDA:12,_ZNK3cms8services13ReviewService20CountReviewsForPaperEi
FNDA:131,_ZN3cms8services13ReviewService7IsBlankERKNSt7__cxx1112basic_stringIcSt11char_traitsIcESaIcEEE
FNDA:40,_ZNK3cms8services13ReviewService26HasReviewForPaperByRefereeEiRKNSt7__cxx1112basic_stringIcSt11char_traitsIcESaIcEEE
FNDA:1,_ZNK3cms8services13ReviewService23EditorNotificationCountEv
FNDA:1,_ZNK3cms8services13ReviewService18GetReviewsForPaperEi
FNF:11
FNH:11
DA:8,131
DA:9,131
DA:10,130
DA:11,130
DA:14,1
DA:17,80
DA:18,80
DA:19,80
DA:20,1370
DA:21,80
DA:24,41
DA:25,41
DA:26,41
DA:27,245
DA:28,41
DA:29,1
DA:33,40
DA:34,0
DA:37,40
DA:38,41
DA:40,44
DA:41,87
DA:42,43
DA:43,1
DA:46,43
DA:47,2
DA:50,41
DA:51,1
DA:54,40
DA:55,40
DA:56,0
DA:59,40
DA:60,1
DA:63,39
DA:64,39
DA:65,234
DA:66,39
DA:67,39
DA:68,39
DA:69,39
DA:70,39
DA:71,132
DA:73,12
DA:74,12
DA:75,96
DA:76,84
DA:77,34
DA:80,12
DA:83,40
DA:84,40
DA:85,227
DA:86,188
DA:87,1
DA:90,39
DA:91,40
DA:93,1
DA:95,1
DA:96,1
DA:97,2
DA:98,1
DA:99,1
DA:102,1
DA:103,0
LF:63
LH:60
end_of_record
TN:
SF:/home/nermy/Desktop/ECE493-Lab/src/services/review_service.hpp
FN:37,37,_ZN3cms8services13ReviewServiceC2EPNS0_14RefereeServiceE
FNDA:5,_ZN3cms8services13ReviewServiceC2EPNS0_14RefereeServiceE
FNF:1
FNH:1
DA:37,5
LF:1
LH:1
end_of_record
TN:
SF:/home/nermy/Desktop/ECE493-Lab/src/services/schedule_service.cpp
FN:123,154,_ZN3cms8services15ScheduleService19EditCurrentScheduleERKNS0_19ScheduleEditRequestE
FN:156,158,_ZNK3cms8services15ScheduleService18GetCurrentScheduleEv
FN:160,165,_ZNK3cms8services15ScheduleService22GetCurrentScheduleHtmlB5cxx11Ev
FN:17,23,_ZN3cms8services15ScheduleService14BuildTimeSlotsB5cxx11Ei
FN:25,34,_ZN3cms8services15ScheduleService10RenderHtmlB5cxx11ERKSt6vectorINS_6models12ScheduleItemESaIS4_EE
FN:36,42,_ZN3cms8services15ScheduleService11InputsMatchERKSt6vectorIiSaIiEERKNS0_23ScheduleGenerateRequestES6_ii
FN:44,52,_ZN3cms8services15ScheduleService14NormalizeItemsERKSt6vectorINS_6models12ScheduleItemESaIS4_EE
FN:48,50,_ZZN3cms8services15ScheduleService14NormalizeItemsERKSt6vectorINS_6models12ScheduleItemESaIS4_EEENKUlRKS4_SA_E_clESA_SA_
FN:54,72,_ZN3cms8services15ScheduleService13ItemsConflictERKSt6vectorINS_6models12ScheduleItemESaIS4_EE
FN:74,121,_ZN3cms8services15ScheduleService16GenerateScheduleERKNS0_23ScheduleGenerateRequestE
FN:9,15,_ZN3cms8services15ScheduleService14BuildRoomNamesB5cxx11Ei
FNDA:5,_ZN3cms8services15ScheduleService19EditCurrentScheduleERKNS0_19ScheduleEditRequestE
FNDA:9,_ZNK3cms8services15ScheduleService18GetCurrentScheduleEv
FNDA:0,_ZNK3cms8services15ScheduleService22GetCurrentScheduleHtmlB5cxx11Ev
FNDA:2,_ZN3cms8services15ScheduleService14BuildTimeSlotsB5cxx11Ei
FNDA:4,_ZN3cms8services15ScheduleService10RenderHtmlB5cxx11ERKSt6vectorINS_6models12ScheduleItemESaIS4_EE
FNDA:2,_ZN3cms8services15ScheduleService11InputsMatchERKSt6vectorIiSaIiEERKNS0_23ScheduleGenerateRequestES6_ii
FNDA:8,_ZN3cms8services15ScheduleService14NormalizeItemsERKSt6vectorINS_6models12ScheduleItemESaIS4_EE
FNDA:16,_ZZN3cms8services15ScheduleService14NormalizeItemsERKSt6vectorINS_6models12ScheduleItemESaIS4_EEENKUlRKS4_SA_E_clESA_SA_
FNDA:3,_ZN3cms8services15ScheduleService13ItemsConflictERKSt6vectorINS_6models12ScheduleItemESaIS4_EE
FNDA:7,_ZN3cms8services15ScheduleService16GenerateScheduleERKNS0_23ScheduleGenerateRequestE
FNDA:2,_ZN3cms8services15ScheduleService14BuildRoomNamesB5cxx11Ei
FNF:11
FNH:10
DA:9,2
DA:10,2
DA:11,6
DA:12,4
DA:14,2
DA:15,0
DA:17,2
DA:18,2
DA:19,6
DA:20,4
DA:22,2
DA:23,0
DA:25,4
DA:26,4
DA:27,4
DA:28,12
DA:29,8
DA:30,8
DA:32,4
DA:33,8
DA:34,4
DA:36,2
DA:40,4
DA:41,4
DA:44,8
DA:46,8
DA:47,8
DA:48,16
DA:49,16
DA:51,8
DA:52,0
DA:54,3
DA:55,3
DA:56,3
DA:58,8
DA:59,6
DA:60,1
DA:62,6
DA:63,0
DA:65,6
DA:66,6
DA:67,1
DA:69,6
DA:71,2
DA:72,3
DA:74,7
DA:75,7
DA:76,7
DA:78,1
DA:81,6
DA:83,0
DA:86,6
DA:87,6
DA:89,1
DA:92,5
DA:93,1
DA:96,6
DA:97,2
DA:100,8
DA:103,2
DA:104,2
DA:106,2
DA:107,2
DA:108,6
DA:109,4
DA:110,4
DA:111,8
DA:114,2
DA:115,2
DA:116,2
DA:117,2
DA:118,2
DA:120,4
DA:121,28
DA:123,5
DA:124,5
DA:125,0
DA:127,5
DA:128,1
DA:131,4
DA:132,4
DA:134,4
DA:135,2
DA:136,3
DA:139,3
DA:141,1
DA:144,6
DA:145,4
DA:147,0
DA:151,2
DA:152,2
DA:153,4
DA:154,17
DA:156,9
DA:157,9
DA:160,0
DA:161,0
DA:162,0
DA:164,0
LF:99
LH:88
end_of_record
TN:
SF:/home/nermy/Desktop/ECE493-Lab/src/services/schedule_service.hpp
FN:54,54,_ZN3cms8services15ScheduleServiceC2EPNS0_12PaperServiceE
FNDA:4,_ZN3cms8services15ScheduleServiceC2EPNS0_12PaperServiceE
FNF:1
FNH:1
DA:54,4
LF:1
LH:1
end_of_record
TN:
SF:/home/nermy/Desktop/ECE493-Lab/src/services/session_service.cpp
FN:11,11,_ZNK3cms8services14SessionService15IsSessionActiveERKNSt7__cxx1112basic_stringIcSt11char_traitsIcESaIcEEE
FN:13,19,_ZNK3cms8services14SessionService19GetUserIdForSessionERKNSt7__cxx1112basic_stringIcSt11char_traitsIcESaIcEEE
FN:21,29,_ZNK3cms8services14SessionService23HasActiveSessionForUserEi
FN:31,31,_ZNK3cms8services14SessionService12SessionCountEv
FN:5,9,_ZN3cms8services14SessionService13CreateSessionB5cxx11Ei
FNDA:2,_ZNK3cms8services14SessionService15IsSessionActiveERKNSt7__cxx1112basic_stringIcSt11char_traitsIcESaIcEEE
FNDA:31,_ZNK3cms8services14SessionService19GetUserIdForSessionERKNSt7__cxx1112basic_stringIcSt11char_traitsIcESaIcEEE
FNDA:0,_ZNK3cms8services14SessionService23HasActiveSessionForUserEi
FNDA:0,_ZNK3cms8services14SessionService12SessionCountEv
FNDA:9,_ZN3cms8services14SessionService13CreateSessionB5cxx11Ei
FNF:5
FNH:3
DA:5,9
DA:6,9
DA:7,9
DA:8,9
DA:9,0
DA:11,2
DA:13,31
DA:14,31
DA:15,31
DA:16,1
DA:18,30
DA:21,0
DA:22,0
DA:24,0
DA:25,0
DA:28,0
DA:31,0
LF:17
LH:10
end_of_record
TN:
SF:/home/nermy/Desktop/ECE493-Lab/src/services/session_service.hpp
FNF:0
FNH:0
LF:0
LH:0
end_of_record
TN:
SF:/home/nermy/Desktop/ECE493-Lab/src/services/user_repository.cpp
FN:11,11,_ZZN3cms8services14UserRepository9NormalizeERKNSt7__cxx1112basic_stringIcSt11char_traitsIcESaIcEEEENKUlhE_clEh
FN:15,17,_ZNK3cms8services14UserRepository11EmailExistsERKNSt7__cxx1112basic_stringIcSt11char_traitsIcESaIcEEE
FN:19,26,_ZNK3cms8services14UserRepository11FindByEmailERKNSt7__cxx1112basic_stringIcSt11char_traitsIcESaIcEEE
FN:28,36,_ZNK3cms8services14UserRepository14FindByUsernameERKNSt7__cxx1112basic_stringIcSt11char_traitsIcESaIcEEE
FN:38,46,_ZNK3cms8services14UserRepository8FindByIdEi
FN:48,68,_ZN3cms8services14UserRepository22UpdatePasswordByUserIdEiRKNSt7__cxx1112basic_stringIcSt11char_traitsIcESaIcEEE
FN:70,78,_ZN3cms8services14UserRepository6CreateERKNSt7__cxx1112basic_stringIcSt11char_traitsIcESaIcEEES9_S9_S9_
FN:8,13,_ZN3cms8services14UserRepository9NormalizeERKNSt7__cxx1112basic_stringIcSt11char_traitsIcESaIcEEE
FNDA:520,_ZZN3cms8services14UserRepository9NormalizeERKNSt7__cxx1112basic_stringIcSt11char_traitsIcESaIcEEEENKUlhE_clEh
FNDA:11,_ZNK3cms8services14UserRepository11EmailExistsERKNSt7__cxx1112basic_stringIcSt11char_traitsIcESaIcEEE
FNDA:1,_ZNK3cms8services14UserRepository11FindByEmailERKNSt7__cxx1112basic_stringIcSt11char_traitsIcESaIcEEE
FNDA:14,_ZNK3cms8services14UserRepository14FindByUsernameERKNSt7__cxx1112basic_stringIcSt11char_traitsIcESaIcEEE
FNDA:4,_ZNK3cms8services14UserRepository8FindByIdEi
FNDA:1,_ZN3cms8services14UserRepository22UpdatePasswordByUserIdEiRKNSt7__cxx1112basic_stringIcSt11char_traitsIcESaIcEEE
FNDA:9,_ZN3cms8services14UserRepository6CreateERKNSt7__cxx1112basic_stringIcSt11char_traitsIcESaIcEEES9_S9_S9_
FNDA:44,_ZN3cms8services14UserRepository9NormalizeERKNSt7__cxx1112basic_stringIcSt11char_traitsIcESaIcEEE
FNF:8
FNH:8
DA:8,44
DA:9,44
DA:10,44
DA:11,520
DA:12,44
DA:15,11
DA:16,11
DA:19,1
DA:20,1
DA:21,1
DA:22,1
DA:23,0
DA:25,1
DA:26,1
DA:28,14
DA:30,14
DA:31,14
DA:32,14
DA:33,2
DA:35,12
DA:36,14
DA:38,4
DA:39,4
DA:41,4
DA:42,4
DA:45,0
DA:48,1
DA:49,1
DA:51,2
DA:53,1
DA:54,1
DA:55,1
DA:59,2
DA:61,1
DA:62,1
DA:63,1
DA:67,1
DA:70,9
DA:73,9
DA:74,9
DA:75,9
DA:76,9
DA:77,9
DA:78,0
LF:44
LH:41
end_of_record
TN:
SF:/home/nermy/Desktop/ECE493-Lab/src/services/user_repository.hpp
FNF:0
FNH:0
LF:0
LH:0
end_of_record
TN:
SF:/home/nermy/Desktop/ECE493-Lab/tests/acceptance/uat_uc01_registration.cpp
FN:13,53,main
FNDA:1,main
FNF:1
FNH:1
DA:13,1
DA:15,1
DA:16,1
DA:17,1
DA:20,1
DA:21,2
DA:22,2
DA:25,1
DA:26,2
DA:29,1
DA:30,2
DA:33,1
DA:34,2
DA:37,1
DA:38,2
DA:41,1
DA:42,2
DA:45,5
DA:47,1
DA:48,1
DA:49,1
DA:50,0
DA:51,0
DA:52,0
DA:53,30
LF:25
LH:22
end_of_record
TN:
SF:/home/nermy/Desktop/ECE493-Lab/tests/acceptance/uat_uc02_login.cpp
FN:18,25,_ZN12_GLOBAL__N_119ExtractSessionTokenERKNSt7__cxx1112basic_stringIcSt11char_traitsIcESaIcEEE
FN:28,77,main
FNDA:1,_ZN12_GLOBAL__N_119ExtractSessionTokenERKNSt7__cxx1112basic_stringIcSt11char_traitsIcESaIcEEE
FNDA:1,main
FNF:2
FNH:2
DA:18,1
DA:19,1
DA:20,1
DA:21,1
DA:22,0
DA:24,1
DA:25,1
DA:28,1
DA:30,1
DA:31,1
DA:32,1
DA:33,1
DA:35,1
DA:36,2
DA:40,1
DA:41,2
DA:42,1
DA:43,1
DA:44,2
DA:47,1
DA:48,2
DA:51,1
DA:52,2
DA:55,1
DA:56,1
DA:59,1
DA:60,1
DA:63,1
DA:64,2
DA:65,2
DA:68,1
DA:69,1
DA:71,1
DA:72,1
DA:73,1
DA:74,0
DA:75,0
DA:76,0
DA:77,20
LF:39
LH:35
end_of_record
TN:
SF:/home/nermy/Desktop/ECE493-Lab/tests/acceptance/uat_uc03_password_change.cpp
FN:17,24,_ZN12_GLOBAL__N_119ExtractSessionTokenERKNSt7__cxx1112basic_stringIcSt11char_traitsIcESaIcEEE
FN:27,77,main
FNDA:1,_ZN12_GLOBAL__N_119ExtractSessionTokenERKNSt7__cxx1112basic_stringIcSt11char_traitsIcESaIcEEE
FNDA:1,main
FNF:2
FNH:2
DA:17,1
DA:18,1
DA:19,1
DA:20,1
DA:21,0
DA:23,1
DA:24,1
DA:27,1
DA:29,1
DA:30,1
DA:31,1
DA:32,1
DA:34,1
DA:35,2
DA:38,1
DA:39,1
DA:40,1
DA:41,2
DA:44,1
DA:45,2
DA:48,1
DA:49,2
DA:52,1
DA:53,2
DA:56,1
DA:57,2
DA:60,1
DA:61,2
DA:64,1
DA:65,2
DA:68,6
DA:69,5
DA:71,1
DA:72,1
DA:73,1
DA:74,0
DA:75,0
DA:76,0
DA:77,32
LF:39
LH:35
end_of_record
TN:
SF:/home/nermy/Desktop/ECE493-Lab/tests/acceptance/uat_uc04_submit_paper.cpp
FN:14,21,_ZN12_GLOBAL__N_119ExtractSessionTokenERKNSt7__cxx1112basic_stringIcSt11char_traitsIcESaIcEEE
FN:24,86,main
FNDA:1,_ZN12_GLOBAL__N_119ExtractSessionTokenERKNSt7__cxx1112basic_stringIcSt11char_traitsIcESaIcEEE
FNDA:1,main
FNF:2
FNH:2
DA:14,1
DA:15,1
DA:16,1
DA:17,1
DA:18,0
DA:20,1
DA:21,1
DA:24,1
DA:26,1
DA:27,1
DA:28,1
DA:29,1
DA:31,1
DA:32,1
DA:34,1
DA:35,2
DA:36,1
DA:37,1
DA:38,1
DA:42,1
DA:43,2
DA:44,1
DA:48,1
DA:49,1
DA:53,1
DA:54,1
DA:58,1
DA:59,1
DA:62,1
DA:63,1
DA:66,1
DA:67,2
DA:69,2
DA:70,1
DA:73,1
DA:74,1
DA:75,2
DA:76,2
DA:77,1
DA:80,1
DA:81,1
DA:82,1
DA:83,0
DA:84,0
DA:85,0
DA:86,53
LF:46
LH:42
end_of_record
TN:
SF:/home/nermy/Desktop/ECE493-Lab/tests/acceptance/uat_uc05_save_draft.cpp
FN:14,21,_ZN12_GLOBAL__N_119ExtractSessionTokenERKNSt7__cxx1112basic_stringIcSt11char_traitsIcESaIcEEE
FN:24,83,main
FNDA:1,_ZN12_GLOBAL__N_119ExtractSessionTokenERKNSt7__cxx1112basic_stringIcSt11char_traitsIcESaIcEEE
FNDA:1,main
FNF:2
FNH:2
DA:14,1
DA:15,1
DA:16,1
DA:17,1
DA:18,0
DA:20,1
DA:21,1
DA:24,1
DA:26,1
DA:27,1
DA:28,1
DA:29,1
DA:31,1
DA:32,1
DA:34,1
DA:35,2
DA:36,1
DA:37,1
DA:38,1
DA:41,1
DA:42,2
DA:43,1
DA:46,1
DA:47,1
DA:49,1
DA:50,1
DA:51,2
DA:52,1
DA:56,1
DA:57,1
DA:60,1
DA:61,1
DA:64,1
DA:65,2
DA:66,1
DA:70,1
DA:71,1
DA:74,1
DA:75,1
DA:77,1
DA:78,1
DA:79,1
DA:80,0
DA:81,0
DA:82,0
DA:83,43
LF:46
LH:42
end_of_record
TN:
SF:/home/nermy/Desktop/ECE493-Lab/tests/acceptance/uat_uc06_assign_referees.cpp
FN:11,15,_ZN12_GLOBAL__N_120CreateSubmittedPaperEPN3cms8services12PaperServiceEiRKNSt7__cxx1112basic_stringIcSt11char_traitsIcESaIcEEE
FN:18,98,main
FNDA:12,_ZN12_GLOBAL__N_120CreateSubmittedPaperEPN3cms8services12PaperServiceEiRKNSt7__cxx1112basic_stringIcSt11char_traitsIcESaIcEEE
FNDA:1,main
FNF:2
FNH:2
DA:11,12
DA:13,12
DA:14,12
DA:15,36
DA:18,1
DA:20,1
DA:21,1
DA:22,1
DA:24,1
DA:27,2
DA:28,2
DA:29,2
DA:30,2
DA:31,2
DA:33,2
DA:35,2
DA:39,1
DA:40,6
DA:41,5
DA:42,5
DA:43,5
DA:44,5
DA:45,1
DA:46,1
DA:47,2
DA:50,2
DA:51,2
DA:52,2
DA:53,2
DA:54,2
DA:57,2
DA:58,2
DA:59,1
DA:60,1
DA:61,2
DA:65,2
DA:66,2
DA:67,2
DA:68,2
DA:69,2
DA:73,1
DA:74,1
DA:75,1
DA:76,1
DA:77,2
DA:81,2
DA:82,4
DA:84,3
DA:86,1
DA:87,5
DA:88,3
DA:89,1
DA:92,1
DA:93,1
DA:94,1
DA:95,0
DA:96,0
DA:97,0
DA:98,3
LF:59
LH:56
end_of_record
TN:
SF:/home/nermy/Desktop/ECE493-Lab/tests/acceptance/uat_uc07_invitation_response.cpp
FN:16,84,main
FN:9,13,_ZN12_GLOBAL__N_120CreateSubmittedPaperEPN3cms8services12PaperServiceEi
FNDA:1,main
FNDA:6,_ZN12_GLOBAL__N_120CreateSubmittedPaperEPN3cms8services12PaperServiceEi
FNF:2
FNH:2
DA:9,6
DA:10,0
DA:11,12
DA:12,6
DA:13,30
DA:16,1
DA:18,1
DA:19,1
DA:20,1
DA:23,1
DA:24,1
DA:25,1
DA:26,2
DA:27,3
DA:31,1
DA:32,1
DA:33,1
DA:34,2
DA:35,3
DA:39,1
DA:40,2
DA:41,2
DA:42,1
DA:43,1
DA:44,1
DA:45,1
DA:46,1
DA:47,1
DA:48,1
DA:51,1
DA:52,2
DA:53,1
DA:54,1
DA:55,1
DA:58,1
DA:59,1
DA:62,1
DA:63,1
DA:64,1
DA:65,1
DA:66,2
DA:67,2
DA:68,3
DA:72,1
DA:73,1
DA:74,1
DA:75,3
DA:78,1
DA:79,1
DA:80,1
DA:81,0
DA:82,0
DA:83,0
LF:53
LH:49
end_of_record
TN:
SF:/home/nermy/Desktop/ECE493-Lab/tests/acceptance/uat_uc08_submit_review.cpp
FN:10,72,main
FNDA:1,main
FNF:1
FNH:1
DA:10,1
DA:12,1
DA:13,1
DA:14,1
DA:16,1
DA:17,1
DA:19,1
DA:20,1
DA:21,1
DA:22,1
DA:26,1
DA:27,2
DA:28,1
DA:33,1
DA:34,1
DA:38,1
DA:39,1
DA:43,1
DA:44,1
DA:48,1
DA:49,1
DA:52,1
DA:53,1
DA:56,1
DA:57,1
DA:58,1
DA:60,1
DA:62,1
DA:63,1
DA:66,1
DA:67,1
DA:68,1
DA:69,0
DA:70,0
DA:71,0
DA:72,46
LF:36
LH:33
end_of_record
TN:
SF:/home/nermy/Desktop/ECE493-Lab/tests/acceptance/uat_uc09_decision.cpp
FN:14,23,_ZN12_GLOBAL__N_117AddAcceptedReviewEPN3cms8services12PaperServiceEPNS1_14RefereeServiceEPNS0_3api17RefereeControllerEPNS6_16ReviewControllerEiRKNSt7__cxx1112basic_stringIcSt11char_traitsIcESaIcEEESI_
FN:26,123,main
FNDA:16,_ZN12_GLOBAL__N_117AddAcceptedReviewEPN3cms8services12PaperServiceEPNS1_14RefereeServiceEPNS0_3api17RefereeControllerEPNS6_16ReviewControllerEiRKNSt7__cxx1112basic_stringIcSt11char_traitsIcESaIcEEESI_
FNDA:1,main
FNF:2
FNH:2
DA:14,16
DA:18,16
DA:19,16
DA:21,16
DA:22,16
DA:23,32
DA:26,1
DA:28,1
DA:29,1
DA:30,1
DA:31,1
DA:33,1
DA:34,1
DA:35,1
DA:38,1
DA:39,4
DA:41,4
DA:43,3
DA:45,1
DA:46,1
DA:47,1
DA:48,1
DA:52,1
DA:53,4
DA:55,4
DA:57,3
DA:59,1
DA:60,1
DA:61,1
DA:62,1
DA:66,1
DA:67,3
DA:69,1
DA:70,1
DA:73,1
DA:74,4
DA:76,4
DA:78,3
DA:80,1
DA:81,1
DA:84,1
DA:85,4
DA:87,4
DA:89,3
DA:91,1
DA:92,1
DA:95,1
DA:96,4
DA:98,4
DA:100,3
DA:102,1
DA:103,1
DA:104,1
DA:105,1
DA:109,1
DA:110,1
DA:113,1
DA:114,1
DA:117,1
DA:118,1
DA:119,1
DA:120,0
DA:121,0
DA:122,0
DA:123,57
LF:65
LH:62
end_of_record
TN:
SF:/home/nermy/Desktop/ECE493-Lab/tests/acceptance/uat_uc10_generate_schedule.cpp
FN:16,49,_ZN12_GLOBAL__N_111AcceptPaperEPN3cms8services12PaperServiceEPNS1_14RefereeServiceEPNS1_13ReviewServiceEPNS1_15DecisionServiceEiRKNSt7__cxx1112basic_stringIcSt11char_traitsIcESaIcEEEi
FN:52,115,main
FNDA:5,_ZN12_GLOBAL__N_111AcceptPaperEPN3cms8services12PaperServiceEPNS1_14RefereeServiceEPNS1_13ReviewServiceEPNS1_15DecisionServiceEiRKNSt7__cxx1112basic_stringIcSt11char_traitsIcESaIcEEEi
FNDA:1,main
FNF:2
FNH:2
DA:16,5
DA:20,10
DA:22,5
DA:23,5
DA:24,5
DA:26,5
DA:27,5
DA:28,5
DA:30,10
DA:31,10
DA:32,10
DA:34,10
DA:35,15
DA:36,5
DA:38,10
DA:39,15
DA:40,5
DA:42,5
DA:43,15
DA:44,5
DA:47,5
DA:48,5
DA:49,120
DA:52,1
DA:54,1
DA:55,1
DA:56,1
DA:57,1
DA:58,1
DA:59,1
DA:62,2
DA:63,1
DA:64,1
DA:65,2
DA:66,1
DA:70,1
DA:71,2
DA:72,1
DA:75,1
DA:76,1
DA:77,1
DA:78,1
DA:79,1
DA:82,1
DA:83,1
DA:84,1
DA:85,1
DA:86,1
DA:87,1
DA:88,3
DA:89,2
DA:90,1
DA:91,1
DA:92,1
DA:95,1
DA:96,1
DA:99,1
DA:100,1
DA:101,2
DA:102,2
DA:105,2
DA:106,1
DA:109,1
DA:110,1
DA:111,1
DA:112,0
DA:113,0
DA:114,0
LF:68
LH:65
end_of_record
TN:
SF:/home/nermy/Desktop/ECE493-Lab/tests/acceptance/uat_uc11_edit_schedule.cpp
FN:15,49,_ZN12_GLOBAL__N_111AcceptPaperEPN3cms8services12PaperServiceEPNS1_14RefereeServiceEPNS1_13ReviewServiceEPNS1_15DecisionServiceEi
FN:52,122,main
FNDA:2,_ZN12_GLOBAL__N_111AcceptPaperEPN3cms8services12PaperServiceEPNS1_14RefereeServiceEPNS1_13ReviewServiceEPNS1_15DecisionServiceEi
FNDA:1,main
FNF:2
FNH:2
DA:15,2
DA:19,6
DA:20,2
DA:22,2
DA:23,2
DA:24,2
DA:26,2
DA:27,2
DA:28,2
DA:29,4
DA:30,4
DA:31,4
DA:32,4
DA:33,2
DA:34,4
DA:35,2
DA:37,4
DA:38,2
DA:39,4
DA:40,2
DA:42,4
DA:43,2
DA:44,4
DA:45,2
DA:47,4
DA:49,48
DA:52,1
DA:54,1
DA:55,1
DA:56,1
DA:57,1
DA:58,1
DA:59,1
DA:61,1
DA:62,1
DA:63,1
DA:64,1
DA:66,1
DA:67,1
DA:70,1
DA:71,1
DA:72,1
DA:73,1
DA:76,1
DA:77,1
DA:78,1
DA:79,1
DA:80,1
DA:81,1
DA:82,1
DA:85,1
DA:86,1
DA:87,1
DA:90,1
DA:91,1
DA:92,1
DA:93,1
DA:96,1
DA:97,2
DA:98,1
DA:102,1
DA:103,1
DA:104,1
DA:105,1
DA:106,1
DA:107,1
DA:108,2
DA:109,1
DA:113,1
DA:114,1
DA:116,1
DA:117,1
DA:118,1
DA:119,0
DA:120,0
DA:121,0
DA:122,6
LF:77
LH:74
end_of_record
TN:
SF:/home/nermy/Desktop/ECE493-Lab/tests/acceptance/uat_uc12_registration.cpp
FN:14,21,_ZN12_GLOBAL__N_119ExtractSessionTokenERKNSt7__cxx1112basic_stringIcSt11char_traitsIcESaIcEEE
FN:24,118,main
FNDA:4,_ZN12_GLOBAL__N_119ExtractSessionTokenERKNSt7__cxx1112basic_stringIcSt11char_traitsIcESaIcEEE
FNDA:1,main
FNF:2
FNH:2
DA:14,4
DA:15,4
DA:16,4
DA:17,4
DA:18,0
DA:20,4
DA:21,4
DA:24,1
DA:26,1
DA:27,1
DA:28,1
DA:29,1
DA:30,1
DA:32,1
DA:33,1
DA:36,3
DA:39,3
DA:42,3
DA:45,3
DA:49,1
DA:50,1
DA:51,1
DA:52,1
DA:55,1
DA:56,1
DA:57,1
DA:59,1
DA:60,2
DA:61,1
DA:65,1
DA:66,1
DA:67,1
DA:69,1
DA:70,2
DA:71,1
DA:75,1
DA:76,1
DA:77,1
DA:79,1
DA:80,1
DA:83,1
DA:84,1
DA:85,1
DA:87,1
DA:88,3
DA:89,2
DA:93,2
DA:95,1
DA:99,1
DA:100,1
DA:105,1
DA:106,1
DA:109,2
DA:110,1
DA:112,1
DA:113,1
DA:114,1
DA:115,0
DA:116,0
DA:117,0
DA:118,71
LF:61
LH:57
end_of_record
TN:
SF:/home/nermy/Desktop/ECE493-Lab/tests/test_assert.hpp
FN:6,10,_Z6ExpectbRKNSt7__cxx1112basic_stringIcSt11char_traitsIcESaIcEEE
FNDA:216,_Z6ExpectbRKNSt7__cxx1112basic_stringIcSt11char_traitsIcESaIcEEE
FNF:1
FNH:1
DA:6,216
DA:7,216
DA:8,0
DA:10,216
LF:4
LH:3
end_of_record
TN:
SF:/usr/include/c++/13/bit
FN:195,237,_ZSt13__countl_zeroImEiT_
FN:365,369,_ZSt11__bit_widthImEiT_
FNDA:38,_ZSt13__countl_zeroImEiT_
FNDA:38,_ZSt11__bit_widthImEiT_
FNF:2
FNH:2
DA:195,38
DA:198,38
DA:200,38
DA:201,0
DA:203,38
DA:204,38
DA:205,38
DA:214,38
DA:215,38
DA:365,38
DA:367,38
DA:368,38
LF:12
LH:11
end_of_record
TN:
SF:/usr/include/c++/13/bits/alloc_traits.h
FNF:0
FNH:0
DA:482,9358
DA:517,9358
DA:540,1650
DA:542,1650
DA:560,1069
DA:562,1069
DA:576,10420
DA:588,2509
DA:661,12
DA:675,12
DA:722,0
DA:755,27
DA:759,27
DA:948,8056
DA:949,8056
LF:15
LH:14
end_of_record
TN:
SF:/usr/include/c++/13/bits/allocated_ptr.h
FN:53,55,_ZNSt15__allocated_ptrISaISt23_Sp_counted_ptr_inplaceINSt8__detail4_NFAINSt7__cxx1112regex_traitsIcEEEESaIvELN9__gnu_cxx12_Lock_policyE2EEEEC2ERSB_PSA_
FN:71,75,_ZNSt15__allocated_ptrISaISt23_Sp_counted_ptr_inplaceINSt8__detail4_NFAINSt7__cxx1112regex_traitsIcEEEESaIvELN9__gnu_cxx12_Lock_policyE2EEEED2Ev
FN:79,83,_ZNSt15__allocated_ptrISaISt23_Sp_counted_ptr_inplaceINSt8__detail4_NFAINSt7__cxx1112regex_traitsIcEEEESaIvELN9__gnu_cxx12_Lock_policyE2EEEEaSEDn
FN:86,86,_ZNSt15__allocated_ptrISaISt23_Sp_counted_ptr_inplaceINSt8__detail4_NFAINSt7__cxx1112regex_traitsIcEEEESaIvELN9__gnu_cxx12_Lock_policyE2EEEE3getEv
FN:96,99,_ZSt18__allocate_guardedISaISt23_Sp_counted_ptr_inplaceINSt8__detail4_NFAINSt7__cxx1112regex_traitsIcEEEESaIvELN9__gnu_cxx12_Lock_policyE2EEEESt15__allocated_ptrIT_ERSD_
FNDA:24,_ZNSt15__allocated_ptrISaISt23_Sp_counted_ptr_inplaceINSt8__detail4_NFAINSt7__cxx1112regex_traitsIcEEEESaIvELN9__gnu_cxx12_Lock_policyE2EEEEC2ERSB_PSA_
FNDA:24,_ZNSt15__allocated_ptrISaISt23_Sp_counted_ptr_inplaceINSt8__detail4_NFAINSt7__cxx1112regex_traitsIcEEEESaIvELN9__gnu_cxx12_Lock_policyE2EEEED2Ev
FNDA:12,_ZNSt15__allocated_ptrISaISt23_Sp_counted_ptr_inplaceINSt8__detail4_NFAINSt7__cxx1112regex_traitsIcEEEESaIvELN9__gnu_cxx12_Lock_policyE2EEEEaSEDn
FNDA:12,_ZNSt15__allocated_ptrISaISt23_Sp_counted_ptr_inplaceINSt8__detail4_NFAINSt7__cxx1112regex_traitsIcEEEESaIvELN9__gnu_cxx12_Lock_policyE2EEEE3getEv
FNDA:12,_ZSt18__allocate_guardedISaISt23_Sp_counted_ptr_inplaceINSt8__detail4_NFAINSt7__cxx1112regex_traitsIcEEEESaIvELN9__gnu_cxx12_Lock_policyE2EEEESt15__allocated_ptrIT_ERSD_
FNF:5
FNH:5
DA:53,24
DA:54,24
DA:55,24
DA:71,24
DA:73,24
DA:74,12
DA:75,24
DA:79,12
DA:81,12
DA:82,12
DA:86,12
DA:96,12
DA:98,12
LF:13
LH:13
end_of_record
TN:
SF:/usr/include/c++/13/bits/allocator.h
FNF:0
FNH:0
DA:163,16069
DA:168,29320
DA:178,214
DA:184,25530
DA:191,9358
DA:193,0
DA:194,0
DA:195,0
DA:198,9358
DA:205,9358
DA:207,0
DA:208,0
DA:210,9358
DA:217,0
LF:14
LH:8
end_of_record
TN:
SF:/usr/include/c++/13/bits/basic_string.h
FN:1071,1072,_ZNKSt7__cxx1112basic_stringIcSt11char_traitsIcESaIcEE4sizeEv
FN:1078,1079,_ZNKSt7__cxx1112basic_stringIcSt11char_traitsIcESaIcEE6lengthEv
FN:1084,1085,_ZNKSt7__cxx1112basic_stringIcSt11char_traitsIcESaIcEE8max_sizeEv
FN:1169,1173,_ZNKSt7__cxx1112basic_stringIcSt11char_traitsIcESaIcEE8capacityEv
FN:1211,1212,_ZNSt7__cxx1112basic_stringIcSt11char_traitsIcESaIcEE5clearEv
FN:1220,1221,_ZNKSt7__cxx1112basic_stringIcSt11char_traitsIcESaIcEE5emptyEv
FN:1236,1240,_ZNKSt7__cxx1112basic_stringIcSt11char_traitsIcESaIcEEixEm
FN:124,137,_ZNSt7__cxx1112basic_stringIcSt11char_traitsIcESaIcEE11_S_allocateERS3_m
FN:1254,1262,_ZNSt7__cxx1112basic_stringIcSt11char_traitsIcESaIcEEixEm
FN:1386,1390,_ZNSt7__cxx1112basic_stringIcSt11char_traitsIcESaIcEEpLEc
FN:1424,1425,_ZNSt7__cxx1112basic_stringIcSt11char_traitsIcESaIcEE6appendERKS4_
FN:1455,1460,_ZNSt7__cxx1112basic_stringIcSt11char_traitsIcESaIcEE6appendEPKcm
FN:1469,1475,_ZNSt7__cxx1112basic_stringIcSt11char_traitsIcESaIcEE6appendEPKc
FN:1561,1568,_ZNSt7__cxx1112basic_stringIcSt11char_traitsIcESaIcEE9push_backEc
FN:1577,1610,_ZNSt7__cxx1112basic_stringIcSt11char_traitsIcESaIcEE6assignERKS4_
FN:1681,1686,_ZNSt7__cxx1112basic_stringIcSt11char_traitsIcESaIcEE6assignEPKc
FN:1699,1700,_ZNSt7__cxx1112basic_stringIcSt11char_traitsIcESaIcEE6assignEmc
FN:188,189,_ZNSt7__cxx1112basic_stringIcSt11char_traitsIcESaIcEE12_Alloc_hiderC1EPcRKS3_
FN:188,189,_ZNSt7__cxx1112basic_stringIcSt11char_traitsIcESaIcEE12_Alloc_hiderC2EPcRKS3_
FN:1894,1896,_ZNSt7__cxx1112basic_stringIcSt11char_traitsIcESaIcEE6insertEmRKS4_
FN:192,193,_ZNSt7__cxx1112basic_stringIcSt11char_traitsIcESaIcEE12_Alloc_hiderC1EPcOS3_
FN:192,193,_ZNSt7__cxx1112basic_stringIcSt11char_traitsIcESaIcEE12_Alloc_hiderC2EPcOS3_
FN:1962,1967,_ZNSt7__cxx1112basic_stringIcSt11char_traitsIcESaIcEE6insertEmPKc
FN:212,213,_ZNSt7__cxx1112basic_stringIcSt11char_traitsIcESaIcEE7_M_dataEPc
FN:217,218,_ZNSt7__cxx1112basic_stringIcSt11char_traitsIcESaIcEE9_M_lengthEm
FN:2204,2210,_ZNSt7__cxx1112basic_stringIcSt11char_traitsIcESaIcEE7replaceEmmPKcm
FN:222,223,_ZNKSt7__cxx1112basic_stringIcSt11char_traitsIcESaIcEE7_M_dataEv
FN:227,234,_ZNSt7__cxx1112basic_stringIcSt11char_traitsIcESaIcEE13_M_local_dataEv
FN:238,245,_ZNKSt7__cxx1112basic_stringIcSt11char_traitsIcESaIcEE13_M_local_dataEv
FN:249,250,_ZNSt7__cxx1112basic_stringIcSt11char_traitsIcESaIcEE11_M_capacityEm
FN:254,258,_ZNSt7__cxx1112basic_stringIcSt11char_traitsIcESaIcEE13_M_set_lengthEm
FN:2595,2596,_ZNKSt7__cxx1112basic_stringIcSt11char_traitsIcESaIcEE5c_strEv
FN:2608,2609,_ZNKSt7__cxx1112basic_stringIcSt11char_traitsIcESaIcEE4dataEv
FN:262,271,_ZNKSt7__cxx1112basic_stringIcSt11char_traitsIcESaIcEE11_M_is_localEv
FN:2620,2621,_ZNSt7__cxx1112basic_stringIcSt11char_traitsIcESaIcEE4dataEv
FN:2629,2630,_ZNKSt7__cxx1112basic_stringIcSt11char_traitsIcESaIcEE13get_allocatorEv
FN:2661,2663,_ZNKSt7__cxx1112basic_stringIcSt11char_traitsIcESaIcEE4findERKS4_m
FN:2695,2699,_ZNKSt7__cxx1112basic_stringIcSt11char_traitsIcESaIcEE4findEPKcm
FN:280,284,_ZNSt7__cxx1112basic_stringIcSt11char_traitsIcESaIcEE10_M_disposeEv
FN:288,289,_ZNSt7__cxx1112basic_stringIcSt11char_traitsIcESaIcEE10_M_destroyEm
FN:3163,3165,_ZNKSt7__cxx1112basic_stringIcSt11char_traitsIcESaIcEE6substrEmm
FN:3183,3193,_ZNKSt7__cxx1112basic_stringIcSt11char_traitsIcESaIcEE7compareERKS4_
FN:336,337,_ZNSt7__cxx1112basic_stringIcSt11char_traitsIcESaIcEE16_M_get_allocatorEv
FN:341,342,_ZNKSt7__cxx1112basic_stringIcSt11char_traitsIcESaIcEE16_M_get_allocatorEv
FN:3528,3541,_ZSt12__str_concatINSt7__cxx1112basic_stringIcSt11char_traitsIcESaIcEEEET_PKNS6_10value_typeENS6_9size_typeES9_SA_RKNS6_14allocator_typeE
FN:3571,3579,_ZStplIcSt11char_traitsIcESaIcEENSt7__cxx1112basic_stringIT_T0_T1_EEPKS5_RKS8_
FN:3607,3615,_ZStplIcSt11char_traitsIcESaIcEENSt7__cxx1112basic_stringIT_T0_T1_EERKS8_PKS5_
FN:3637,3639,_ZStplIcSt11char_traitsIcESaIcEENSt7__cxx1112basic_stringIT_T0_T1_EEOS8_RKS8_
FN:3651,3669,_ZStplIcSt11char_traitsIcESaIcEENSt7__cxx1112basic_stringIT_T0_T1_EEOS8_S9_
FN:3674,3676,_ZStplIcSt11char_traitsIcESaIcEENSt7__cxx1112basic_stringIT_T0_T1_EEPKS5_OS8_
FN:3688,3690,_ZStplIcSt11char_traitsIcESaIcEENSt7__cxx1112basic_stringIT_T0_T1_EEOS8_PKS5_
FN:3710,3716,_ZSteqIcSt11char_traitsIcESaIcEEbRKNSt7__cxx1112basic_stringIT_T0_T1_EESA_
FN:3727,3732,_ZSteqIcSt11char_traitsIcESaIcEEbRKNSt7__cxx1112basic_stringIT_T0_T1_EEPKS5_
FN:3745,3748,_ZStssIcSt11char_traitsIcESaIcEEDTcl21__char_traits_cmp_catIT0_ELi0EEERKNSt7__cxx1112basic_stringIT_S3_T1_EESB_
FN:386,393,_ZNKSt7__cxx1112basic_stringIcSt11char_traitsIcESaIcEE8_M_checkEmPKc
FN:397,401,_ZNKSt7__cxx1112basic_stringIcSt11char_traitsIcESaIcEE15_M_check_lengthEmmPKc
FN:407,411,_ZNKSt7__cxx1112basic_stringIcSt11char_traitsIcESaIcEE8_M_limitEmm
FN:415,419,_ZNKSt7__cxx1112basic_stringIcSt11char_traitsIcESaIcEE11_M_disjunctEPKc
FN:4162,4173,_ZNSt7__cxx119to_stringEi
FN:4204,4212,_ZNSt7__cxx119to_stringEm
FN:425,431,_ZNSt7__cxx1112basic_stringIcSt11char_traitsIcESaIcEE7_S_copyEPcPKcm
FN:435,441,_ZNSt7__cxx1112basic_stringIcSt11char_traitsIcESaIcEE7_S_moveEPcPKcm
FN:4407,4408,_ZNKSt15__str_hash_baseIcSaIcENSt7__cxx1112basic_stringIcSt11char_traitsIcES0_EEEclERKS5_
FN:445,451,_ZNSt7__cxx1112basic_stringIcSt11char_traitsIcESaIcEE9_S_assignEPcmc
FN:466,467,_ZNSt7__cxx1112basic_stringIcSt11char_traitsIcESaIcEE13_S_copy_charsEPcN9__gnu_cxx17__normal_iteratorIS5_S4_EES8_
FN:477,478,_ZNSt7__cxx1112basic_stringIcSt11char_traitsIcESaIcEE13_S_copy_charsEPcS5_S5_
FN:482,484,_ZNSt7__cxx1112basic_stringIcSt11char_traitsIcESaIcEE13_S_copy_charsEPcPKcS7_
FN:488,498,_ZNSt7__cxx1112basic_stringIcSt11char_traitsIcESaIcEE10_S_compareEmm
FN:522,528,_ZNSt7__cxx1112basic_stringIcSt11char_traitsIcESaIcEEC2Ev
FN:535,540,_ZNSt7__cxx1112basic_stringIcSt11char_traitsIcESaIcEEC2ERKS3_
FN:547,553,_ZNSt7__cxx1112basic_stringIcSt11char_traitsIcESaIcEEC1ERKS4_
FN:547,553,_ZNSt7__cxx1112basic_stringIcSt11char_traitsIcESaIcEEC2ERKS4_
FN:581,589,_ZNSt7__cxx1112basic_stringIcSt11char_traitsIcESaIcEEC2ERKS4_mm
FN:641,650,_ZNSt7__cxx1112basic_stringIcSt11char_traitsIcESaIcEEC1IS3_EEPKcRKS3_
FN:641,650,_ZNSt7__cxx1112basic_stringIcSt11char_traitsIcESaIcEEC2IS3_EEPKcRKS3_
FN:664,666,_ZNSt7__cxx1112basic_stringIcSt11char_traitsIcESaIcEEC2IS3_EEmcRKS3_
FN:677,698,_ZNSt7__cxx1112basic_stringIcSt11char_traitsIcESaIcEEC2EOS4_
FN:760,770,_ZNSt7__cxx1112basic_stringIcSt11char_traitsIcESaIcEEC2IN9__gnu_cxx17__normal_iteratorIPcS4_EEvEET_SA_RKS3_
FN:760,770,_ZNSt7__cxx1112basic_stringIcSt11char_traitsIcESaIcEEC2IPcvEET_S7_RKS3_
FN:803,804,_ZNSt7__cxx1112basic_stringIcSt11char_traitsIcESaIcEED2Ev
FN:812,815,_ZNSt7__cxx1112basic_stringIcSt11char_traitsIcESaIcEEaSERKS4_
FN:823,824,_ZNSt7__cxx1112basic_stringIcSt11char_traitsIcESaIcEEaSEPKc
FN:853,913,_ZNSt7__cxx1112basic_stringIcSt11char_traitsIcESaIcEEaSEOS4_
FN:955,956,_ZNSt7__cxx1112basic_stringIcSt11char_traitsIcESaIcEE5beginEv
FN:964,965,_ZNKSt7__cxx1112basic_stringIcSt11char_traitsIcESaIcEE5beginEv
FN:973,974,_ZNSt7__cxx1112basic_stringIcSt11char_traitsIcESaIcEE3endEv
FN:982,983,_ZNKSt7__cxx1112basic_stringIcSt11char_traitsIcESaIcEE3endEv
FNDA:27910,_ZNKSt7__cxx1112basic_stringIcSt11char_traitsIcESaIcEE4sizeEv
FNDA:4983,_ZNKSt7__cxx1112basic_stringIcSt11char_traitsIcESaIcEE6lengthEv
FNDA:2441,_ZNKSt7__cxx1112basic_stringIcSt11char_traitsIcESaIcEE8max_sizeEv
FNDA:8985,_ZNKSt7__cxx1112basic_stringIcSt11char_traitsIcESaIcEE8capacityEv
FNDA:27,_ZNSt7__cxx1112basic_stringIcSt11char_traitsIcESaIcEE5clearEv
FNDA:16,_ZNKSt7__cxx1112basic_stringIcSt11char_traitsIcESaIcEE5emptyEv
FNDA:3,_ZNKSt7__cxx1112basic_stringIcSt11char_traitsIcESaIcEEixEm
FNDA:1272,_ZNSt7__cxx1112basic_stringIcSt11char_traitsIcESaIcEE11_S_allocateERS3_m
FNDA:457,_ZNSt7__cxx1112basic_stringIcSt11char_traitsIcESaIcEEixEm
FNDA:0,_ZNSt7__cxx1112basic_stringIcSt11char_traitsIcESaIcEEpLEc
FNDA:211,_ZNSt7__cxx1112basic_stringIcSt11char_traitsIcESaIcEE6appendERKS4_
FNDA:347,_ZNSt7__cxx1112basic_stringIcSt11char_traitsIcESaIcEE6appendEPKcm
FNDA:272,_ZNSt7__cxx1112basic_stringIcSt11char_traitsIcESaIcEE6appendEPKc
FNDA:0,_ZNSt7__cxx1112basic_stringIcSt11char_traitsIcESaIcEE9push_backEc
FNDA:664,_ZNSt7__cxx1112basic_stringIcSt11char_traitsIcESaIcEE6assignERKS4_
FNDA:8,_ZNSt7__cxx1112basic_stringIcSt11char_traitsIcESaIcEE6assignEPKc
FNDA:288,_ZNSt7__cxx1112basic_stringIcSt11char_traitsIcESaIcEE6assignEmc
FNDA:8443,_ZNSt7__cxx1112basic_stringIcSt11char_traitsIcESaIcEE12_Alloc_hiderC1EPcRKS3_
FNDA:0,_ZNSt7__cxx1112basic_stringIcSt11char_traitsIcESaIcEE12_Alloc_hiderC2EPcRKS3_
FNDA:0,_ZNSt7__cxx1112basic_stringIcSt11char_traitsIcESaIcEE6insertEmRKS4_
FNDA:0,_ZNSt7__cxx1112basic_stringIcSt11char_traitsIcESaIcEE12_Alloc_hiderC1EPcOS3_
FNDA:3390,_ZNSt7__cxx1112basic_stringIcSt11char_traitsIcESaIcEE12_Alloc_hiderC2EPcOS3_
FNDA:97,_ZNSt7__cxx1112basic_stringIcSt11char_traitsIcESaIcEE6insertEmPKc
FNDA:2636,_ZNSt7__cxx1112basic_stringIcSt11char_traitsIcESaIcEE7_M_dataEPc
FNDA:21596,_ZNSt7__cxx1112basic_stringIcSt11char_traitsIcESaIcEE9_M_lengthEm
FNDA:97,_ZNSt7__cxx1112basic_stringIcSt11char_traitsIcESaIcEE7replaceEmmPKcm
FNDA:94847,_ZNKSt7__cxx1112basic_stringIcSt11char_traitsIcESaIcEE7_M_dataEv
FNDA:12811,_ZNSt7__cxx1112basic_stringIcSt11char_traitsIcESaIcEE13_M_local_dataEv
FNDA:29048,_ZNKSt7__cxx1112basic_stringIcSt11char_traitsIcESaIcEE13_M_local_dataEv
FNDA:1658,_ZNSt7__cxx1112basic_stringIcSt11char_traitsIcESaIcEE11_M_capacityEm
FNDA:20612,_ZNSt7__cxx1112basic_stringIcSt11char_traitsIcESaIcEE13_M_set_lengthEm
FNDA:68,_ZNKSt7__cxx1112basic_stringIcSt11char_traitsIcESaIcEE5c_strEv
FNDA:1385,_ZNKSt7__cxx1112basic_stringIcSt11char_traitsIcESaIcEE4dataEv
FNDA:29048,_ZNKSt7__cxx1112basic_stringIcSt11char_traitsIcESaIcEE11_M_is_localEv
FNDA:14040,_ZNSt7__cxx1112basic_stringIcSt11char_traitsIcESaIcEE4dataEv
FNDA:68,_ZNKSt7__cxx1112basic_stringIcSt11char_traitsIcESaIcEE13get_allocatorEv
FNDA:8,_ZNKSt7__cxx1112basic_stringIcSt11char_traitsIcESaIcEE4findERKS4_m
FNDA:48,_ZNKSt7__cxx1112basic_stringIcSt11char_traitsIcESaIcEE4findEPKcm
FNDA:19025,_ZNSt7__cxx1112basic_stringIcSt11char_traitsIcESaIcEE10_M_disposeEv
FNDA:1272,_ZNSt7__cxx1112basic_stringIcSt11char_traitsIcESaIcEE10_M_destroyEm
FNDA:53,_ZNKSt7__cxx1112basic_stringIcSt11char_traitsIcESaIcEE6substrEmm
FNDA:0,_ZNKSt7__cxx1112basic_stringIcSt11char_traitsIcESaIcEE7compareERKS4_
FNDA:3571,_ZNSt7__cxx1112basic_stringIcSt11char_traitsIcESaIcEE16_M_get_allocatorEv
FNDA:4772,_ZNKSt7__cxx1112basic_stringIcSt11char_traitsIcESaIcEE16_M_get_allocatorEv
FNDA:68,_ZSt12__str_concatINSt7__cxx1112basic_stringIcSt11char_traitsIcESaIcEEEET_PKNS6_10value_typeENS6_9size_typeES9_SA_RKNS6_14allocator_typeE
FNDA:62,_ZStplIcSt11char_traitsIcESaIcEENSt7__cxx1112basic_stringIT_T0_T1_EEPKS5_RKS8_
FNDA:6,_ZStplIcSt11char_traitsIcESaIcEENSt7__cxx1112basic_stringIT_T0_T1_EERKS8_PKS5_
FNDA:164,_ZStplIcSt11char_traitsIcESaIcEENSt7__cxx1112basic_stringIT_T0_T1_EEOS8_RKS8_
FNDA:47,_ZStplIcSt11char_traitsIcESaIcEENSt7__cxx1112basic_stringIT_T0_T1_EEOS8_S9_
FNDA:97,_ZStplIcSt11char_traitsIcESaIcEENSt7__cxx1112basic_stringIT_T0_T1_EEPKS5_OS8_
FNDA:272,_ZStplIcSt11char_traitsIcESaIcEENSt7__cxx1112basic_stringIT_T0_T1_EEOS8_PKS5_
FNDA:577,_ZSteqIcSt11char_traitsIcESaIcEEbRKNSt7__cxx1112basic_stringIT_T0_T1_EESA_
FNDA:121,_ZSteqIcSt11char_traitsIcESaIcEEbRKNSt7__cxx1112basic_stringIT_T0_T1_EEPKS5_
FNDA:0,_ZStssIcSt11char_traitsIcESaIcEEDTcl21__char_traits_cmp_catIT0_ELi0EEERKNSt7__cxx1112basic_stringIT_S3_T1_EESB_
FNDA:203,_ZNKSt7__cxx1112basic_stringIcSt11char_traitsIcESaIcEE8_M_checkEmPKc
FNDA:1016,_ZNKSt7__cxx1112basic_stringIcSt11char_traitsIcESaIcEE15_M_check_lengthEmmPKc
FNDA:150,_ZNKSt7__cxx1112basic_stringIcSt11char_traitsIcESaIcEE8_M_limitEmm
FNDA:108,_ZNKSt7__cxx1112basic_stringIcSt11char_traitsIcESaIcEE11_M_disjunctEPKc
FNDA:144,_ZNSt7__cxx119to_stringEi
FNDA:37,_ZNSt7__cxx119to_stringEm
FNDA:19017,_ZNSt7__cxx1112basic_stringIcSt11char_traitsIcESaIcEE7_S_copyEPcPKcm
FNDA:96,_ZNSt7__cxx1112basic_stringIcSt11char_traitsIcESaIcEE7_S_moveEPcPKcm
FNDA:196,_ZNKSt15__str_hash_baseIcSaIcENSt7__cxx1112basic_stringIcSt11char_traitsIcES0_EEEclERKS5_
FNDA:481,_ZNSt7__cxx1112basic_stringIcSt11char_traitsIcESaIcEE9_S_assignEPcmc
FNDA:0,_ZNSt7__cxx1112basic_stringIcSt11char_traitsIcESaIcEE13_S_copy_charsEPcN9__gnu_cxx17__normal_iteratorIS5_S4_EES8_
FNDA:9283,_ZNSt7__cxx1112basic_stringIcSt11char_traitsIcESaIcEE13_S_copy_charsEPcS5_S5_
FNDA:1215,_ZNSt7__cxx1112basic_stringIcSt11char_traitsIcESaIcEE13_S_copy_charsEPcPKcS7_
FNDA:0,_ZNSt7__cxx1112basic_stringIcSt11char_traitsIcESaIcEE10_S_compareEmm
FNDA:101,_ZNSt7__cxx1112basic_stringIcSt11char_traitsIcESaIcEEC2Ev
FNDA:68,_ZNSt7__cxx1112basic_stringIcSt11char_traitsIcESaIcEEC2ERKS3_
FNDA:0,_ZNSt7__cxx1112basic_stringIcSt11char_traitsIcESaIcEEC1ERKS4_
FNDA:2263,_ZNSt7__cxx1112basic_stringIcSt11char_traitsIcESaIcEEC2ERKS4_
FNDA:53,_ZNSt7__cxx1112basic_stringIcSt11char_traitsIcESaIcEEC2ERKS4_mm
FNDA:1162,_ZNSt7__cxx1112basic_stringIcSt11char_traitsIcESaIcEEC1IS3_EEPKcRKS3_
FNDA:0,_ZNSt7__cxx1112basic_stringIcSt11char_traitsIcESaIcEEC2IS3_EEPKcRKS3_
FNDA:193,_ZNSt7__cxx1112basic_stringIcSt11char_traitsIcESaIcEEC2IS3_EEmcRKS3_
FNDA:973,_ZNSt7__cxx1112basic_stringIcSt11char_traitsIcESaIcEEC2EOS4_
FNDA:0,_ZNSt7__cxx1112basic_stringIcSt11char_traitsIcESaIcEEC2IN9__gnu_cxx17__normal_iteratorIPcS4_EEvEET_SA_RKS3_
FNDA:7020,_ZNSt7__cxx1112basic_stringIcSt11char_traitsIcESaIcEEC2IPcvEET_S7_RKS3_
FNDA:18857,_ZNSt7__cxx1112basic_stringIcSt11char_traitsIcESaIcEED2Ev
FNDA:664,_ZNSt7__cxx1112basic_stringIcSt11char_traitsIcESaIcEEaSERKS4_
FNDA:8,_ZNSt7__cxx1112basic_stringIcSt11char_traitsIcESaIcEEaSEPKc
FNDA:27,_ZNSt7__cxx1112basic_stringIcSt11char_traitsIcESaIcEEaSEOS4_
FNDA:924,_ZNSt7__cxx1112basic_stringIcSt11char_traitsIcESaIcEE5beginEv
FNDA:477,_ZNKSt7__cxx1112basic_stringIcSt11char_traitsIcESaIcEE5beginEv
FNDA:468,_ZNSt7__cxx1112basic_stringIcSt11char_traitsIcESaIcEE3endEv
FNDA:477,_ZNKSt7__cxx1112basic_stringIcSt11char_traitsIcESaIcEE3endEv
FNF:87
FNH:75
DA:124,1272
DA:126,1272
DA:136,1272
DA:188,8443
DA:189,8443
DA:192,3390
DA:193,3390
DA:212,2636
DA:213,2636
DA:217,21596
DA:218,21596
DA:222,94847
DA:223,94847
DA:227,12811
DA:230,12811
DA:238,29048
DA:241,29048
DA:249,1658
DA:250,1658
DA:254,20612
DA:256,20612
DA:257,20612
DA:258,20612
DA:262,29048
DA:264,29048
DA:266,27053
DA:267,0
DA:268,27053
DA:270,1995
DA:280,19025
DA:282,19025
DA:283,1272
DA:284,19025
DA:288,1272
DA:289,1272
DA:336,3571
DA:337,3571
DA:341,4772
DA:342,4772
DA:351,11338
DA:352,0
DA:353,0
DA:355,11338
DA:365,978
DA:386,203
DA:388,203
DA:389,0
DA:392,203
DA:397,1016
DA:399,1016
DA:400,0
DA:401,1016
DA:407,150
DA:409,150
DA:410,150
DA:415,108
DA:417,108
DA:418,108
DA:425,19017
DA:427,19017
DA:428,15119
DA:430,3898
DA:431,19017
DA:435,96
DA:437,96
DA:438,61
DA:440,35
DA:441,96
DA:445,481
DA:447,481
DA:448,409
DA:450,72
DA:451,481
DA:466,0
DA:467,0
DA:477,9283
DA:478,9283
DA:482,1215
DA:484,1215
DA:488,0
DA:490,0
DA:492,0
DA:493,0
DA:494,0
DA:495,0
DA:497,0
DA:522,101
DA:524,303
DA:527,101
DA:528,101
DA:535,68
DA:536,68
DA:539,68
DA:540,68
DA:547,2263
DA:548,2263
DA:549,2263
DA:551,2263
DA:553,2263
DA:581,53
DA:583,106
DA:585,53
DA:586,53
DA:587,53
DA:589,53
DA:641,1162
DA:642,1162
DA:645,1162
DA:646,0
DA:648,1162
DA:649,1162
DA:650,1162
DA:664,193
DA:665,193
DA:666,193
DA:677,973
DA:678,973
DA:680,973
DA:683,604
DA:684,604
DA:688,369
DA:689,369
DA:695,973
DA:696,973
DA:697,973
DA:698,973
DA:760,7020
DA:762,7020
DA:765,7020
DA:770,7020
DA:803,18857
DA:804,18857
DA:812,664
DA:814,664
DA:823,8
DA:824,8
DA:853,27
DA:856,27
DA:858,33
DA:859,27
DA:862,0
DA:863,0
DA:864,0
DA:867,27
DA:869,27
DA:874,16
DA:876,16
DA:877,16
DA:878,16
DA:881,11
DA:884,11
DA:886,11
DA:891,6
DA:892,6
DA:898,11
DA:899,11
DA:900,11
DA:901,11
DA:903,6
DA:904,6
DA:907,5
DA:910,0
DA:911,27
DA:912,27
DA:955,924
DA:956,924
DA:964,477
DA:965,477
DA:973,468
DA:974,468
DA:982,477
DA:983,477
DA:1071,27910
DA:1072,27910
DA:1078,4983
DA:1079,4983
DA:1084,2441
DA:1085,4882
DA:1169,8985
DA:1171,8985
DA:1172,8985
DA:1211,27
DA:1212,27
DA:1220,16
DA:1221,16
DA:1236,3
DA:1238,3
DA:1239,3
DA:1254,457
DA:1258,457
DA:1261,457
DA:1386,0
DA:1388,0
DA:1389,0
DA:1424,211
DA:1425,211
DA:1455,347
DA:1458,347
DA:1459,347
DA:1469,272
DA:1472,272
DA:1473,272
DA:1474,272
DA:1561,0
DA:1563,0
DA:1564,0
DA:1565,0
DA:1566,0
DA:1567,0
DA:1568,0
DA:1577,664
DA:1580,664
DA:1582,0
DA:1583,0
DA:1587,0
DA:1589,0
DA:1590,0
DA:1591,0
DA:1595,0
DA:1596,0
DA:1598,0
DA:1599,0
DA:1600,0
DA:1601,0
DA:1602,0
DA:1605,0
DA:1608,664
DA:1609,664
DA:1681,8
DA:1684,8
DA:1685,8
DA:1699,288
DA:1700,288
DA:1894,0
DA:1895,0
DA:1896,0
DA:1962,97
DA:1965,97
DA:1966,97
DA:2204,97
DA:2208,97
DA:2209,97
DA:2595,68
DA:2596,68
DA:2608,1385
DA:2609,1385
DA:2620,14040
DA:2621,14040
DA:2629,68
DA:2630,136
DA:2661,8
DA:2663,8
DA:2695,48
DA:2698,48
DA:3163,53
DA:3165,53
DA:3183,0
DA:3185,0
DA:3186,0
DA:3187,0
DA:3189,0
DA:3190,0
DA:3191,0
DA:3192,0
DA:3528,68
DA:3536,68
DA:3537,68
DA:3538,68
DA:3539,68
DA:3540,68
DA:3541,0
DA:3571,62
DA:3578,124
DA:3607,6
DA:3614,12
DA:3637,164
DA:3639,164
DA:3651,47
DA:3656,47
DA:3658,47
DA:3661,47
DA:3664,47
DA:3665,47
DA:3666,0
DA:3668,47
DA:3674,97
DA:3676,97
DA:3688,272
DA:3690,272
DA:3710,577
DA:3714,577
DA:3715,577
DA:3727,121
DA:3730,121
DA:3731,121
DA:3745,0
DA:3748,0
DA:4162,144
DA:4167,144
DA:4168,144
DA:4169,144
DA:4170,144
DA:4171,144
DA:4172,144
DA:4204,37
DA:4209,37
DA:4210,37
DA:4211,37
DA:4407,196
DA:4408,196
LF:310
LH:252
end_of_record
TN:
SF:/usr/include/c++/13/bits/basic_string.tcc
FN:138,160,_ZNSt7__cxx1112basic_stringIcSt11char_traitsIcESaIcEE9_M_createERmm
FN:221,252,_ZNSt7__cxx1112basic_stringIcSt11char_traitsIcESaIcEE12_M_constructIN9__gnu_cxx17__normal_iteratorIPcS4_EEEEvT_SA_St20forward_iterator_tag
FN:221,252,_ZNSt7__cxx1112basic_stringIcSt11char_traitsIcESaIcEE12_M_constructIPKcEEvT_S8_St20forward_iterator_tag
FN:221,252,_ZNSt7__cxx1112basic_stringIcSt11char_traitsIcESaIcEE12_M_constructIPcEEvT_S7_St20forward_iterator_tag
FN:239,239,_ZZNSt7__cxx1112basic_stringIcSt11char_traitsIcESaIcEE12_M_constructIN9__gnu_cxx17__normal_iteratorIPcS4_EEEEvT_SA_St20forward_iterator_tagEN6_GuardC2EPS4_
FN:239,239,_ZZNSt7__cxx1112basic_stringIcSt11char_traitsIcESaIcEE12_M_constructIPKcEEvT_S8_St20forward_iterator_tagEN6_GuardC2EPS4_
FN:239,239,_ZZNSt7__cxx1112basic_stringIcSt11char_traitsIcESaIcEE12_M_constructIPcEEvT_S7_St20forward_iterator_tagEN6_GuardC2EPS4_
FN:242,242,_ZZNSt7__cxx1112basic_stringIcSt11char_traitsIcESaIcEE12_M_constructIN9__gnu_cxx17__normal_iteratorIPcS4_EEEEvT_SA_St20forward_iterator_tagEN6_GuardD2Ev
FN:242,242,_ZZNSt7__cxx1112basic_stringIcSt11char_traitsIcESaIcEE12_M_constructIPKcEEvT_S8_St20forward_iterator_tagEN6_GuardD2Ev
FN:242,242,_ZZNSt7__cxx1112basic_stringIcSt11char_traitsIcESaIcEE12_M_constructIPcEEvT_S7_St20forward_iterator_tagEN6_GuardD2Ev
FN:257,272,_ZNSt7__cxx1112basic_stringIcSt11char_traitsIcESaIcEE12_M_constructEmc
FN:277,299,_ZNSt7__cxx1112basic_stringIcSt11char_traitsIcESaIcEE9_M_assignERKS4_
FN:304,320,_ZNSt7__cxx1112basic_stringIcSt11char_traitsIcESaIcEE7reserveEm
FN:325,345,_ZNSt7__cxx1112basic_stringIcSt11char_traitsIcESaIcEE9_M_mutateEmmPKcm
FN:413,428,_ZNSt7__cxx1112basic_stringIcSt11char_traitsIcESaIcEE9_M_appendEPKcm
FN:450,475,_ZNSt7__cxx1112basic_stringIcSt11char_traitsIcESaIcEE14_M_replace_auxEmmmc
FN:511,552,_ZNSt7__cxx1112basic_stringIcSt11char_traitsIcESaIcEE10_M_replaceEmmPKcm
FN:618,650,_ZNKSt7__cxx1112basic_stringIcSt11char_traitsIcESaIcEE4findEPKcmm
FN:655,669,_ZNKSt7__cxx1112basic_stringIcSt11char_traitsIcESaIcEE4findEcm
FNDA:1272,_ZNSt7__cxx1112basic_stringIcSt11char_traitsIcESaIcEE9_M_createERmm
FNDA:0,_ZNSt7__cxx1112basic_stringIcSt11char_traitsIcESaIcEE12_M_constructIN9__gnu_cxx17__normal_iteratorIPcS4_EEEEvT_SA_St20forward_iterator_tag
FNDA:1215,_ZNSt7__cxx1112basic_stringIcSt11char_traitsIcESaIcEE12_M_constructIPKcEEvT_S8_St20forward_iterator_tag
FNDA:9283,_ZNSt7__cxx1112basic_stringIcSt11char_traitsIcESaIcEE12_M_constructIPcEEvT_S7_St20forward_iterator_tag
FNDA:0,_ZZNSt7__cxx1112basic_stringIcSt11char_traitsIcESaIcEE12_M_constructIN9__gnu_cxx17__normal_iteratorIPcS4_EEEEvT_SA_St20forward_iterator_tagEN6_GuardC2EPS4_
FNDA:1215,_ZZNSt7__cxx1112basic_stringIcSt11char_traitsIcESaIcEE12_M_constructIPKcEEvT_S8_St20forward_iterator_tagEN6_GuardC2EPS4_
FNDA:9283,_ZZNSt7__cxx1112basic_stringIcSt11char_traitsIcESaIcEE12_M_constructIPcEEvT_S7_St20forward_iterator_tagEN6_GuardC2EPS4_
FNDA:0,_ZZNSt7__cxx1112basic_stringIcSt11char_traitsIcESaIcEE12_M_constructIN9__gnu_cxx17__normal_iteratorIPcS4_EEEEvT_SA_St20forward_iterator_tagEN6_GuardD2Ev
FNDA:1215,_ZZNSt7__cxx1112basic_stringIcSt11char_traitsIcESaIcEE12_M_constructIPKcEEvT_S8_St20forward_iterator_tagEN6_GuardD2Ev
FNDA:9283,_ZZNSt7__cxx1112basic_stringIcSt11char_traitsIcESaIcEE12_M_constructIPcEEvT_S7_St20forward_iterator_tagEN6_GuardD2Ev
FNDA:193,_ZNSt7__cxx1112basic_stringIcSt11char_traitsIcESaIcEE12_M_constructEmc
FNDA:664,_ZNSt7__cxx1112basic_stringIcSt11char_traitsIcESaIcEE9_M_assignERKS4_
FNDA:72,_ZNSt7__cxx1112basic_stringIcSt11char_traitsIcESaIcEE7reserveEm
FNDA:121,_ZNSt7__cxx1112basic_stringIcSt11char_traitsIcESaIcEE9_M_mutateEmmPKcm
FNDA:7675,_ZNSt7__cxx1112basic_stringIcSt11char_traitsIcESaIcEE9_M_appendEPKcm
FNDA:288,_ZNSt7__cxx1112basic_stringIcSt11char_traitsIcESaIcEE14_M_replace_auxEmmmc
FNDA:109,_ZNSt7__cxx1112basic_stringIcSt11char_traitsIcESaIcEE10_M_replaceEmmPKcm
FNDA:56,_ZNKSt7__cxx1112basic_stringIcSt11char_traitsIcESaIcEE4findEPKcmm
FNDA:7,_ZNKSt7__cxx1112basic_stringIcSt11char_traitsIcESaIcEE4findEcm
FNF:19
FNH:16
DA:138,1272
DA:143,1272
DA:144,0
DA:149,1272
DA:151,153
DA:153,153
DA:154,0
DA:159,1272
DA:221,10498
DA:225,10498
DA:227,10498
DA:229,1104
DA:230,1104
DA:239,10498
DA:242,10498
DA:245,10498
DA:247,10498
DA:249,10498
DA:251,10498
DA:252,10498
DA:257,193
DA:260,193
DA:262,0
DA:263,0
DA:268,193
DA:269,193
DA:271,193
DA:272,193
DA:277,664
DA:280,664
DA:282,664
DA:283,664
DA:285,664
DA:287,17
DA:288,17
DA:289,17
DA:290,17
DA:291,17
DA:294,664
DA:295,640
DA:297,664
DA:299,664
DA:304,72
DA:307,72
DA:312,72
DA:313,42
DA:315,30
DA:316,30
DA:317,30
DA:318,30
DA:319,30
DA:325,121
DA:329,121
DA:331,121
DA:332,121
DA:334,121
DA:335,120
DA:336,121
DA:337,121
DA:338,121
DA:339,1
DA:340,1
DA:342,121
DA:343,121
DA:344,121
DA:345,121
DA:413,7675
DA:416,7675
DA:418,7675
DA:420,7555
DA:421,7483
DA:424,120
DA:426,7675
DA:427,7675
DA:450,288
DA:454,288
DA:456,288
DA:457,288
DA:459,288
DA:461,288
DA:463,288
DA:464,288
DA:465,0
DA:468,0
DA:470,288
DA:471,288
DA:473,288
DA:474,288
DA:511,109
DA:515,109
DA:517,109
DA:518,109
DA:520,109
DA:522,108
DA:524,108
DA:526,108
DA:528,0
DA:529,0
DA:530,0
DA:531,0
DA:532,0
DA:533,0
DA:537,108
DA:539,108
DA:540,96
DA:541,108
DA:542,108
DA:545,0
DA:548,1
DA:550,109
DA:551,109
DA:618,56
DA:623,56
DA:625,56
DA:626,0
DA:627,56
DA:628,0
DA:630,56
DA:631,56
DA:632,56
DA:633,56
DA:634,56
DA:636,109
DA:639,109
DA:640,109
DA:641,40
DA:645,69
DA:646,16
DA:647,53
DA:649,0
DA:655,7
DA:658,7
DA:659,7
DA:660,7
DA:662,7
DA:663,7
DA:664,7
DA:665,7
DA:666,1
DA:668,7
LF:140
LH:124
end_of_record
TN:
SF:/usr/include/c++/13/bits/char_traits.h
FN:1008,1018,_ZNSt8__detail21__char_traits_cmp_catISt11char_traitsIcEEEDai
FN:136,137,_ZN9__gnu_cxx11char_traitsIcE2eqERKcS3_
FN:199,206,_ZN9__gnu_cxx11char_traitsIcE6lengthEPKc
FN:210,217,_ZN9__gnu_cxx11char_traitsIcE4findEPKcmRS2_
FN:222,248,_ZN9__gnu_cxx11char_traitsIcE4moveEPcPKcm
FN:253,268,_ZN9__gnu_cxx11char_traitsIcE4copyEPcPKcm
FN:273,300,_ZN9__gnu_cxx11char_traitsIcE6assignEPcmc
FN:351,359,_ZNSt11char_traitsIcE6assignERcRKc
FN:366,371,_ZNSt11char_traitsIcE2ltERKcS2_
FN:374,390,_ZNSt11char_traitsIcE7compareEPKcS2_m
FN:393,400,_ZNSt11char_traitsIcE6lengthEPKc
FN:403,412,_ZNSt11char_traitsIcE4findEPKcmRS1_
FN:415,424,_ZNSt11char_traitsIcE4moveEPcPKcm
FN:427,436,_ZNSt11char_traitsIcE4copyEPcPKcm
FN:439,448,_ZNSt11char_traitsIcE6assignEPcmc
FNDA:0,_ZNSt8__detail21__char_traits_cmp_catISt11char_traitsIcEEEDai
FNDA:0,_ZN9__gnu_cxx11char_traitsIcE2eqERKcS3_
FNDA:0,_ZN9__gnu_cxx11char_traitsIcE6lengthEPKc
FNDA:0,_ZN9__gnu_cxx11char_traitsIcE4findEPKcmRS2_
FNDA:0,_ZN9__gnu_cxx11char_traitsIcE4moveEPcPKcm
FNDA:0,_ZN9__gnu_cxx11char_traitsIcE4copyEPcPKcm
FNDA:0,_ZN9__gnu_cxx11char_traitsIcE6assignEPcmc
FNDA:36201,_ZNSt11char_traitsIcE6assignERcRKc
FNDA:0,_ZNSt11char_traitsIcE2ltERKcS2_
FNDA:690,_ZNSt11char_traitsIcE7compareEPKcS2_m
FNDA:1788,_ZNSt11char_traitsIcE6lengthEPKc
FNDA:116,_ZNSt11char_traitsIcE4findEPKcmRS1_
FNDA:35,_ZNSt11char_traitsIcE4moveEPcPKcm
FNDA:4502,_ZNSt11char_traitsIcE4copyEPcPKcm
FNDA:72,_ZNSt11char_traitsIcE6assignEPcmc
FNF:15
FNH:7
DA:136,0
DA:137,0
DA:199,0
DA:202,0
DA:203,0
DA:204,0
DA:205,0
DA:210,0
DA:213,0
DA:214,0
DA:215,0
DA:216,0
DA:222,0
DA:225,0
DA:226,0
DA:228,0
DA:242,0
DA:243,0
DA:246,0
DA:247,0
DA:253,0
DA:256,0
DA:257,0
DA:259,0
DA:261,0
DA:262,0
DA:263,0
DA:266,0
DA:267,0
DA:273,0
DA:277,0
DA:279,0
DA:280,0
DA:281,0
DA:287,0
DA:290,0
DA:291,0
DA:299,0
DA:351,36201
DA:354,36201
DA:355,0
DA:358,36201
DA:359,36201
DA:366,0
DA:369,0
DA:370,0
DA:374,690
DA:376,690
DA:377,0
DA:379,690
DA:381,0
DA:382,0
DA:383,0
DA:384,0
DA:385,0
DA:386,0
DA:389,690
DA:393,1788
DA:396,1788
DA:397,0
DA:399,1788
DA:403,116
DA:405,116
DA:406,0
DA:408,116
DA:409,0
DA:411,116
DA:415,35
DA:417,35
DA:418,0
DA:420,35
DA:421,0
DA:423,35
DA:427,4502
DA:429,4502
DA:430,386
DA:432,4116
DA:433,0
DA:435,4116
DA:439,72
DA:441,72
DA:442,0
DA:444,72
DA:445,0
DA:447,72
DA:1008,0
DA:1014,0
LF:87
LH:28
end_of_record
TN:
SF:/usr/include/c++/13/bits/charconv.h
FN:55,74,_ZNSt8__detail14__to_chars_lenIjEEjT_i
FN:55,74,_ZNSt8__detail14__to_chars_lenImEEjT_i
FN:81,110,_ZNSt8__detail18__to_chars_10_implIjEEvPcjT_
FN:81,110,_ZNSt8__detail18__to_chars_10_implImEEvPcjT_
FNDA:144,_ZNSt8__detail14__to_chars_lenIjEEjT_i
FNDA:37,_ZNSt8__detail14__to_chars_lenImEEjT_i
FNDA:144,_ZNSt8__detail18__to_chars_10_implIjEEvPcjT_
FNDA:37,_ZNSt8__detail18__to_chars_10_implImEEvPcjT_
FNF:4
FNH:4
DA:55,181
DA:61,181
DA:62,181
DA:63,181
DA:64,181
DA:67,182
DA:68,73
DA:69,73
DA:70,37
DA:71,1
DA:72,1
DA:81,181
DA:87,181
DA:93,181
DA:94,255
DA:96,74
DA:97,74
DA:98,74
DA:99,74
DA:100,74
DA:102,181
DA:104,36
DA:105,36
DA:106,36
DA:109,145
DA:110,181
LF:26
LH:26
end_of_record
TN:
SF:/usr/include/c++/13/bits/cpp_type_traits.h
FN:607,608,_ZSt12__miter_baseIN9__gnu_cxx17__normal_iteratorIPKN3cms6models12ScheduleItemESt6vectorIS4_SaIS4_EEEEET_SB_
FN:607,608,_ZSt12__miter_baseIN9__gnu_cxx17__normal_iteratorIPKNSt7__cxx119sub_matchINS1_IPKcNS2_12basic_stringIcSt11char_traitsIcESaIcEEEEEEESt6vectorISC_SaISC_EEEEET_SJ_
FN:607,608,_ZSt12__miter_baseIN9__gnu_cxx17__normal_iteratorIPKcSt6vectorIcSaIcEEEEET_S8_
FN:607,608,_ZSt12__miter_baseIN9__gnu_cxx17__normal_iteratorIPKiSt6vectorIiSaIiEEEEET_S8_
FN:607,608,_ZSt12__miter_baseIN9__gnu_cxx17__normal_iteratorIPN3cms6models12ScheduleItemESt6vectorIS4_SaIS4_EEEEET_SA_
FN:607,608,_ZSt12__miter_baseIN9__gnu_cxx17__normal_iteratorIPcSt6vectorIcSaIcEEEEET_S7_
FN:607,608,_ZSt12__miter_baseIN9__gnu_cxx17__normal_iteratorIPiSt6vectorIiSaIiEEEEET_S7_
FN:607,608,_ZSt12__miter_baseIPKcET_S2_
FN:607,608,_ZSt12__miter_baseIPN3cms6models12ScheduleItemEET_S4_
FN:607,608,_ZSt12__miter_baseIPNSt7__cxx119sub_matchIN9__gnu_cxx17__normal_iteratorIPKcNS0_12basic_stringIcSt11char_traitsIcESaIcEEEEEEEET_SE_
FN:607,608,_ZSt12__miter_baseIPPNSt8__detail9_StateSeqINSt7__cxx1112regex_traitsIcEEEEET_S8_
FN:607,608,_ZSt12__miter_baseIPPlET_S2_
FN:607,608,_ZSt12__miter_baseIPcET_S1_
FN:607,608,_ZSt12__miter_baseIPiET_S1_
FNDA:4,_ZSt12__miter_baseIN9__gnu_cxx17__normal_iteratorIPKN3cms6models12ScheduleItemESt6vectorIS4_SaIS4_EEEEET_SB_
FNDA:154,_ZSt12__miter_baseIN9__gnu_cxx17__normal_iteratorIPKNSt7__cxx119sub_matchINS1_IPKcNS2_12basic_stringIcSt11char_traitsIcESaIcEEEEEEESt6vectorISC_SaISC_EEEEET_SJ_
FNDA:72,_ZSt12__miter_baseIN9__gnu_cxx17__normal_iteratorIPKcSt6vectorIcSaIcEEEEET_S8_
FNDA:4,_ZSt12__miter_baseIN9__gnu_cxx17__normal_iteratorIPKiSt6vectorIiSaIiEEEEET_S8_
FNDA:0,_ZSt12__miter_baseIN9__gnu_cxx17__normal_iteratorIPN3cms6models12ScheduleItemESt6vectorIS4_SaIS4_EEEEET_SA_
FNDA:48,_ZSt12__miter_baseIN9__gnu_cxx17__normal_iteratorIPcSt6vectorIcSaIcEEEEET_S7_
FNDA:0,_ZSt12__miter_baseIN9__gnu_cxx17__normal_iteratorIPiSt6vectorIiSaIiEEEEET_S7_
FNDA:14040,_ZSt12__miter_baseIPKcET_S2_
FNDA:0,_ZSt12__miter_baseIPN3cms6models12ScheduleItemEET_S4_
FNDA:0,_ZSt12__miter_baseIPNSt7__cxx119sub_matchIN9__gnu_cxx17__normal_iteratorIPKcNS0_12basic_stringIcSt11char_traitsIcESaIcEEEEEEEET_SE_
FNDA:0,_ZSt12__miter_baseIPPNSt8__detail9_StateSeqINSt7__cxx1112regex_traitsIcEEEEET_S8_
FNDA:0,_ZSt12__miter_baseIPPlET_S2_
FNDA:0,_ZSt12__miter_baseIPcET_S1_
FNDA:0,_ZSt12__miter_baseIPiET_S1_
FNF:14
FNH:6
DA:607,14322
DA:608,14322
LF:2
LH:2
end_of_record
TN:
SF:/usr/include/c++/13/bits/deque.tcc
FN:164,180,_ZNSt5dequeINSt8__detail9_StateSeqINSt7__cxx1112regex_traitsIcEEEESaIS5_EE12emplace_backIJS5_EEERS5_DpOT_
FN:484,516,_ZNSt5dequeINSt8__detail9_StateSeqINSt7__cxx1112regex_traitsIcEEEESaIS5_EE16_M_push_back_auxIJRKS5_EEEvDpOT_
FN:484,516,_ZNSt5dequeINSt8__detail9_StateSeqINSt7__cxx1112regex_traitsIcEEEESaIS5_EE16_M_push_back_auxIJS5_EEEvDpOT_
FN:484,516,_ZNSt5dequeIlSaIlEE16_M_push_back_auxIJRKlEEEvDpOT_
FN:560,568,_ZNSt5dequeINSt8__detail9_StateSeqINSt7__cxx1112regex_traitsIcEEEESaIS5_EE15_M_pop_back_auxEv
FN:560,568,_ZNSt5dequeIlSaIlEE15_M_pop_back_auxEv
FN:931,973,_ZNSt5dequeINSt8__detail9_StateSeqINSt7__cxx1112regex_traitsIcEEEESaIS5_EE17_M_reallocate_mapEmb
FN:931,973,_ZNSt5dequeIlSaIlEE17_M_reallocate_mapEmb
FNDA:96,_ZNSt5dequeINSt8__detail9_StateSeqINSt7__cxx1112regex_traitsIcEEEESaIS5_EE12emplace_backIJS5_EEERS5_DpOT_
FNDA:0,_ZNSt5dequeINSt8__detail9_StateSeqINSt7__cxx1112regex_traitsIcEEEESaIS5_EE16_M_push_back_auxIJRKS5_EEEvDpOT_
FNDA:0,_ZNSt5dequeINSt8__detail9_StateSeqINSt7__cxx1112regex_traitsIcEEEESaIS5_EE16_M_push_back_auxIJS5_EEEvDpOT_
FNDA:0,_ZNSt5dequeIlSaIlEE16_M_push_back_auxIJRKlEEEvDpOT_
[...]
FNDA:30,_ZNSt22_Optional_payload_baseIiEC2IJRKiEEESt10in_place_tDpOT_
FNDA:9,_ZNSt22_Optional_payload_baseIN3cms6models8ScheduleEEC2EbRKS3_
FNDA:1,_ZNSt22_Optional_payload_baseIiE8_StorageIiLb1EEC2Ev
FNDA:30,_ZNSt22_Optional_payload_baseIiE8_StorageIiLb1EEC2IJRKiEEESt10in_place_tDpOT_
FNDA:2,_ZNSt22_Optional_payload_baseIN3cms6models11UserAccountEE8_StorageIS2_Lb0EEC2Ev
FNDA:4,_ZNSt22_Optional_payload_baseIN3cms6models12RegistrationEE8_StorageIS2_Lb0EEC2Ev
FNDA:0,_ZNSt22_Optional_payload_baseIN3cms6models15PaperSubmissionEE8_StorageIS2_Lb0EEC2Ev
FNDA:10,_ZNSt22_Optional_payload_baseIN3cms6models8DecisionEE8_StorageIS2_Lb0EEC2Ev
FNDA:13,_ZNSt22_Optional_payload_baseIN3cms6models8ScheduleEE8_StorageIS2_Lb0EEC2Ev
FNDA:17,_ZNSt22_Optional_payload_baseIN3cms6models11UserAccountEE8_StorageIS2_Lb0EEC2IJRKS2_EEESt10in_place_tDpOT_
FNDA:17,_ZNSt22_Optional_payload_baseIN3cms6models12RegistrationEE8_StorageIS2_Lb0EEC2IJRKS2_EEESt10in_place_tDpOT_
FNDA:82,_ZNSt22_Optional_payload_baseIN3cms6models15PaperSubmissionEE8_StorageIS2_Lb0EEC2IJRKS2_EEESt10in_place_tDpOT_
FNDA:2,_ZNSt22_Optional_payload_baseIN3cms6models8DecisionEE8_StorageIS2_Lb0EEC2IJRKS2_EEESt10in_place_tDpOT_
FNDA:19,_ZNSt22_Optional_payload_baseIN3cms6models11UserAccountEE8_StorageIS2_Lb0EED2Ev
FNDA:21,_ZNSt22_Optional_payload_baseIN3cms6models12RegistrationEE8_StorageIS2_Lb0EED2Ev
FNDA:82,_ZNSt22_Optional_payload_baseIN3cms6models15PaperSubmissionEE8_StorageIS2_Lb0EED2Ev
FNDA:12,_ZNSt22_Optional_payload_baseIN3cms6models8DecisionEE8_StorageIS2_Lb0EED2Ev
FNDA:13,_ZNSt22_Optional_payload_baseIN3cms6models8ScheduleEE8_StorageIS2_Lb0EED2Ev
FNDA:9,_ZNSt22_Optional_payload_baseIN3cms6models8ScheduleEE12_M_constructIJRKS2_EEEvDpOT_
FNDA:2,_ZNSt22_Optional_payload_baseIN3cms6models8ScheduleEE12_M_constructIJRS2_EEEvDpOT_
FNDA:17,_ZNSt22_Optional_payload_baseIN3cms6models11UserAccountEE10_M_destroyEv
FNDA:17,_ZNSt22_Optional_payload_baseIN3cms6models12RegistrationEE10_M_destroyEv
FNDA:82,_ZNSt22_Optional_payload_baseIN3cms6models15PaperSubmissionEE10_M_destroyEv
FNDA:2,_ZNSt22_Optional_payload_baseIN3cms6models8DecisionEE10_M_destroyEv
FNDA:11,_ZNSt22_Optional_payload_baseIN3cms6models8ScheduleEE10_M_destroyEv
FNDA:26,_ZNSt22_Optional_payload_baseIN3cms6models11UserAccountEE6_M_getEv
FNDA:17,_ZNSt22_Optional_payload_baseIN3cms6models12RegistrationEE6_M_getEv
FNDA:68,_ZNSt22_Optional_payload_baseIN3cms6models15PaperSubmissionEE6_M_getEv
FNDA:1,_ZNSt22_Optional_payload_baseIN3cms6models8DecisionEE6_M_getEv
FNDA:23,_ZNSt22_Optional_payload_baseIN3cms6models8ScheduleEE6_M_getEv
FNDA:30,_ZNSt22_Optional_payload_baseIiE6_M_getEv
FNDA:9,_ZNKSt22_Optional_payload_baseIN3cms6models8ScheduleEE6_M_getEv
FNDA:19,_ZNSt22_Optional_payload_baseIN3cms6models11UserAccountEE8_M_resetEv
FNDA:21,_ZNSt22_Optional_payload_baseIN3cms6models12RegistrationEE8_M_resetEv
FNDA:82,_ZNSt22_Optional_payload_baseIN3cms6models15PaperSubmissionEE8_M_resetEv
FNDA:12,_ZNSt22_Optional_payload_baseIN3cms6models8DecisionEE8_M_resetEv
FNDA:13,_ZNSt22_Optional_payload_baseIN3cms6models8ScheduleEE8_M_resetEv
FNDA:1,_ZNSt17_Optional_payloadIiLb1ELb1ELb1EEC2Ev
FNDA:2,_ZNSt17_Optional_payloadIN3cms6models11UserAccountELb1ELb0ELb0EEC2Ev
FNDA:4,_ZNSt17_Optional_payloadIN3cms6models12RegistrationELb1ELb0ELb0EEC2Ev
FNDA:0,_ZNSt17_Optional_payloadIN3cms6models15PaperSubmissionELb1ELb0ELb0EEC2Ev
FNDA:10,_ZNSt17_Optional_payloadIN3cms6models8DecisionELb1ELb0ELb0EEC2Ev
FNDA:4,_ZNSt17_Optional_payloadIN3cms6models8ScheduleELb1ELb0ELb0EEC2Ev
FNDA:19,_ZNSt17_Optional_payloadIN3cms6models11UserAccountELb1ELb0ELb0EED2Ev
FNDA:21,_ZNSt17_Optional_payloadIN3cms6models12RegistrationELb1ELb0ELb0EED2Ev
FNDA:82,_ZNSt17_Optional_payloadIN3cms6models15PaperSubmissionELb1ELb0ELb0EED2Ev
FNDA:12,_ZNSt17_Optional_payloadIN3cms6models8DecisionELb1ELb0ELb0EED2Ev
FNDA:13,_ZNSt17_Optional_payloadIN3cms6models8ScheduleELb1ELb0ELb0EED2Ev
FNDA:2,_ZNSt17_Optional_payloadIN3cms6models11UserAccountELb0ELb0ELb0EEC2Ev
FNDA:4,_ZNSt17_Optional_payloadIN3cms6models12RegistrationELb0ELb0ELb0EEC2Ev
FNDA:0,_ZNSt17_Optional_payloadIN3cms6models15PaperSubmissionELb0ELb0ELb0EEC2Ev
FNDA:10,_ZNSt17_Optional_payloadIN3cms6models8DecisionELb0ELb0ELb0EEC2Ev
FNDA:4,_ZNSt17_Optional_payloadIN3cms6models8ScheduleELb0ELb0ELb0EEC2Ev
FNDA:19,_ZNSt17_Optional_payloadIN3cms6models11UserAccountELb0ELb0ELb0EED2Ev
FNDA:21,_ZNSt17_Optional_payloadIN3cms6models12RegistrationELb0ELb0ELb0EED2Ev
FNDA:82,_ZNSt17_Optional_payloadIN3cms6models15PaperSubmissionELb0ELb0ELb0EED2Ev
FNDA:12,_ZNSt17_Optional_payloadIN3cms6models8DecisionELb0ELb0ELb0EED2Ev
FNDA:13,_ZNSt17_Optional_payloadIN3cms6models8ScheduleELb0ELb0ELb0EED2Ev
FNDA:2,_ZNSt19_Optional_base_implIN3cms6models8ScheduleESt14_Optional_baseIS2_Lb0ELb0EEE12_M_constructIJRS2_EEEvDpOT_
FNDA:28,_ZNKSt19_Optional_base_implIN3cms6models11UserAccountESt14_Optional_baseIS2_Lb0ELb0EEE13_M_is_engagedEv
FNDA:15,_ZNKSt19_Optional_base_implIN3cms6models12RegistrationESt14_Optional_baseIS2_Lb0ELb0EEE13_M_is_engagedEv
FNDA:82,_ZNKSt19_Optional_base_implIN3cms6models15PaperSubmissionESt14_Optional_baseIS2_Lb0ELb0EEE13_M_is_engagedEv
FNDA:12,_ZNKSt19_Optional_base_implIN3cms6models8DecisionESt14_Optional_baseIS2_Lb0ELb0EEE13_M_is_engagedEv
FNDA:16,_ZNKSt19_Optional_base_implIN3cms6models8ScheduleESt14_Optional_baseIS2_Lb0ELb0EEE13_M_is_engagedEv
FNDA:61,_ZNKSt19_Optional_base_implIiSt14_Optional_baseIiLb1ELb1EEE13_M_is_engagedEv
FNDA:26,_ZNSt19_Optional_base_implIN3cms6models11UserAccountESt14_Optional_baseIS2_Lb0ELb0EEE6_M_getEv
FNDA:17,_ZNSt19_Optional_base_implIN3cms6models12RegistrationESt14_Optional_baseIS2_Lb0ELb0EEE6_M_getEv
FNDA:68,_ZNSt19_Optional_base_implIN3cms6models15PaperSubmissionESt14_Optional_baseIS2_Lb0ELb0EEE6_M_getEv
FNDA:1,_ZNSt19_Optional_base_implIN3cms6models8DecisionESt14_Optional_baseIS2_Lb0ELb0EEE6_M_getEv
FNDA:23,_ZNSt19_Optional_base_implIN3cms6models8ScheduleESt14_Optional_baseIS2_Lb0ELb0EEE6_M_getEv
FNDA:30,_ZNSt19_Optional_base_implIiSt14_Optional_baseIiLb1ELb1EEE6_M_getEv
FNDA:0,_ZNKSt19_Optional_base_implIN3cms6models8ScheduleESt14_Optional_baseIS2_Lb0ELb0EEE6_M_getEv
FNDA:2,_ZNSt14_Optional_baseIN3cms6models11UserAccountELb0ELb0EEC2Ev
FNDA:4,_ZNSt14_Optional_baseIN3cms6models12RegistrationELb0ELb0EEC2Ev
FNDA:0,_ZNSt14_Optional_baseIN3cms6models15PaperSubmissionELb0ELb0EEC2Ev
FNDA:10,_ZNSt14_Optional_baseIN3cms6models8DecisionELb0ELb0EEC2Ev
FNDA:4,_ZNSt14_Optional_baseIN3cms6models8ScheduleELb0ELb0EEC2Ev
FNDA:17,_ZNSt14_Optional_baseIN3cms6models11UserAccountELb0ELb0EEC2IJRKS2_ELb0EEESt10in_place_tDpOT_
FNDA:17,_ZNSt14_Optional_baseIN3cms6models12RegistrationELb0ELb0EEC2IJRKS2_ELb0EEESt10in_place_tDpOT_
FNDA:82,_ZNSt14_Optional_baseIN3cms6models15PaperSubmissionELb0ELb0EEC2IJRKS2_ELb0EEESt10in_place_tDpOT_
FNDA:2,_ZNSt14_Optional_baseIN3cms6models8DecisionELb0ELb0EEC2IJRKS2_ELb0EEESt10in_place_tDpOT_
FNDA:9,_ZNSt14_Optional_baseIN3cms6models8ScheduleELb0ELb0EEC2ERKS3_
FNDA:1,_ZNSt14_Optional_baseIiLb1ELb1EEC2Ev
FNDA:30,_ZNSt14_Optional_baseIiLb1ELb1EEC2IJRKiELb0EEESt10in_place_tDpOT_
FNDA:4,_ZNSt8optionalIN3cms6models8ScheduleEEC2Ev
FNDA:2,_ZNSt8optionalIN3cms6models11UserAccountEEC2ESt9nullopt_t
FNDA:4,_ZNSt8optionalIN3cms6models12RegistrationEEC2ESt9nullopt_t
FNDA:0,_ZNSt8optionalIN3cms6models15PaperSubmissionEEC2ESt9nullopt_t
FNDA:10,_ZNSt8optionalIN3cms6models8DecisionEEC2ESt9nullopt_t
FNDA:1,_ZNSt8optionalIiEC2ESt9nullopt_t
FNDA:17,_ZNSt8optionalIN3cms6models11UserAccountEEC2IRKS2_Lb1EEEOT_
FNDA:17,_ZNSt8optionalIN3cms6models12RegistrationEEC2IRKS2_Lb1EEEOT_
FNDA:82,_ZNSt8optionalIN3cms6models15PaperSubmissionEEC2IRKS2_Lb1EEEOT_
FNDA:2,_ZNSt8optionalIN3cms6models8DecisionEEC2IRKS2_Lb1EEEOT_
FNDA:30,_ZNSt8optionalIiEC2IRKiLb1EEEOT_
FNDA:4,_ZNSt8optionalIN3cms6models8ScheduleEEaSIRS2_EENSt9enable_ifIX7__and_vISt6__not_ISt7is_sameIS3_NSt9remove_cvINSt16remove_referenceIT_E4typeEE4typeEEES7_ISt6__and_IJSt9is_scalarIS2_ES8_IS2_NSt5decayISB_E4typeEEEEESt16is_constructibleIS2_JSB_EESt13is_assignableIS5_SB_EEERS3_E4typeEOSB_
FNDA:0,_ZNKSt8optionalIN3cms6models8ScheduleEEptEv
FNDA:17,_ZNSt8optionalIN3cms6models11UserAccountEEptEv
FNDA:17,_ZNSt8optionalIN3cms6models12RegistrationEEptEv
FNDA:68,_ZNSt8optionalIN3cms6models15PaperSubmissionEEptEv
FNDA:1,_ZNSt8optionalIN3cms6models8DecisionEEptEv
FNDA:21,_ZNSt8optionalIN3cms6models8ScheduleEEptEv
FNDA:19,_ZNKSt8optionalIN3cms6models11UserAccountEE9has_valueEv
FNDA:15,_ZNKSt8optionalIN3cms6models12RegistrationEE9has_valueEv
FNDA:82,_ZNKSt8optionalIN3cms6models15PaperSubmissionEE9has_valueEv
FNDA:12,_ZNKSt8optionalIN3cms6models8DecisionEE9has_valueEv
FNDA:12,_ZNKSt8optionalIN3cms6models8ScheduleEE9has_valueEv
FNDA:31,_ZNKSt8optionalIiE9has_valueEv
FNF:130
FNH:117
DA:101,0
DA:102,0
DA:104,0
DA:105,0
DA:110,0
DA:111,0
DA:120,21
DA:121,147
DA:125,148
DA:126,148
DA:127,148
DA:128,148
DA:141,9
DA:143,9
DA:144,9
DA:145,9
DA:146,9
DA:209,1
DA:213,30
DA:214,30
DA:215,30
DA:239,29
DA:243,118
DA:244,118
DA:245,118
DA:263,147
DA:275,11
DA:278,11
DA:280,11
DA:281,11
DA:284,129
DA:286,129
DA:287,129
DA:288,129
DA:306,165
DA:307,165
DA:310,9
DA:311,9
DA:315,147
DA:317,147
DA:318,129
DA:320,18
DA:321,147
DA:343,1
DA:401,20
DA:402,147
DA:434,20
DA:441,147
DA:456,2
DA:459,2
DA:461,2
DA:472,214
DA:473,214
DA:477,165
DA:479,165
DA:480,165
DA:484,0
DA:486,0
DA:487,0
DA:516,20
DA:522,118
DA:523,118
DA:524,118
DA:539,9
DA:540,9
DA:541,9
DA:645,1
DA:651,30
DA:652,30
DA:653,30
DA:739,4
DA:741,17
DA:749,148
DA:751,148
DA:848,4
DA:852,4
DA:853,2
DA:855,2
DA:857,4
DA:963,0
DA:964,0
DA:967,124
DA:968,124
DA:989,171
DA:990,171
DA:1001,39
DA:1003,39
DA:1004,39
DA:1005,0
LF:89
LH:77
end_of_record
TN:
SF:/usr/include/c++/13/tuple
FN:1787,1788,_ZSt12__get_helperILm0EONSt7__cxx1112basic_stringIcSt11char_traitsIcESaIcEEEJEERT0_RSt11_Tuple_implIXT_EJS7_DpT1_EE
FN:1787,1788,_ZSt12__get_helperILm0ERKNSt7__cxx1112basic_stringIcSt11char_traitsIcESaIcEEEJEERT0_RSt11_Tuple_implIXT_EJS8_DpT1_EE
FN:1787,1788,_ZSt12__get_helperILm0ERKiJEERT0_RSt11_Tuple_implIXT_EJS2_DpT1_EE
FN:1787,1788,_ZSt12__get_helperILm0ERKlJEERT0_RSt11_Tuple_implIXT_EJS2_DpT1_EE
FN:1803,1804,_ZSt3getILm0EJONSt7__cxx1112basic_stringIcSt11char_traitsIcESaIcEEEEERNSt13tuple_elementIXT_ESt5tupleIJDpT0_EEE4typeERSB_
FN:1803,1804,_ZSt3getILm0EJRKNSt7__cxx1112basic_stringIcSt11char_traitsIcESaIcEEEEERNSt13tuple_elementIXT_ESt5tupleIJDpT0_EEE4typeERSC_
FN:1803,1804,_ZSt3getILm0EJRKiEERNSt13tuple_elementIXT_ESt5tupleIJDpT0_EEE4typeERS6_
FN:1803,1804,_ZSt3getILm0EJRKlEERNSt13tuple_elementIXT_ESt5tupleIJDpT0_EEE4typeERS6_
FN:193,194,_ZNSt10_Head_baseILm0ERKNSt7__cxx1112basic_stringIcSt11char_traitsIcESaIcEEELb0EEC2ES7_
FN:193,194,_ZNSt10_Head_baseILm0ERKiLb0EEC2ES1_
FN:193,194,_ZNSt10_Head_baseILm0ERKlLb0EEC2ES1_
FN:200,201,_ZNSt10_Head_baseILm0EONSt7__cxx1112basic_stringIcSt11char_traitsIcESaIcEEELb0EEC2IS5_EEOT_
FN:2013,2014,_ZSt16forward_as_tupleIJNSt7__cxx1112basic_stringIcSt11char_traitsIcESaIcEEEEESt5tupleIJDpOT_EES9_
FN:2252,2258,_ZNSt4pairIKNSt7__cxx1112basic_stringIcSt11char_traitsIcESaIcEEEN3cms6models11UserAccountEEC2IJRS6_EJEEESt21piecewise_construct_tSt5tupleIJDpT_EESE_IJDpT0_EE
FN:2252,2258,_ZNSt4pairIKNSt7__cxx1112basic_stringIcSt11char_traitsIcESaIcEEEiEC2IJOS5_EJEEESt21piecewise_construct_tSt5tupleIJDpT_EESB_IJDpT0_EE
FN:2252,2258,_ZNSt4pairIKNSt7__cxx1112basic_stringIcSt11char_traitsIcESaIcEEEiEC2IJRS6_EJEEESt21piecewise_construct_tSt5tupleIJDpT_EESB_IJDpT0_EE
FN:2252,2258,_ZNSt4pairIKiSt6vectorIN3cms6models17RefereeAssignmentESaIS4_EEEC2IJRS0_EJEEESt21piecewise_construct_tSt5tupleIJDpT_EESB_IJDpT0_EE
FN:2252,2258,_ZNSt4pairIKllEC2IJRS0_EJEEESt21piecewise_construct_tSt5tupleIJDpT_EES5_IJDpT0_EE
FN:2264,2269,_ZNSt4pairIKNSt7__cxx1112basic_stringIcSt11char_traitsIcESaIcEEEN3cms6models11UserAccountEEC2IJRS6_EJLm0EEJEJEEERSt5tupleIJDpT_EERSD_IJDpT1_EESt12_Index_tupleIJXspT0_EEESM_IJXspT2_EEE
FN:2264,2269,_ZNSt4pairIKNSt7__cxx1112basic_stringIcSt11char_traitsIcESaIcEEEiEC2IJOS5_EJLm0EEJEJEEERSt5tupleIJDpT_EERSA_IJDpT1_EESt12_Index_tupleIJXspT0_EEESJ_IJXspT2_EEE
FN:2264,2269,_ZNSt4pairIKNSt7__cxx1112basic_stringIcSt11char_traitsIcESaIcEEEiEC2IJRS6_EJLm0EEJEJEEERSt5tupleIJDpT_EERSA_IJDpT1_EESt12_Index_tupleIJXspT0_EEESJ_IJXspT2_EEE
FN:2264,2269,_ZNSt4pairIKiSt6vectorIN3cms6models17RefereeAssignmentESaIS4_EEEC2IJRS0_EJLm0EEJEJEEERSt5tupleIJDpT_EERSA_IJDpT1_EESt12_Index_tupleIJXspT0_EEESJ_IJXspT2_EEE
FN:2264,2269,_ZNSt4pairIKllEC2IJRS0_EJLm0EEJEJEEERSt5tupleIJDpT_EERS4_IJDpT1_EESt12_Index_tupleIJXspT0_EEESD_IJXspT2_EEE
FN:234,234,_ZNSt10_Head_baseILm0EONSt7__cxx1112basic_stringIcSt11char_traitsIcESaIcEEELb0EE7_M_headERS7_
FN:234,234,_ZNSt10_Head_baseILm0ERKNSt7__cxx1112basic_stringIcSt11char_traitsIcESaIcEEELb0EE7_M_headERS8_
FN:234,234,_ZNSt10_Head_baseILm0ERKiLb0EE7_M_headERS2_
FN:234,234,_ZNSt10_Head_baseILm0ERKlLb0EE7_M_headERS2_
FN:497,497,_ZNSt11_Tuple_implILm0EJONSt7__cxx1112basic_stringIcSt11char_traitsIcESaIcEEEEE7_M_headERS7_
FN:497,497,_ZNSt11_Tuple_implILm0EJRKNSt7__cxx1112basic_stringIcSt11char_traitsIcESaIcEEEEE7_M_headERS8_
FN:497,497,_ZNSt11_Tuple_implILm0EJRKiEE7_M_headERS2_
FN:497,497,_ZNSt11_Tuple_implILm0EJRKlEE7_M_headERS2_
FN:507,509,_ZNSt11_Tuple_implILm0EJRKNSt7__cxx1112basic_stringIcSt11char_traitsIcESaIcEEEEEC2ES7_
FN:507,509,_ZNSt11_Tuple_implILm0EJRKiEEC2ES1_
FN:507,509,_ZNSt11_Tuple_implILm0EJRKlEEC2ES1_
FN:513,515,_ZNSt11_Tuple_implILm0EJONSt7__cxx1112basic_stringIcSt11char_traitsIcESaIcEEEEEC2IS5_EEOT_
FN:527,530,_ZNSt11_Tuple_implILm0EJONSt7__cxx1112basic_stringIcSt11char_traitsIcESaIcEEEEEC2EOS7_
FN:527,530,_ZNSt11_Tuple_implILm0EJRKNSt7__cxx1112basic_stringIcSt11char_traitsIcESaIcEEEEEC2EOS8_
FN:527,530,_ZNSt11_Tuple_implILm0EJRKiEEC2EOS2_
FN:527,530,_ZNSt11_Tuple_implILm0EJRKlEEC2EOS2_
FN:874,876,_ZNSt5tupleIJRKNSt7__cxx1112basic_stringIcSt11char_traitsIcESaIcEEEEEC2ILb1ELb1EEES7_
FN:874,876,_ZNSt5tupleIJRKiEEC2ILb1ELb1EEES1_
FN:874,876,_ZNSt5tupleIJRKlEEC2ILb1ELb1EEES1_
FN:889,891,_ZNSt5tupleIJONSt7__cxx1112basic_stringIcSt11char_traitsIcESaIcEEEEEC2IJS5_ELb1ELb1EEEDpOT_
FN:903,903,_ZNSt5tupleIJONSt7__cxx1112basic_stringIcSt11char_traitsIcESaIcEEEEEC2EOS7_
FN:903,903,_ZNSt5tupleIJRKNSt7__cxx1112basic_stringIcSt11char_traitsIcESaIcEEEEEC2EOS8_
FN:903,903,_ZNSt5tupleIJRKiEEC2EOS2_
FN:903,903,_ZNSt5tupleIJRKlEEC2EOS2_
FNDA:0,_ZSt12__get_helperILm0EONSt7__cxx1112basic_stringIcSt11char_traitsIcESaIcEEEJEERT0_RSt11_Tuple_implIXT_EJS7_DpT1_EE
FNDA:121,_ZSt12__get_helperILm0ERKNSt7__cxx1112basic_stringIcSt11char_traitsIcESaIcEEEJEERT0_RSt11_Tuple_implIXT_EJS8_DpT1_EE
FNDA:33,_ZSt12__get_helperILm0ERKiJEERT0_RSt11_Tuple_implIXT_EJS2_DpT1_EE
FNDA:36,_ZSt12__get_helperILm0ERKlJEERT0_RSt11_Tuple_implIXT_EJS2_DpT1_EE
FNDA:0,_ZSt3getILm0EJONSt7__cxx1112basic_stringIcSt11char_traitsIcESaIcEEEEERNSt13tuple_elementIXT_ESt5tupleIJDpT0_EEE4typeERSB_
FNDA:121,_ZSt3getILm0EJRKNSt7__cxx1112basic_stringIcSt11char_traitsIcESaIcEEEEERNSt13tuple_elementIXT_ESt5tupleIJDpT0_EEE4typeERSC_
FNDA:33,_ZSt3getILm0EJRKiEERNSt13tuple_elementIXT_ESt5tupleIJDpT0_EEE4typeERS6_
FNDA:36,_ZSt3getILm0EJRKlEERNSt13tuple_elementIXT_ESt5tupleIJDpT0_EEE4typeERS6_
FNDA:121,_ZNSt10_Head_baseILm0ERKNSt7__cxx1112basic_stringIcSt11char_traitsIcESaIcEEELb0EEC2ES7_
FNDA:33,_ZNSt10_Head_baseILm0ERKiLb0EEC2ES1_
FNDA:36,_ZNSt10_Head_baseILm0ERKlLb0EEC2ES1_
FNDA:0,_ZNSt10_Head_baseILm0EONSt7__cxx1112basic_stringIcSt11char_traitsIcESaIcEEELb0EEC2IS5_EEOT_
FNDA:0,_ZSt16forward_as_tupleIJNSt7__cxx1112basic_stringIcSt11char_traitsIcESaIcEEEEESt5tupleIJDpOT_EES9_
FNDA:18,_ZNSt4pairIKNSt7__cxx1112basic_stringIcSt11char_traitsIcESaIcEEEN3cms6models11UserAccountEEC2IJRS6_EJEEESt21piecewise_construct_tSt5tupleIJDpT_EESE_IJDpT0_EE
FNDA:0,_ZNSt4pairIKNSt7__cxx1112basic_stringIcSt11char_traitsIcESaIcEEEiEC2IJOS5_EJEEESt21piecewise_construct_tSt5tupleIJDpT_EESB_IJDpT0_EE
FNDA:103,_ZNSt4pairIKNSt7__cxx1112basic_stringIcSt11char_traitsIcESaIcEEEiEC2IJRS6_EJEEESt21piecewise_construct_tSt5tupleIJDpT_EESB_IJDpT0_EE
FNDA:33,_ZNSt4pairIKiSt6vectorIN3cms6models17RefereeAssignmentESaIS4_EEEC2IJRS0_EJEEESt21piecewise_construct_tSt5tupleIJDpT_EESB_IJDpT0_EE
FNDA:36,_ZNSt4pairIKllEC2IJRS0_EJEEESt21piecewise_construct_tSt5tupleIJDpT_EES5_IJDpT0_EE
FNDA:18,_ZNSt4pairIKNSt7__cxx1112basic_stringIcSt11char_traitsIcESaIcEEEN3cms6models11UserAccountEEC2IJRS6_EJLm0EEJEJEEERSt5tupleIJDpT_EERSD_IJDpT1_EESt12_Index_tupleIJXspT0_EEESM_IJXspT2_EEE
FNDA:0,_ZNSt4pairIKNSt7__cxx1112basic_stringIcSt11char_traitsIcESaIcEEEiEC2IJOS5_EJLm0EEJEJEEERSt5tupleIJDpT_EERSA_IJDpT1_EESt12_Index_tupleIJXspT0_EEESJ_IJXspT2_EEE
FNDA:103,_ZNSt4pairIKNSt7__cxx1112basic_stringIcSt11char_traitsIcESaIcEEEiEC2IJRS6_EJLm0EEJEJEEERSt5tupleIJDpT_EERSA_IJDpT1_EESt12_Index_tupleIJXspT0_EEESJ_IJXspT2_EEE
FNDA:33,_ZNSt4pairIKiSt6vectorIN3cms6models17RefereeAssignmentESaIS4_EEEC2IJRS0_EJLm0EEJEJEEERSt5tupleIJDpT_EERSA_IJDpT1_EESt12_Index_tupleIJXspT0_EEESJ_IJXspT2_EEE
FNDA:36,_ZNSt4pairIKllEC2IJRS0_EJLm0EEJEJEEERSt5tupleIJDpT_EERS4_IJDpT1_EESt12_Index_tupleIJXspT0_EEESD_IJXspT2_EEE
FNDA:0,_ZNSt10_Head_baseILm0EONSt7__cxx1112basic_stringIcSt11char_traitsIcESaIcEEELb0EE7_M_headERS7_
FNDA:121,_ZNSt10_Head_baseILm0ERKNSt7__cxx1112basic_stringIcSt11char_traitsIcESaIcEEELb0EE7_M_headERS8_
FNDA:33,_ZNSt10_Head_baseILm0ERKiLb0EE7_M_headERS2_
FNDA:36,_ZNSt10_Head_baseILm0ERKlLb0EE7_M_headERS2_
FNDA:0,_ZNSt11_Tuple_implILm0EJONSt7__cxx1112basic_stringIcSt11char_traitsIcESaIcEEEEE7_M_headERS7_
FNDA:121,_ZNSt11_Tuple_implILm0EJRKNSt7__cxx1112basic_stringIcSt11char_traitsIcESaIcEEEEE7_M_headERS8_
FNDA:33,_ZNSt11_Tuple_implILm0EJRKiEE7_M_headERS2_
FNDA:36,_ZNSt11_Tuple_implILm0EJRKlEE7_M_headERS2_
FNDA:121,_ZNSt11_Tuple_implILm0EJRKNSt7__cxx1112basic_stringIcSt11char_traitsIcESaIcEEEEEC2ES7_
FNDA:33,_ZNSt11_Tuple_implILm0EJRKiEEC2ES1_
FNDA:36,_ZNSt11_Tuple_implILm0EJRKlEEC2ES1_
FNDA:0,_ZNSt11_Tuple_implILm0EJONSt7__cxx1112basic_stringIcSt11char_traitsIcESaIcEEEEEC2IS5_EEOT_
FNDA:0,_ZNSt11_Tuple_implILm0EJONSt7__cxx1112basic_stringIcSt11char_traitsIcESaIcEEEEEC2EOS7_
FNDA:121,_ZNSt11_Tuple_implILm0EJRKNSt7__cxx1112basic_stringIcSt11char_traitsIcESaIcEEEEEC2EOS8_
FNDA:33,_ZNSt11_Tuple_implILm0EJRKiEEC2EOS2_
FNDA:36,_ZNSt11_Tuple_implILm0EJRKlEEC2EOS2_
FNDA:121,_ZNSt5tupleIJRKNSt7__cxx1112basic_stringIcSt11char_traitsIcESaIcEEEEEC2ILb1ELb1EEES7_
FNDA:33,_ZNSt5tupleIJRKiEEC2ILb1ELb1EEES1_
FNDA:36,_ZNSt5tupleIJRKlEEC2ILb1ELb1EEES1_
FNDA:0,_ZNSt5tupleIJONSt7__cxx1112basic_stringIcSt11char_traitsIcESaIcEEEEEC2IJS5_ELb1ELb1EEEDpOT_
FNDA:0,_ZNSt5tupleIJONSt7__cxx1112basic_stringIcSt11char_traitsIcESaIcEEEEEC2EOS7_
FNDA:121,_ZNSt5tupleIJRKNSt7__cxx1112basic_stringIcSt11char_traitsIcESaIcEEEEEC2EOS8_
FNDA:33,_ZNSt5tupleIJRKiEEC2EOS2_
FNDA:36,_ZNSt5tupleIJRKlEEC2EOS2_
FNF:47
FNH:35
DA:193,190
DA:194,190
DA:200,0
DA:201,0
DA:234,190
DA:497,190
DA:507,190
DA:508,190
DA:509,190
DA:513,0
DA:514,0
DA:515,0
DA:527,190
DA:529,190
DA:530,190
DA:874,190
DA:876,190
DA:889,0
DA:891,0
DA:903,190
DA:1787,190
DA:1788,190
DA:1803,190
DA:1804,190
DA:2013,0
DA:2014,0
DA:2252,190
DA:2257,190
DA:2258,190
DA:2264,190
DA:2267,190
DA:2268,190
DA:2269,190
LF:33
LH:24
end_of_record
TN:
SF:/usr/include/c++/13/type_traits
FN:3649,3656,_ZSt21is_constant_evaluatedv
FN:67,67,_ZNKSt17integral_constantIbLb1EEcvbEv
FNDA:26099,_ZSt21is_constant_evaluatedv
FNDA:0,_ZNKSt17integral_constantIbLb1EEcvbEv
FNF:2
FNH:1
DA:67,0
DA:3649,26099
DA:3654,26099
LF:3
LH:2
end_of_record
TN:
SF:/usr/include/c++/13/typeinfo
FN:103,104,_ZNKSt9type_info4nameEv
FN:193,210,_ZNKSt9type_infoeqERKS_
FNDA:0,_ZNKSt9type_info4nameEv
FNDA:0,_ZNKSt9type_infoeqERKS_
FNF:2
FNH:0
DA:103,0
DA:104,0
DA:193,0
DA:195,0
DA:196,0
DA:198,0
DA:199,0
DA:206,0
LF:8
LH:0
end_of_record
TN:
SF:/usr/include/x86_64-linux-gnu/c++/13/bits/c++config.h
FN:540,551,_ZSt23__is_constant_evaluatedv
FNDA:73031,_ZSt23__is_constant_evaluatedv
FNF:1
FNH:1
DA:540,73031
DA:547,73031
LF:2
LH:2
end_of_record
TN:
SF:/usr/include/x86_64-linux-gnu/c++/13/bits/ctype_inline.h
FN:42,44,_ZNKSt5ctypeIcE2isEtc
FNDA:7080,_ZNKSt5ctypeIcE2isEtc
FNF:1
FNH:1
DA:42,7080
DA:44,7080
LF:2
LH:2
end_of_record
