TN:
SF:/home/nermy/Desktop/ECE493-Lab/src/api/auth_controller.cpp
FN:22,40,_ZN3cms3api14AuthController5LoginERKNS_8services12LoginRequestE
FN:42,68,_ZN3cms3api14AuthController14ChangePasswordERKNSt7__cxx1112basic_stringIcSt11char_traitsIcESaIcEEERKNS_8services21ChangePasswordRequestE
FN:5,20,_ZN3cms3api14AuthController8RegisterERKNS_8services15RegisterRequestE
FN:70,75,_ZNK3cms3api14AuthController13ProtectedPageERKNSt7__cxx1112basic_stringIcSt11char_traitsIcESaIcEEE
FN:77,82,_ZNK3cms3api14AuthController9LoginPageERKNSt7__cxx1112basic_stringIcSt11char_traitsIcESaIcEEE
FNDA:12,_ZN3cms3api14AuthController5LoginERKNS_8services12LoginRequestE
FNDA:6,_ZN3cms3api14AuthController14ChangePasswordERKNSt7__cxx1112basic_stringIcSt11char_traitsIcESaIcEEERKNS_8services21ChangePasswordRequestE
FNDA:6,_ZN3cms3api14AuthController8RegisterERKNS_8services15RegisterRequestE
FNDA:1,_ZNK3cms3api14AuthController13ProtectedPageERKNSt7__cxx1112basic_stringIcSt11char_traitsIcESaIcEEE
FNDA:1,_ZNK3cms3api14AuthController9LoginPageERKNSt7__cxx1112basic_stringIcSt11char_traitsIcESaIcEEE
FNF:5
FNH:5
DA:5,6
DA:6,6
DA:9,6
DA:10,1
DA:11,4
DA:12,2
DA:13,2
DA:14,3
DA:17,3
DA:19,0
DA:20,6
DA:22,12
DA:23,12
DA:26,12
DA:27,9
DA:28,9
DA:29,0
DA:31,9
DA:32,9
DA:33,9
DA:34,1
DA:35,1
DA:36,2
DA:37,2
DA:39,0
DA:40,12
DA:42,6
DA:44,6
DA:45,0
DA:47,6
DA:48,6
DA:49,0
DA:52,6
DA:54,6
DA:55,1
DA:56,2
DA:57,1
DA:58,1
DA:59,4
DA:63,4
DA:64,0
DA:65,0
DA:67,0
DA:68,6
DA:70,1
DA:71,1
DA:72,4
DA:74,0
DA:77,1
DA:78,1
DA:79,4
DA:81,0
LF:52
LH:42
end_of_record
TN:
SF:/home/nermy/Desktop/ECE493-Lab/src/api/auth_controller.hpp
FN:11,13,_ZN3cms3api14AuthControllerC2EPNS_8services11AuthServiceEPNS2_14SessionServiceE
FNDA:6,_ZN3cms3api14AuthControllerC2EPNS_8services11AuthServiceEPNS2_14SessionServiceE
FNF:1
FNH:1
DA:11,6
DA:13,6
LF:2
LH:2
end_of_record
TN:
SF:/home/nermy/Desktop/ECE493-Lab/src/api/decision_controller.cpp
FN:5,23,_ZN3cms3api18DecisionController14RecordDecisionERKNS_8services15DecisionRequestE
FNDA:14,_ZN3cms3api18DecisionController14RecordDecisionERKNS_8services15DecisionRequestE
FNF:1
FNH:1
DA:5,14
DA:6,14
DA:9,14
DA:10,10
DA:11,20
DA:12,2
DA:14,2
DA:15,1
DA:16,1
DA:17,1
DA:18,1
DA:19,0
DA:20,0
DA:22,0
DA:23,14
LF:15
LH:12
end_of_record
TN:
SF:/home/nermy/Desktop/ECE493-Lab/src/api/decision_controller.hpp
FN:10,11,_ZN3cms3api18DecisionControllerC2EPNS_8services15DecisionServiceE
FNDA:8,_ZN3cms3api18DecisionControllerC2EPNS_8services15DecisionServiceE
FNF:1
FNH:1
DA:10,8
DA:11,8
LF:2
LH:2
end_of_record
TN:
SF:/home/nermy/Desktop/ECE493-Lab/src/api/http_errors.cpp
FN:11,11,_ZN3cms3api12UnauthorizedERKNSt7__cxx1112basic_stringIcSt11char_traitsIcESaIcEEE
FN:13,13,_ZN3cms3api8ConflictERKNSt7__cxx1112basic_stringIcSt11char_traitsIcESaIcEEE
FN:15,15,_ZN3cms3api19InternalServerErrorERKNSt7__cxx1112basic_stringIcSt11char_traitsIcESaIcEEE
FN:17,19,_ZN3cms3api7CreatedERKNSt7__cxx1112basic_stringIcSt11char_traitsIcESaIcEEES8_
FN:5,7,_ZN3cms3api2OkERKNSt7__cxx1112basic_stringIcSt11char_traitsIcESaIcEEES8_
FN:9,9,_ZN3cms3api10BadRequestERKNSt7__cxx1112basic_stringIcSt11char_traitsIcESaIcEEE
FNDA:5,_ZN3cms3api12UnauthorizedERKNSt7__cxx1112basic_stringIcSt11char_traitsIcESaIcEEE
FNDA:12,_ZN3cms3api8ConflictERKNSt7__cxx1112basic_stringIcSt11char_traitsIcESaIcEEE
FNDA:7,_ZN3cms3api19InternalServerErrorERKNSt7__cxx1112basic_stringIcSt11char_traitsIcESaIcEEE
FNDA:78,_ZN3cms3api7CreatedERKNSt7__cxx1112basic_stringIcSt11char_traitsIcESaIcEEES8_
FNDA:68,_ZN3cms3api2OkERKNSt7__cxx1112basic_stringIcSt11char_traitsIcESaIcEEES8_
FNDA:21,_ZN3cms3api10BadRequestERKNSt7__cxx1112basic_stringIcSt11char_traitsIcESaIcEEE
FNF:6
FNH:6
DA:5,68
DA:6,68
DA:7,68
DA:9,63
DA:11,15
DA:13,36
DA:15,21
DA:17,78
DA:18,78
DA:19,78
LF:10
LH:10
end_of_record
TN:
SF:/home/nermy/Desktop/ECE493-Lab/src/api/paper_controller.cpp
FN:30,51,_ZN3cms3api15PaperController9SaveDraftERKNSt7__cxx1112basic_stringIcSt11char_traitsIcESaIcEEERKNS_8services16SaveDraftRequestE
FN:5,28,_ZN3cms3api15PaperController11SubmitPaperERKNSt7__cxx1112basic_stringIcSt11char_traitsIcESaIcEEERKNS_8services18SubmitPaperRequestE
FN:53,78,_ZN3cms3api15PaperController11SubmitDraftERKNSt7__cxx1112basic_stringIcSt11char_traitsIcESaIcEEEiS9_m
FNDA:7,_ZN3cms3api15PaperController9SaveDraftERKNSt7__cxx1112basic_stringIcSt11char_traitsIcESaIcEEERKNS_8services16SaveDraftRequestE
FNDA:6,_ZN3cms3api15PaperController11SubmitPaperERKNSt7__cxx1112basic_stringIcSt11char_traitsIcESaIcEEERKNS_8services18SubmitPaperRequestE
FNDA:1,_ZN3cms3api15PaperController11SubmitDraftERKNSt7__cxx1112basic_stringIcSt11char_traitsIcESaIcEEEiS9_m
FNF:3
FNH:3
DA:5,6
DA:7,6
DA:8,6
DA:9,0
DA:12,6
DA:14,6
DA:15,2
DA:16,8
DA:17,1
DA:18,4
DA:19,3
DA:23,3
DA:24,0
DA:25,0
DA:27,0
DA:28,6
DA:30,7
DA:32,7
DA:33,7
DA:34,0
DA:37,7
DA:39,7
DA:40,4
DA:41,16
DA:42,2
DA:44,2
DA:45,0
DA:46,0
DA:47,1
DA:48,1
DA:50,0
DA:51,7
DA:53,1
DA:56,1
DA:57,1
DA:58,0
DA:61,1
DA:62,1
DA:64,1
DA:65,1
DA:66,4
DA:67,0
DA:68,0
DA:69,0
DA:73,0
DA:74,0
DA:75,0
DA:77,0
DA:78,1
LF:49
LH:33
end_of_record
TN:
SF:/home/nermy/Desktop/ECE493-Lab/src/api/paper_controller.hpp
FN:13,15,_ZN3cms3api15PaperControllerC2EPNS_8services12PaperServiceEPNS2_14SessionServiceE
FNDA:2,_ZN3cms3api15PaperControllerC2EPNS_8services12PaperServiceEPNS2_14SessionServiceE
FNF:1
FNH:1
DA:13,2
DA:15,2
LF:2
LH:2
end_of_record
TN:
SF:/home/nermy/Desktop/ECE493-Lab/src/api/referee_controller.cpp
FN:23,41,_ZN3cms3api17RefereeController16AcceptInvitationEi
FN:43,61,_ZN3cms3api17RefereeController16RejectInvitationEi
FN:5,21,_ZN3cms3api17RefereeController13AssignRefereeEiRKNSt7__cxx1112basic_stringIcSt11char_traitsIcESaIcEEE
FN:63,69,_ZN3cms3api17RefereeController14ExitAssignmentEi
FNDA:49,_ZN3cms3api17RefereeController16AcceptInvitationEi
FNDA:1,_ZN3cms3api17RefereeController16RejectInvitationEi
FNDA:16,_ZN3cms3api17RefereeController13AssignRefereeEiRKNSt7__cxx1112basic_stringIcSt11char_traitsIcESaIcEEE
FNDA:1,_ZN3cms3api17RefereeController14ExitAssignmentEi
FNF:4
FNH:4
DA:5,16
DA:6,16
DA:9,16
DA:10,14
DA:11,56
DA:12,0
DA:14,0
DA:15,2
DA:18,2
DA:20,0
DA:21,16
DA:23,49
DA:24,49
DA:26,49
DA:27,45
DA:28,90
DA:29,1
DA:30,2
DA:31,0
DA:33,0
DA:34,1
DA:35,1
DA:36,2
DA:38,2
DA:40,0
DA:41,49
DA:43,1
DA:44,1
DA:46,1
DA:47,1
DA:48,2
DA:49,0
DA:50,0
DA:51,0
DA:53,0
DA:54,0
DA:55,0
DA:56,0
DA:58,0
DA:60,0
DA:61,1
DA:63,1
DA:64,1
DA:65,1
DA:66,4
DA:68,0
LF:46
LH:30
end_of_record
TN:
SF:/home/nermy/Desktop/ECE493-Lab/src/api/referee_controller.hpp
FN:12,13,_ZN3cms3api17RefereeControllerC2EPNS_8services14RefereeServiceE
FNDA:11,_ZN3cms3api17RefereeControllerC2EPNS_8services14RefereeServiceE
FNF:1
FNH:1
DA:12,11
DA:13,11
LF:2
LH:2
end_of_record
TN:
SF:/home/nermy/Desktop/ECE493-Lab/src/api/registration_controller.cpp
FN:27,55,_ZN3cms3api22RegistrationController18PayForRegistrationERKNSt7__cxx1112basic_stringIcSt11char_traitsIcESaIcEEEiRKNS_8services14PaymentRequestE
FN:5,25,_ZN3cms3api22RegistrationController18CreateRegistrationERKNSt7__cxx1112basic_stringIcSt11char_traitsIcESaIcEEERKNS_8services25CreateRegistrationRequestE
FN:57,76,_ZNK3cms3api22RegistrationController24ViewMyRegistrationStatusERKNSt7__cxx1112basic_stringIcSt11char_traitsIcESaIcEEE
FNDA:5,_ZN3cms3api22RegistrationController18PayForRegistrationERKNSt7__cxx1112basic_stringIcSt11char_traitsIcESaIcEEEiRKNS_8services14PaymentRequestE
FNDA:5,_ZN3cms3api22RegistrationController18CreateRegistrationERKNSt7__cxx1112basic_stringIcSt11char_traitsIcESaIcEEERKNS_8services25CreateRegistrationRequestE
FNDA:1,_ZNK3cms3api22RegistrationController24ViewMyRegistrationStatusERKNSt7__cxx1112basic_stringIcSt11char_traitsIcESaIcEEE
FNF:3
FNH:3
DA:5,5
DA:8,5
DA:9,5
DA:10,2
DA:13,4
DA:15,4
DA:16,4
DA:17,8
DA:18,0
DA:20,0
DA:21,0
DA:22,0
DA:24,0
DA:25,4
DA:27,5
DA:30,5
DA:31,5
DA:32,0
DA:34,5
DA:35,0
DA:38,5
DA:40,5
DA:41,1
DA:42,2
DA:43,1
DA:44,1
DA:45,1
DA:46,1
DA:47,0
DA:48,0
DA:49,1
DA:50,1
DA:51,1
DA:52,1
DA:54,0
DA:55,5
DA:57,1
DA:59,1
DA:60,1
DA:61,0
DA:64,1
DA:65,1
DA:66,0
DA:69,1
DA:70,1
DA:71,1
DA:72,0
DA:73,0
DA:75,1
DA:76,1
LF:50
LH:36
end_of_record
TN:
SF:/home/nermy/Desktop/ECE493-Lab/src/api/registration_controller.hpp
FN:14,19,_ZN3cms3api22RegistrationControllerC2EPNS_8services19RegistrationServiceEPNS2_14PaymentServiceEPNS2_14SessionServiceE
FNDA:1,_ZN3cms3api22RegistrationControllerC2EPNS_8services19RegistrationServiceEPNS2_14PaymentServiceEPNS2_14SessionServiceE
FNF:1
FNH:1
DA:14,1
DA:17,1
DA:18,1
DA:19,1
LF:4
LH:4
end_of_record
TN:
SF:/home/nermy/Desktop/ECE493-Lab/src/api/review_controller.cpp
FN:5,21,_ZN3cms3api16ReviewController12SubmitReviewERKNS_8services23ReviewSubmissionRequestE
FNDA:44,_ZN3cms3api16ReviewController12SubmitReviewERKNS_8services23ReviewSubmissionRequestE
FNF:1
FNH:1
DA:5,44
DA:6,44
DA:8,44
DA:9,39
DA:10,78
DA:11,2
DA:13,2
DA:14,2
DA:15,2
DA:16,1
DA:18,1
DA:20,0
DA:21,44
LF:13
LH:12
end_of_record
TN:
SF:/home/nermy/Desktop/ECE493-Lab/src/api/review_controller.hpp
FN:10,11,_ZN3cms3api16ReviewControllerC2EPNS_8services13ReviewServiceE
FNDA:9,_ZN3cms3api16ReviewControllerC2EPNS_8services13ReviewServiceE
FNF:1
FNH:1
DA:10,9
DA:11,9
LF:2
LH:2
end_of_record
TN:
SF:/home/nermy/Desktop/ECE493-Lab/src/api/schedule_controller.cpp
FN:23,43,_ZN3cms3api18ScheduleController19EditCurrentScheduleERKNS_8services19ScheduleEditRequestEb
FN:45,51,_ZNK3cms3api18ScheduleController19ViewCurrentScheduleEv
FN:5,21,_ZN3cms3api18ScheduleController16GenerateScheduleERKNS_8services23ScheduleGenerateRequestE
FNDA:6,_ZN3cms3api18ScheduleController19EditCurrentScheduleERKNS_8services19ScheduleEditRequestEb
FNDA:2,_ZNK3cms3api18ScheduleController19ViewCurrentScheduleEv
FNDA:7,_ZN3cms3api18ScheduleController16GenerateScheduleERKNS_8services23ScheduleGenerateRequestE
FNF:3
FNH:3
DA:5,7
DA:7,7
DA:10,7
DA:11,4
DA:12,8
DA:13,1
DA:14,1
DA:15,1
DA:16,1
DA:17,1
DA:18,1
DA:20,0
DA:21,7
DA:23,6
DA:25,6
DA:26,2
DA:29,5
DA:31,5
DA:32,2
DA:33,4
DA:34,1
DA:36,1
DA:37,1
DA:38,1
DA:39,1
DA:40,1
DA:42,0
DA:43,5
DA:45,2
DA:46,2
DA:47,2
DA:48,0
DA:50,4
DA:51,2
LF:34
LH:31
end_of_record
TN:
SF:/home/nermy/Desktop/ECE493-Lab/src/api/schedule_controller.hpp
FN:10,11,_ZN3cms3api18ScheduleControllerC2EPNS_8services15ScheduleServiceE
FNDA:4,_ZN3cms3api18ScheduleControllerC2EPNS_8services15ScheduleServiceE
FNF:1
FNH:1
DA:10,4
DA:11,4
LF:2
LH:2
end_of_record
TN:
SF:/home/nermy/Desktop/ECE493-Lab/src/lib/validation.cpp
FN:17,20,_ZN3cms3lib18IsValidEmailFormatERKNSt7__cxx1112basic_stringIcSt11char_traitsIcESaIcEEE
FN:22,37,_ZN3cms3lib17IsPasswordComplexERKNSt7__cxx1112basic_stringIcSt11char_traitsIcESaIcEEE
FN:8,15,_ZN3cms3lib7IsBlankERKNSt7__cxx1112basic_stringIcSt11char_traitsIcESaIcEEE
FNDA:78,_ZN3cms3lib18IsValidEmailFormatERKNSt7__cxx1112basic_stringIcSt11char_traitsIcESaIcEEE
FNDA:14,_ZN3cms3lib17IsPasswordComplexERKNSt7__cxx1112basic_stringIcSt11char_traitsIcESaIcEEE
FNDA:96,_ZN3cms3lib7IsBlankERKNSt7__cxx1112basic_stringIcSt11char_traitsIcESaIcEEE
FNF:3
FNH:3
DA:8,96
DA:9,96
DA:10,93
DA:11,93
DA:14,3
DA:17,78
DA:18,78
DA:19,78
DA:22,14
DA:23,14
DA:24,2
DA:26,12
DA:27,12
DA:28,12
DA:29,12
DA:30,140
DA:31,128
DA:32,128
DA:33,128
DA:34,128
DA:36,12
LF:21
LH:21
end_of_record
TN:
SF:/home/nermy/Desktop/ECE493-Lab/src/models/schedule.hpp
FN:13,13,_ZNK3cms6models12ScheduleItemeqERKS1_
FNDA:5,_ZNK3cms6models12ScheduleItemeqERKS1_
FNF:1
FNH:1
DA:9,5
DA:10,5
DA:11,2
DA:13,5
LF:4
LH:4
end_of_record
TN:
SF:/home/nermy/Desktop/ECE493-Lab/src/services/auth_service.cpp
FN:30,41,_ZNK3cms8services11AuthService15LoginByUsernameERKNS0_12LoginRequestE
FN:43,72,_ZN3cms8services11AuthService14ChangePasswordEiRKNS0_21ChangePasswordRequestE
FN:7,28,_ZN3cms8services11AuthService8RegisterERKNS0_15RegisterRequestE
FN:74,85,_ZNK3cms8services11AuthService5LoginERKNSt7__cxx1112basic_stringIcSt11char_traitsIcESaIcEEES9_
FNDA:12,_ZNK3cms8services11AuthService15LoginByUsernameERKNS0_12LoginRequestE
FNDA:6,_ZN3cms8services11AuthService14ChangePasswordEiRKNS0_21ChangePasswordRequestE
FNDA:14,_ZN3cms8services11AuthService8RegisterERKNS0_15RegisterRequestE
FNDA:3,_ZNK3cms8services11AuthService5LoginERKNSt7__cxx1112basic_stringIcSt11char_traitsIcESaIcEEES9_
FNF:4
FNH:4
DA:7,14
DA:8,27
DA:9,27
DA:10,1
DA:13,13
DA:14,1
DA:17,12
DA:19,1
DA:22,11
DA:23,2
DA:26,9
DA:27,9
DA:28,62
DA:30,12
DA:31,12
DA:32,1
DA:35,11
DA:36,11
DA:37,2
DA:40,27
DA:41,48
DA:43,6
DA:44,11
DA:45,5
DA:46,1
DA:49,5
DA:50,1
DA:53,4
DA:54,4
DA:55,0
DA:58,4
DA:59,1
DA:62,3
DA:63,1
DA:66,2
DA:67,1
DA:70,1
DA:71,1
DA:72,18
DA:74,3
DA:75,3
DA:76,3
DA:77,2
DA:80,1
DA:81,1
DA:82,0
DA:84,1
DA:85,3
LF:48
LH:46
end_of_record
TN:
SF:/home/nermy/Desktop/ECE493-Lab/src/services/auth_service.hpp
FN:71,71,_ZN3cms8services11AuthServiceC2EPNS0_14UserRepositoryE
FNDA:6,_ZN3cms8services11AuthServiceC2EPNS0_14UserRepositoryE
FNF:1
FNH:1
DA:71,6
LF:1
LH:1
end_of_record
TN:
SF:/home/nermy/Desktop/ECE493-Lab/src/services/decision_service.cpp
FN:17,55,_ZN3cms8services15DecisionService14RecordDecisionERKNS0_15DecisionRequestE
FN:29,29,_ZZN3cms8services15DecisionService14RecordDecisionERKNS0_15DecisionRequestEENKUlhE_clEh
FN:57,64,_ZNK3cms8services15DecisionService19GetDecisionForPaperEi
FN:66,66,_ZNK3cms8services15DecisionService23AuthorNotificationCountEv
FN:68,68,_ZNK3cms8services15DecisionService22LastAuthorNotificationB5cxx11Ev
FN:8,15,_ZN3cms8services15DecisionService7IsBlankERKNSt7__cxx1112basic_stringIcSt11char_traitsIcESaIcEEE
FNDA:14,_ZN3cms8services15DecisionService14RecordDecisionERKNS0_15DecisionRequestE
FNDA:72,_ZZN3cms8services15DecisionService14RecordDecisionERKNS0_15DecisionRequestEENKUlhE_clEh
FNDA:12,_ZNK3cms8services15DecisionService19GetDecisionForPaperEi
FNDA:0,_ZNK3cms8services15DecisionService23AuthorNotificationCountEv
FNDA:1,_ZNK3cms8services15DecisionService22LastAuthorNotificationB5cxx11Ev
FNDA:13,_ZN3cms8services15DecisionService7IsBlankERKNSt7__cxx1112basic_stringIcSt11char_traitsIcESaIcEEE
FNF:6
FNH:5
DA:8,13
DA:9,13
DA:10,12
DA:11,12
DA:14,1
DA:17,14
DA:18,14
DA:19,14
DA:20,0
DA:23,14
DA:24,1
DA:27,13
DA:28,13
DA:29,72
DA:30,13
DA:31,1
DA:34,12
DA:36,1
DA:39,11
DA:40,1
DA:43,10
DA:44,10
DA:46,10
DA:47,9
DA:49,1
DA:52,10
DA:53,10
DA:54,10
DA:55,42
DA:57,12
DA:58,24
DA:59,14
DA:60,2
DA:63,10
DA:66,0
DA:68,1
LF:36
LH:34
end_of_record
TN:
SF:/home/nermy/Desktop/ECE493-Lab/src/services/decision_service.hpp
FN:36,37,_ZN3cms8services15DecisionServiceC2EPNS0_12PaperServiceEPNS0_13ReviewServiceE
FNDA:4,_ZN3cms8services15DecisionServiceC2EPNS0_12PaperServiceEPNS0_13ReviewServiceE
FNF:1
FNH:1
DA:36,4
DA:37,4
LF:2
LH:2
end_of_record
TN:
SF:/home/nermy/Desktop/ECE493-Lab/src/services/paper_service.cpp
FN:11,18,_ZN3cms8services12PaperService7IsBlankERKNSt7__cxx1112basic_stringIcSt11char_traitsIcESaIcEEE
FN:116,149,_ZN3cms8services12PaperService11SubmitDraftEiiRKNSt7__cxx1112basic_stringIcSt11char_traitsIcESaIcEEEm
FN:151,158,_ZNK3cms8services12PaperService8FindByIdEi
FN:160,168,_ZN3cms8services12PaperService17UpdatePaperStatusEiNS_6models11PaperStatusE
FN:170,178,_ZNK3cms8services12PaperService14SubmittedCountEv
FN:180,188,_ZNK3cms8services12PaperService10DraftCountEv
FN:190,198,_ZNK3cms8services12PaperService13AcceptedCountEv
FN:20,28,_ZN3cms8services12PaperService5IsPdfERKNSt7__cxx1112basic_stringIcSt11char_traitsIcESaIcEEE
FN:200,209,_ZNK3cms8services12PaperService19GetAcceptedPaperIdsEv
FN:26,26,_ZZN3cms8services12PaperService5IsPdfERKNSt7__cxx1112basic_stringIcSt11char_traitsIcESaIcEEEENKUlhE_clEh
FN:30,35,_ZN3cms8services12PaperService16IsValidDraftDataERKNS0_16SaveDraftRequestE
FN:37,44,_ZN3cms8services12PaperService18BuildSubmissionKeyB5cxx11EiRKNS0_18SubmitPaperRequestE
FN:42,42,_ZZN3cms8services12PaperService18BuildSubmissionKeyB5cxx11EiRKNS0_18SubmitPaperRequestEENKUlhE_clEh
FN:46,75,_ZN3cms8services12PaperService11SubmitPaperEiRKNS0_18SubmitPaperRequestE
FN:77,114,_ZN3cms8services12PaperService9SaveDraftEiRKNS0_16SaveDraftRequestE
FNDA:135,_ZN3cms8services12PaperService7IsBlankERKNSt7__cxx1112basic_stringIcSt11char_traitsIcESaIcEEE
FNDA:1,_ZN3cms8services12PaperService11SubmitDraftEiiRKNSt7__cxx1112basic_stringIcSt11char_traitsIcESaIcEEEm
FNDA:82,_ZNK3cms8services12PaperService8FindByIdEi
FNDA:10,_ZN3cms8services12PaperService17UpdatePaperStatusEiNS_6models11PaperStatusE
FNDA:2,_ZNK3cms8services12PaperService14SubmittedCountEv
FNDA:3,_ZNK3cms8services12PaperService10DraftCountEv
FNDA:0,_ZNK3cms8services12PaperService13AcceptedCountEv
FNDA:39,_ZN3cms8services12PaperService5IsPdfERKNSt7__cxx1112basic_stringIcSt11char_traitsIcESaIcEEE
FNDA:7,_ZNK3cms8services12PaperService19GetAcceptedPaperIdsEv
FNDA:156,_ZZN3cms8services12PaperService5IsPdfERKNSt7__cxx1112basic_stringIcSt11char_traitsIcESaIcEEEENKUlhE_clEh
FNDA:8,_ZN3cms8services12PaperService16IsValidDraftDataERKNS0_16SaveDraftRequestE
FNDA:37,_ZN3cms8services12PaperService18BuildSubmissionKeyB5cxx11EiRKNS0_18SubmitPaperRequestE
FNDA:1337,_ZZN3cms8services12PaperService18BuildSubmissionKeyB5cxx11EiRKNS0_18SubmitPaperRequestEENKUlhE_clEh
FNDA:39,_ZN3cms8services12PaperService11SubmitPaperEiRKNS0_18SubmitPaperRequestE
FNDA:9,_ZN3cms8services12PaperService9SaveDraftEiRKNS0_16SaveDraftRequestE
FNF:15
FNH:14
DA:11,135
DA:12,135
DA:13,130
DA:14,130
DA:17,5
DA:20,39
DA:21,39
DA:22,0
DA:24,39
DA:25,39
DA:26,156
DA:27,39
DA:28,39
DA:30,8
DA:31,8
DA:32,1
DA:34,7
DA:37,37
DA:38,74
DA:39,111
DA:40,111
DA:41,37
DA:42,1337
DA:43,37
DA:46,39
DA:47,77
DA:48,38
DA:49,1
DA:51,38
DA:52,1
DA:54,37
DA:55,1
DA:58,36
DA:59,36
DA:61,2
DA:64,35
DA:66,35
DA:67,35
DA:68,35
DA:69,35
DA:70,35
DA:71,35
DA:72,35
DA:73,35
DA:74,35
DA:75,117
DA:77,9
DA:78,9
DA:79,0
DA:81,9
DA:82,1
DA:84,8
DA:85,1
DA:87,7
DA:88,1
DA:91,6
DA:92,2
DA:93,2
DA:94,1
DA:95,1
DA:96,1
DA:97,1
DA:98,1
DA:101,0
DA:104,5
DA:106,5
DA:107,5
DA:108,5
DA:111,10
DA:112,5
DA:113,5
DA:114,27
DA:116,1
DA:119,1
DA:120,0
DA:122,1
DA:123,0
DA:126,3
DA:127,3
DA:128,1
DA:129,0
DA:132,3
DA:133,1
DA:134,1
DA:135,1
DA:137,0
DA:140,1
DA:141,1
DA:142,1
DA:143,1
DA:144,1
DA:145,1
DA:148,0
DA:149,3
DA:151,82
DA:152,291
DA:153,291
DA:154,82
DA:157,0
DA:160,10
DA:161,21
DA:162,21
DA:163,10
DA:164,10
DA:167,0
DA:170,2
DA:171,2
DA:172,7
DA:173,5
DA:174,4
DA:177,2
DA:180,3
DA:181,3
DA:182,8
DA:183,5
DA:184,5
DA:187,3
DA:190,0
DA:191,0
DA:192,0
DA:193,0
DA:194,0
DA:197,0
DA:200,7
DA:201,7
DA:202,20
DA:203,13
DA:204,13
DA:207,7
DA:208,7
DA:209,0
LF:131
LH:114
end_of_record
TN:
SF:/home/nermy/Desktop/ECE493-Lab/src/services/payment_service.cpp
FN:14,23,_ZN3cms8services14PaymentService18IsValidPaymentInfoERKNS0_14PaymentRequestE
FN:25,58,_ZN3cms8services14PaymentService14ProcessPaymentEiRKNS0_14PaymentRequestE
FN:5,12,_ZN3cms8services14PaymentService11IsAllDigitsERKNSt7__cxx1112basic_stringIcSt11char_traitsIcESaIcEEE
FN:60,60,_ZNK3cms8services14PaymentService17ConfirmationCountEv
FN:62,64,_ZNK3cms8services14PaymentService23LastConfirmationMessageB5cxx11Ev
FN:66,73,_ZNK3cms8services14PaymentService24HasTicketForRegistrationEi
FNDA:4,_ZN3cms8services14PaymentService18IsValidPaymentInfoERKNS0_14PaymentRequestE
FNDA:5,_ZN3cms8services14PaymentService14ProcessPaymentEiRKNS0_14PaymentRequestE
FNDA:12,_ZN3cms8services14PaymentService11IsAllDigitsERKNSt7__cxx1112basic_stringIcSt11char_traitsIcESaIcEEE
FNDA:1,_ZNK3cms8services14PaymentService17ConfirmationCountEv
FNDA:1,_ZNK3cms8services14PaymentService23LastConfirmationMessageB5cxx11Ev
FNDA:1,_ZNK3cms8services14PaymentService24HasTicketForRegistrationEi
FNF:6
FNH:6
DA:5,12
DA:6,81
DA:7,69
DA:8,0
DA:11,12
DA:14,4
DA:15,4
DA:16,1
DA:18,3
DA:19,0
DA:21,6
DA:22,9
DA:25,5
DA:26,5
DA:27,5
DA:28,0
DA:30,5
DA:31,1
DA:33,4
DA:34,1
DA:36,3
DA:37,1
DA:38,1
DA:39,1
DA:40,1
DA:42,2
DA:43,1
DA:46,2
DA:47,1
DA:48,1
DA:50,1
DA:51,2
DA:52,3
DA:53,1
DA:55,1
DA:56,1
DA:57,1
DA:58,17
DA:60,1
DA:62,1
DA:63,1
DA:66,1
DA:67,1
DA:68,1
DA:69,1
DA:72,0
LF:46
LH:42
end_of_record
TN:
SF:/home/nermy/Desktop/ECE493-Lab/src/services/payment_service.hpp
FN:37,38,_ZN3cms8services14PaymentServiceC2EPNS0_19RegistrationServiceE
FNDA:1,_ZN3cms8services14PaymentServiceC2EPNS0_19RegistrationServiceE
FNF:1
FNH:1
DA:37,1
DA:38,1
LF:2
LH:2
end_of_record
TN:
SF:/home/nermy/Desktop/ECE493-Lab/src/services/referee_service.cpp
FN:120,146,_ZN3cms8services14RefereeService16RejectInvitationEi
FN:14,19,_ZN3cms8services14RefereeService14NormalizeEmailERKNSt7__cxx1112basic_stringIcSt11char_traitsIcESaIcEEE
FN:148,154,_ZNK3cms8services14RefereeService24CountAssignmentsForPaperEi
FN:156,168,_ZNK3cms8services14RefereeService32CountAcceptedAssignmentsForPaperEi
FN:17,17,_ZZN3cms8services14RefereeService14NormalizeEmailERKNSt7__cxx1112basic_stringIcSt11char_traitsIcESaIcEEEENKUlhE_clEh
FN:170,177,_ZNK3cms8services14RefereeService18GetRefereeWorkloadERKNSt7__cxx1112basic_stringIcSt11char_traitsIcESaIcEEE
FN:179,192,_ZNK3cms8services14RefereeService29CountAcceptedPapersForRefereeERKNSt7__cxx1112basic_stringIcSt11char_traitsIcESaIcEEE
FN:194,207,_ZNK3cms8services14RefereeService24IsPaperAssignedToRefereeEiRKNSt7__cxx1112basic_stringIcSt11char_traitsIcESaIcEEE
FN:209,209,_ZNK3cms8services14RefereeService15InvitationCountEv
FN:21,60,_ZN3cms8services14RefereeService13AssignRefereeEiRKNSt7__cxx1112basic_stringIcSt11char_traitsIcESaIcEEE
FN:211,211,_ZNK3cms8services14RefereeService23EditorNotificationCountEv
FN:213,215,_ZNK3cms8services14RefereeService20IsPaperFullyAssignedEi
FN:217,217,_ZNK3cms8services14RefereeService17IsPaperIncompleteEi
FN:219,226,_ZN3cms8services14RefereeService26CreateInvitationForTestingEiRKNSt7__cxx1112basic_stringIcSt11char_traitsIcESaIcEEE
FN:228,230,_ZN3cms8services14RefereeService28SetRefereeWorkloadForTestingERKNSt7__cxx1112basic_stringIcSt11char_traitsIcESaIcEEEi
FN:62,75,_ZN3cms8services14RefereeService19AssignRefereesBatchEiRKSt6vectorINSt7__cxx1112basic_stringIcSt11char_traitsIcESaIcEEESaIS8_EE
FN:77,83,_ZN3cms8services14RefereeService22MarkIncompleteIfNeededEi
FN:85,118,_ZN3cms8services14RefereeService16AcceptInvitationEi
FNDA:1,_ZN3cms8services14RefereeService16RejectInvitationEi
FNDA:159,_ZN3cms8services14RefereeService14NormalizeEmailERKNSt7__cxx1112basic_stringIcSt11char_traitsIcESaIcEEE
FNDA:3,_ZNK3cms8services14RefereeService24CountAssignmentsForPaperEi
FNDA:47,_ZNK3cms8services14RefereeService32CountAcceptedAssignmentsForPaperEi
FNDA:2653,_ZZN3cms8services14RefereeService14NormalizeEmailERKNSt7__cxx1112basic_stringIcSt11char_traitsIcESaIcEEEENKUlhE_clEh
FNDA:48,_ZNK3cms8services14RefereeService18GetRefereeWorkloadERKNSt7__cxx1112basic_stringIcSt11char_traitsIcESaIcEEE
FNDA:2,_ZNK3cms8services14RefereeService29CountAcceptedPapersForRefereeERKNSt7__cxx1112basic_stringIcSt11char_traitsIcESaIcEEE
FNDA:42,_ZNK3cms8services14RefereeService24IsPaperAssignedToRefereeEiRKNSt7__cxx1112basic_stringIcSt11char_traitsIcESaIcEEE
FNDA:3,_ZNK3cms8services14RefereeService15InvitationCountEv
FNDA:65,_ZN3cms8services14RefereeService13AssignRefereeEiRKNSt7__cxx1112basic_stringIcSt11char_traitsIcESaIcEEE
FNDA:0,_ZNK3cms8services14RefereeService23EditorNotificationCountEv
FNDA:2,_ZNK3cms8services14RefereeService20IsPaperFullyAssignedEi
FNDA:2,_ZNK3cms8services14RefereeService17IsPaperIncompleteEi
FNDA:1,_ZN3cms8services14RefereeService26CreateInvitationForTestingEiRKNSt7__cxx1112basic_stringIcSt11char_traitsIcESaIcEEE
FNDA:1,_ZN3cms8services14RefereeService28SetRefereeWorkloadForTestingERKNSt7__cxx1112basic_stringIcSt11char_traitsIcESaIcEEEi
FNDA:1,_ZN3cms8services14RefereeService19AssignRefereesBatchEiRKSt6vectorINSt7__cxx1112basic_stringIcSt11char_traitsIcESaIcEEESaIS8_EE
FNDA:1,_ZN3cms8services14RefereeService22MarkIncompleteIfNeededEi
FNDA:49,_ZN3cms8services14RefereeService16AcceptInvitationEi
FNF:18
FNH:17
DA:14,159
DA:15,159
DA:16,159
DA:17,2653
DA:18,159
DA:21,65
DA:22,65
DA:23,65
DA:24,0
DA:27,65
DA:28,0
DA:31,65
DA:32,65
DA:33,65
DA:35,1
DA:38,109
DA:39,46
DA:40,1
DA:44,63
DA:45,63
DA:46,1
DA:49,62
DA:50,62
DA:51,62
DA:52,62
DA:53,62
DA:55,62
DA:56,15
DA:59,62
DA:60,195
DA:62,1
DA:63,1
DA:64,2
DA:65,2
DA:66,2
DA:67,1
DA:68,1
DA:70,1
DA:71,1
DA:73,2
DA:74,1
DA:77,1
DA:78,1
DA:79,1
DA:80,1
DA:82,0
DA:85,49
DA:86,53
DA:87,101
DA:88,97
DA:89,49
DA:92,48
DA:93,1
DA:95,47
DA:96,0
DA:99,47
DA:100,1
DA:102,1
DA:105,46
DA:106,1
DA:108,1
DA:111,45
DA:112,45
DA:113,45
DA:117,1
DA:118,147
DA:120,1
DA:121,1
DA:123,1
DA:124,1
DA:125,0
DA:128,1
DA:129,0
DA:131,1
DA:132,0
DA:135,1
DA:136,1
DA:137,1
DA:138,1
DA:140,1
DA:141,1
DA:145,0
DA:146,3
DA:148,3
DA:149,3
DA:150,3
DA:151,0
DA:153,3
DA:156,47
DA:157,47
DA:158,47
DA:159,0
DA:161,47
DA:162,160
DA:163,113
DA:164,42
DA:167,47
DA:170,48
DA:171,48
DA:172,48
DA:173,48
DA:174,1
DA:176,47
DA:177,48
DA:179,2
DA:180,2
DA:181,2
DA:182,13
DA:184,28
DA:185,19
DA:186,2
DA:187,2
DA:191,2
DA:192,2
DA:194,42
DA:195,42
DA:196,42
DA:197,0
DA:199,42
DA:200,79
DA:201,120
DA:202,42
DA:203,41
DA:206,1
DA:207,42
DA:209,3
DA:211,0
DA:213,2
DA:214,2
DA:217,2
DA:219,1
DA:220,1
DA:221,1
DA:222,1
DA:223,1
DA:224,1
DA:225,1
DA:226,1
DA:228,1
DA:229,1
DA:230,1
LF:141
LH:129
end_of_record
TN:
SF:/home/nermy/Desktop/ECE493-Lab/src/services/referee_service.hpp
FN:45,45,_ZN3cms8services14RefereeServiceC2EPNS0_12PaperServiceE
FNDA:7,_ZN3cms8services14RefereeServiceC2EPNS0_12PaperServiceE
FNF:1
FNH:1
DA:45,7
LF:1
LH:1
end_of_record
TN:
SF:/home/nermy/Desktop/ECE493-Lab/src/services/registration_service.cpp
FN:10,18,_ZN3cms8services19RegistrationService21IsValidAttendanceTypeERKNSt7__cxx1112basic_stringIcSt11char_traitsIcESaIcEEE
FN:16,16,_ZZN3cms8services19RegistrationService21IsValidAttendanceTypeERKNSt7__cxx1112basic_stringIcSt11char_traitsIcESaIcEEEENKUlhE_clEh
FN:20,39,_ZN3cms8services19RegistrationService18CreateRegistrationEiRKNS0_25CreateRegistrationRequestE
FN:41,48,_ZNK3cms8services19RegistrationService8FindByIdEi
FN:50,57,_ZNK3cms8services19RegistrationService14FindByAttendeeEi
FN:59,67,_ZN3cms8services19RegistrationService20MarkRegistrationPaidEi
FN:69,77,_ZN3cms8services19RegistrationService22MarkRegistrationFailedEi
FN:79,85,_ZNK3cms8services19RegistrationService21IsRegistrationOwnedByEii
FN:87,90,_ZNK3cms8services19RegistrationService27IsAttendeeRegisteredAndPaidEi
FN:92,94,_ZNK3cms8services19RegistrationService17RegistrationCountEv
FNDA:4,_ZN3cms8services19RegistrationService21IsValidAttendanceTypeERKNSt7__cxx1112basic_stringIcSt11char_traitsIcESaIcEEE
FNDA:24,_ZZN3cms8services19RegistrationService21IsValidAttendanceTypeERKNSt7__cxx1112basic_stringIcSt11char_traitsIcESaIcEEEENKUlhE_clEh
FNDA:4,_ZN3cms8services19RegistrationService18CreateRegistrationEiRKNS0_25CreateRegistrationRequestE
FNDA:12,_ZNK3cms8services19RegistrationService8FindByIdEi
FNDA:9,_ZNK3cms8services19RegistrationService14FindByAttendeeEi
FNDA:1,_ZN3cms8services19RegistrationService20MarkRegistrationPaidEi
FNDA:1,_ZN3cms8services19RegistrationService22MarkRegistrationFailedEi
FNDA:5,_ZNK3cms8services19RegistrationService21IsRegistrationOwnedByEii
FNDA:0,_ZNK3cms8services19RegistrationService27IsAttendeeRegisteredAndPaidEi
FNDA:0,_ZNK3cms8services19RegistrationService17RegistrationCountEv
FNF:10
FNH:8
DA:10,4
DA:11,4
DA:12,0
DA:14,4
DA:15,4
DA:16,24
DA:17,4
DA:18,4
DA:20,4
DA:22,4
DA:23,0
DA:25,4
DA:26,0
DA:29,4
DA:30,4
DA:32,0
DA:35,4
DA:36,4
DA:37,4
DA:38,4
DA:39,12
DA:41,12
DA:42,28
DA:43,28
DA:44,12
DA:47,0
DA:50,9
DA:51,21
DA:52,17
DA:53,5
DA:56,4
DA:59,1
DA:60,1
DA:61,1
DA:62,1
DA:63,1
DA:66,0
DA:69,1
DA:70,2
DA:71,2
DA:72,1
DA:73,1
DA:76,0
DA:79,5
DA:80,5
DA:81,5
DA:82,0
DA:84,5
DA:85,5
DA:87,0
DA:88,0
DA:89,0
DA:90,0
DA:92,0
DA:93,0
LF:55
LH:41
end_of_record
TN:
SF:/home/nermy/Desktop/ECE493-Lab/src/services/review_service.cpp
FN:17,22,_ZN3cms8services13ReviewService14NormalizeEmailERKNSt7__cxx1112basic_stringIcSt11char_traitsIcESaIcEEE
FN:20,20,_ZZN3cms8services13ReviewService14NormalizeEmailERKNSt7__cxx1112basic_stringIcSt11char_traitsIcESaIcEEEENKUlhE_clEh
FN:24,38,_ZN3cms8services13ReviewService17IsValidReviewDataERKNS0_23ReviewSubmissionRequestE
FN:27,27,_ZZN3cms8services13ReviewService17IsValidReviewDataERKNS0_23ReviewSubmissionRequestEENKUlhE_clEh
FN:40,71,_ZN3cms8services13ReviewService12SubmitReviewERKNS0_23ReviewSubmissionRequestE
FN:65,65,_ZZN3cms8services13ReviewService12SubmitReviewERKNS0_23ReviewSubmissionRequestEENKUlhE_clEh
FN:73,81,_ZNK3cms8services13ReviewService20CountReviewsForPaperEi
FN:8,15,_ZN3cms8services13ReviewService7IsBlankERKNSt7__cxx1112basic_stringIcSt11char_traitsIcESaIcEEE
FN:83,91,_ZNK3cms8services13ReviewService26HasReviewForPaperByRefereeEiRKNSt7__cxx1112basic_stringIcSt11char_traitsIcESaIcEEE
FN:93,93,_ZNK3cms8services13ReviewService23EditorNotificationCountEv
FN:95,103,_ZNK3cms8services13ReviewService18GetReviewsForPaperEi
FNDA:80,_ZN3cms8services13ReviewService14NormalizeEmailERKNSt7__cxx1112basic_stringIcSt11char_traitsIcESaIcEEE
FNDA:1370,_ZZN3cms8services13ReviewService14NormalizeEmailERKNSt7__cxx1112basic_stringIcSt11char_traitsIcESaIcEEEENKUlhE_clEh
FNDA:41,_ZN3cms8services13ReviewService17IsValidReviewDataERKNS0_23ReviewSubmissionRequestE
FNDA:245,_ZZN3cms8services13ReviewService17IsValidReviewDataERKNS0_23ReviewSubmissionRequestEENKUlhE_clEh
FNDA:44,_ZN3cms8services13ReviewService12SubmitReviewERKNS0_23ReviewSubmissionRequestE
FNDA:234,_ZZN3cms8services13ReviewService12SubmitReviewERKNS0_23ReviewSubmissionRequestEENKUlhE_clEh
FNDA:12,_ZNK3cms8services13ReviewService20CountReviewsForPaperEi
FNDA:131,_ZN3cms8services13ReviewService7IsBlankERKNSt7__cxx1112basic_stringIcSt11char_traitsIcESaIcEEE
FNDA:40,_ZNK3cms8services13ReviewService26HasReviewForPaperByRefereeEiRKNSt7__cxx1112basic_stringIcSt11char_traitsIcESaIcEEE
FNDA:1,_ZNK3cms8services13ReviewService23EditorNotificationCountEv
FNDA:1,_ZNK3cms8services13ReviewService18GetReviewsForPaperEi
FNF:11
FNH:11
DA:8,131
DA:9,131
DA:10,130
DA:11,130
DA:14,1
DA:17,80
DA:18,80
DA:19,80
DA:20,1370
DA:21,80
DA:24,41
DA:25,41
DA:26,41
DA:27,245
DA:28,41
DA:29,1
DA:33,40
DA:34,0
DA:37,40
DA:38,41
DA:40,44
DA:41,87
DA:42,43
DA:43,1
DA:46,43
DA:47,2
DA:50,41
DA:51,1
DA:54,40
DA:55,40
DA:56,0
DA:59,40
DA:60,1
DA:63,39
DA:64,39
DA:65,234
DA:66,39
DA:67,39
DA:68,39
DA:69,39
DA:70,39
DA:71,132
DA:73,12
DA:74,12
DA:75,96
DA:76,84
DA:77,34
DA:80,12
DA:83,40
DA:84,40
DA:85,227
DA:86,188
DA:87,1
DA:90,39
DA:91,40
DA:93,1
DA:95,1
DA:96,1
DA:97,2
DA:98,1
DA:99,1
DA:102,1
DA:103,0
LF:63
LH:60
end_of_record
TN:
SF:/home/nermy/Desktop/ECE493-Lab/src/services/review_service.hpp
FN:37,37,_ZN3cms8services13ReviewServiceC2EPNS0_14RefereeServiceE
FNDA:5,_ZN3cms8services13ReviewServiceC2EPNS0_14RefereeServiceE
FNF:1
FNH:1
DA:37,5
LF:1
LH:1
end_of_record
TN:
SF:/home/nermy/Desktop/ECE493-Lab/src/services/schedule_service.cpp
FN:123,154,_ZN3cms8services15ScheduleService19EditCurrentScheduleERKNS0_19ScheduleEditRequestE
FN:156,158,_ZNK3cms8services15ScheduleService18GetCurrentScheduleEv
FN:160,165,_ZNK3cms8services15ScheduleService22GetCurrentScheduleHtmlB5cxx11Ev
FN:17,23,_ZN3cms8services15ScheduleService14BuildTimeSlotsB5cxx11Ei
FN:25,34,_ZN3cms8services15ScheduleService10RenderHtmlB5cxx11ERKSt6vectorINS_6models12ScheduleItemESaIS4_EE
FN:36,42,_ZN3cms8services15ScheduleService11InputsMatchERKSt6vectorIiSaIiEERKNS0_23ScheduleGenerateRequestES6_ii
FN:44,52,_ZN3cms8services15ScheduleService14NormalizeItemsERKSt6vectorINS_6models12ScheduleItemESaIS4_EE
FN:48,50,_ZZN3cms8services15ScheduleService14NormalizeItemsERKSt6vectorINS_6models12ScheduleItemESaIS4_EEENKUlRKS4_SA_E_clESA_SA_
FN:54,72,_ZN3cms8services15ScheduleService13ItemsConflictERKSt6vectorINS_6models12ScheduleItemESaIS4_EE
FN:74,121,_ZN3cms8services15ScheduleService16GenerateScheduleERKNS0_23ScheduleGenerateRequestE
FN:9,15,_ZN3cms8services15ScheduleService14BuildRoomNamesB5cxx11Ei
FNDA:5,_ZN3cms8services15ScheduleService19EditCurrentScheduleERKNS0_19ScheduleEditRequestE
FNDA:9,_ZNK3cms8services15ScheduleService18GetCurrentScheduleEv
FNDA:0,_ZNK3cms8services15ScheduleService22GetCurrentScheduleHtmlB5cxx11Ev
FNDA:2,_ZN3cms8services15ScheduleService14BuildTimeSlotsB5cxx11Ei
FNDA:4,_ZN3cms8services15ScheduleService10RenderHtmlB5cxx11ERKSt6vectorINS_6models12ScheduleItemESaIS4_EE
FNDA:2,_ZN3cms8services15ScheduleService11InputsMatchERKSt6vectorIiSaIiEERKNS0_23ScheduleGenerateRequestES6_ii
FNDA:8,_ZN3cms8services15ScheduleService14NormalizeItemsERKSt6vectorINS_6models12ScheduleItemESaIS4_EE
FNDA:16,_ZZN3cms8services15ScheduleService14NormalizeItemsERKSt6vectorINS_6models12ScheduleItemESaIS4_EEENKUlRKS4_SA_E_clESA_SA_
FNDA:3,_ZN3cms8services15ScheduleService13ItemsConflictERKSt6vectorINS_6models12ScheduleItemESaIS4_EE
FNDA:7,_ZN3cms8services15ScheduleService16GenerateScheduleERKNS0_23ScheduleGenerateRequestE
FNDA:2,_ZN3cms8services15ScheduleService14BuildRoomNamesB5cxx11Ei
FNF:11
FNH:10
DA:9,2
DA:10,2
DA:11,6
DA:12,4
DA:14,2
DA:15,0
DA:17,2
DA:18,2
DA:19,6
DA:20,4
DA:22,2
DA:23,0
DA:25,4
DA:26,4
DA:27,4
DA:28,12
DA:29,8
DA:30,8
DA:32,4
DA:33,8
DA:34,4
DA:36,2
DA:40,4
DA:41,4
DA:44,8
DA:46,8
DA:47,8
DA:48,16
DA:49,16
DA:51,8
DA:52,0
DA:54,3
DA:55,3
DA:56,3
DA:58,8
DA:59,6
DA:60,1
DA:62,6
DA:63,0
DA:65,6
DA:66,6
DA:67,1
DA:69,6
DA:71,2
DA:72,3
DA:74,7
DA:75,7
DA:76,7
DA:78,1
DA:81,6
DA:83,0
DA:86,6
DA:87,6
DA:89,1
DA:92,5
DA:93,1
DA:96,6
DA:97,2
DA:100,8
DA:103,2
DA:104,2
DA:106,2
DA:107,2
DA:108,6
DA:109,4
DA:110,4
DA:111,8
DA:114,2
DA:115,2
DA:116,2
DA:117,2
DA:118,2
DA:120,4
DA:121,28
DA:123,5
DA:124,5
DA:125,0
DA:127,5
DA:128,1
DA:131,4
DA:132,4
DA:134,4
DA:135,2
DA:136,3
DA:139,3
DA:141,1
DA:144,6
DA:145,4
DA:147,0
DA:151,2
DA:152,2
DA:153,4
DA:154,17
DA:156,9
DA:157,9
DA:160,0
DA:161,0
DA:162,0
DA:164,0
LF:99
LH:88
end_of_record
TN:
SF:/home/nermy/Desktop/ECE493-Lab/src/services/schedule_service.hpp
FN:54,54,_ZN3cms8services15ScheduleServiceC2EPNS0_12PaperServiceE
FNDA:4,_ZN3cms8services15ScheduleServiceC2EPNS0_12PaperServiceE
FNF:1
FNH:1
DA:54,4
LF:1
LH:1
end_of_record
TN:
SF:/home/nermy/Desktop/ECE493-Lab/src/services/session_service.cpp
FN:11,11,_ZNK3cms8services14SessionService15IsSessionActiveERKNSt7__cxx1112basic_stringIcSt11char_traitsIcESaIcEEE
FN:13,19,_ZNK3cms8services14SessionService19GetUserIdForSessionERKNSt7__cxx1112basic_stringIcSt11char_traitsIcESaIcEEE
FN:21,29,_ZNK3cms8services14SessionService23HasActiveSessionForUserEi
FN:31,31,_ZNK3cms8services14SessionService12SessionCountEv
FN:5,9,_ZN3cms8services14SessionService13CreateSessionB5cxx11Ei
FNDA:2,_ZNK3cms8services14SessionService15IsSessionActiveERKNSt7__cxx1112basic_stringIcSt11char_traitsIcESaIcEEE
FNDA:31,_ZNK3cms8services14SessionService19GetUserIdForSessionERKNSt7__cxx1112basic_stringIcSt11char_traitsIcESaIcEEE
FNDA:0,_ZNK3cms8services14SessionService23HasActiveSessionForUserEi
FNDA:0,_ZNK3cms8services14SessionService12SessionCountEv
FNDA:9,_ZN3cms8services14SessionService13CreateSessionB5cxx11Ei
FNF:5
FNH:3
DA:5,9
DA:6,9
DA:7,9
DA:8,9
DA:9,0
DA:11,2
DA:13,31
DA:14,31
DA:15,31
DA:16,1
DA:18,30
DA:21,0
DA:22,0
DA:24,0
DA:25,0
DA:28,0
DA:31,0
LF:17
LH:10
end_of_record
TN:
SF:/home/nermy/Desktop/ECE493-Lab/src/services/user_repository.cpp
FN:11,11,_ZZN3cms8services14UserRepository9NormalizeERKNSt7__cxx1112basic_stringIcSt11char_traitsIcESaIcEEEENKUlhE_clEh
FN:15,17,_ZNK3cms8services14UserRepository11EmailExistsERKNSt7__cxx1112basic_stringIcSt11char_traitsIcESaIcEEE
FN:19,26,_ZNK3cms8services14UserRepository11FindByEmailERKNSt7__cxx1112basic_stringIcSt11char_traitsIcESaIcEEE
FN:28,36,_ZNK3cms8services14UserRepository14FindByUsernameERKNSt7__cxx1112basic_stringIcSt11char_traitsIcESaIcEEE
FN:38,46,_ZNK3cms8services14UserRepository8FindByIdEi
FN:48,68,_ZN3cms8services14UserRepository22UpdatePasswordByUserIdEiRKNSt7__cxx1112basic_stringIcSt11char_traitsIcESaIcEEE
FN:70,78,_ZN3cms8services14UserRepository6CreateERKNSt7__cxx1112basic_stringIcSt11char_traitsIcESaIcEEES9_S9_S9_
FN:8,13,_ZN3cms8services14UserRepository9NormalizeERKNSt7__cxx1112basic_stringIcSt11char_traitsIcESaIcEEE
FNDA:520,_ZZN3cms8services14UserRepository9NormalizeERKNSt7__cxx1112basic_stringIcSt11char_traitsIcESaIcEEEENKUlhE_clEh
FNDA:11,_ZNK3cms8services14UserRepository11EmailExistsERKNSt7__cxx1112basic_stringIcSt11char_traitsIcESaIcEEE
FNDA:1,_ZNK3cms8services14UserRepository11FindByEmailERKNSt7__cxx1112basic_stringIcSt11char_traitsIcESaIcEEE
FNDA:14,_ZNK3cms8services14UserRepository14FindByUsernameERKNSt7__cxx1112basic_stringIcSt11char_traitsIcESaIcEEE
FNDA:4,_ZNK3cms8services14UserRepository8FindByIdEi
FNDA:1,_ZN3cms8services14UserRepository22UpdatePasswordByUserIdEiRKNSt7__cxx1112basic_stringIcSt11char_traitsIcESaIcEEE
FNDA:9,_ZN3cms8services14UserRepository6CreateERKNSt7__cxx1112basic_stringIcSt11char_traitsIcESaIcEEES9_S9_S9_
FNDA:44,_ZN3cms8services14UserRepository9NormalizeERKNSt7__cxx1112basic_stringIcSt11char_traitsIcESaIcEEE
FNF:8
FNH:8
DA:8,44
DA:9,44
DA:10,44
DA:11,520
DA:12,44
DA:15,11
DA:16,11
DA:19,1
DA:20,1
DA:21,1
DA:22,1
DA:23,0
DA:25,1
DA:26,1
DA:28,14
DA:30,14
DA:31,14
DA:32,14
DA:33,2
DA:35,12
DA:36,14
DA:38,4
DA:39,4
DA:41,4
DA:42,4
DA:45,0
DA:48,1
DA:49,1
DA:51,2
DA:53,1
DA:54,1
DA:55,1
DA:59,2
DA:61,1
DA:62,1
DA:63,1
DA:67,1
DA:70,9
DA:73,9
DA:74,9
DA:75,9
DA:76,9
DA:77,9
DA:78,0
LF:44
LH:41
end_of_record
